This file contains any messages produced by compilers while
running configure, to aid debugging if configure makes a mistake.

It was created by configure, which was
generated by GNU Autoconf 2.64.  Invocation command line was

  $ /Users/tsujiyuuki/Dropbox/For_Programming/12step/build/gcc-4.7.1/zlib/configure --cache-file=./config.cache -disable-nls --disable-threads --disable-shared --disable-werror --prefix=/Users/tsujiyuuki/Dropbox/For_Programming/12step/tools --with-gmp=/Users/tsujiyuuki/Dropbox/For_Programming/12step/tools/gmp --with-mpfr=/Users/tsujiyuuki/Dropbox/For_Programming/12step/tools/mpfr --with-mpc=/usr/local/mpc --enable-languages=c,lto --program-transform-name=s&^&h8300-elf-& --disable-option-checking --build=x86_64-apple-darwin14.4.0 --host=x86_64-apple-darwin14.4.0 --target=h8300-elf --srcdir=../.././zlib

## --------- ##
## Platform. ##
## --------- ##

hostname = tsujiyuuki-no-MacBook-Pro.local
uname -m = x86_64
uname -r = 14.4.0
uname -s = Darwin
uname -v = Darwin Kernel Version 14.4.0: Thu May 28 11:35:04 PDT 2015; root:xnu-2782.30.5~1/RELEASE_X86_64

/usr/bin/uname -p = i386
/bin/uname -X     = unknown

/bin/arch              = unknown
/usr/bin/arch -k       = unknown
/usr/convex/getsysinfo = unknown
/usr/bin/hostinfo      = Mach kernel version:
	 Darwin Kernel Version 14.4.0: Thu May 28 11:35:04 PDT 2015; root:xnu-2782.30.5~1/RELEASE_X86_64
Kernel configured for up to 8 processors.
4 processors are physically available.
8 processors are logically available.
Processor type: x86_64h (Intel x86-64h Haswell)
Processors active: 0 1 2 3 4 5 6 7
Primary memory available: 16.00 gigabytes
Default processor set: 259 tasks, 1486 threads, 8 processors
Load average: 3.96, Mach factor: 4.04
/bin/machine           = unknown
/usr/bin/oslevel       = unknown
/bin/universe          = unknown

PATH: /Users/tsujiyuuki/.rbenv/bin
PATH: /Users/tsujiyuuki/pylearn2/pylearn2/scripts
PATH: //Users/tsujiyuuki/Dropbox/For_Programming/12step/tools/bin
PATH: /usr/local/bin
PATH: /usr/local/bin
PATH: /usr/local/bin
PATH: /usr/local/bin
PATH: /usr/local/bin
PATH: /usr/local/bin
PATH: /usr/bin
PATH: /bin
PATH: /usr/sbin
PATH: /sbin
PATH: /opt/X11/bin
PATH: /usr/texbin


## ----------- ##
## Core tests. ##
## ----------- ##

configure:2103: creating cache ./config.cache
configure:2246: checking build system type
configure:2260: result: x86_64-apple-darwin14.4.0
configure:2280: checking host system type
configure:2293: result: x86_64-apple-darwin14.4.0
configure:2313: checking target system type
configure:2326: result: h8300-unknown-elf
configure:2374: checking for a BSD-compatible install
configure:2442: result: /usr/bin/install -c
configure:2453: checking whether build environment is sane
configure:2503: result: yes
configure:2644: checking for a thread-safe mkdir -p
configure:2683: result: ../.././zlib/../install-sh -c -d
configure:2696: checking for gawk
configure:2723: result: awk
configure:2734: checking whether /Applications/Xcode.app/Contents/Developer/usr/bin/make sets $(MAKE)
configure:2756: result: yes
configure:2838: checking whether to enable maintainer-specific portions of Makefiles
configure:2847: result: no
configure:2918: checking for x86_64-apple-darwin14.4.0-gcc
configure:2945: result: gcc
configure:3214: checking for C compiler version
configure:3223: gcc --version >&5
Apple LLVM version 6.1.0 (clang-602.0.49) (based on LLVM 3.6.0svn)
Target: x86_64-apple-darwin14.4.0
Thread model: posix
Configured with: --prefix=/Applications/Xcode.app/Contents/Developer/usr --with-gxx-include-dir=/usr/include/c++/4.2.1
configure:3234: $? = 0
configure:3223: gcc -v >&5
Configured with: --prefix=/Applications/Xcode.app/Contents/Developer/usr --with-gxx-include-dir=/usr/include/c++/4.2.1
Apple LLVM version 6.1.0 (clang-602.0.49) (based on LLVM 3.6.0svn)
Target: x86_64-apple-darwin14.4.0
Thread model: posix
configure:3234: $? = 0
configure:3223: gcc -V >&5
clang: error: argument to '-V' is missing (expected 1 value)
clang: error: no input files
configure:3234: $? = 1
configure:3223: gcc -qversion >&5
clang: error: unknown argument: '-qversion'
clang: error: no input files
configure:3234: $? = 1
configure:3250: gcc -o conftest -g -O2    conftest.c  >&5
configure:3253: $? = 0
configure:3282: checking for C compiler default output file name
configure:3304: gcc -g -O2    conftest.c  >&5
configure:3308: $? = 0
configure:3345: result: a.out
configure:3361: checking whether the C compiler works
configure:3370: ./a.out
configure:3374: $? = 0
configure:3389: result: yes
configure:3396: checking whether we are cross compiling
configure:3398: result: no
configure:3401: checking for suffix of executables
configure:3408: gcc -o conftest -g -O2    conftest.c  >&5
configure:3412: $? = 0
configure:3434: result: 
configure:3441: checking for suffix of object files
configure:3463: gcc -c -g -O2  conftest.c >&5
configure:3467: $? = 0
configure:3488: result: o
configure:3492: checking whether we are using the GNU C compiler
configure:3511: gcc -c -g -O2  conftest.c >&5
configure:3511: $? = 0
configure:3520: result: yes
configure:3529: checking whether gcc accepts -g
configure:3549: gcc -c -g  conftest.c >&5
configure:3549: $? = 0
configure:3590: result: yes
configure:3607: checking for gcc option to accept ISO C89
configure:3671: gcc  -c -g -O2  conftest.c >&5
configure:3671: $? = 0
configure:3684: result: none needed
configure:3715: checking for style of include used by /Applications/Xcode.app/Contents/Developer/usr/bin/make
configure:3743: result: GNU
configure:3768: checking dependency style of gcc
configure:3878: result: gcc3
configure:3943: checking how to print strings
configure:3970: result: printf
configure:3991: checking for a sed that does not truncate output
configure:4055: result: /usr/bin/sed
configure:4073: checking for grep that handles long lines and -e
configure:4131: result: /usr/bin/grep
configure:4136: checking for egrep
configure:4198: result: /usr/bin/grep -E
configure:4203: checking for fgrep
configure:4265: result: /usr/bin/grep -F
configure:4300: checking for ld used by gcc
configure:4367: result: /Applications/Xcode.app/Contents/Developer/Toolchains/XcodeDefault.xctoolchain/usr/bin/ld
configure:4374: checking if the linker (/Applications/Xcode.app/Contents/Developer/Toolchains/XcodeDefault.xctoolchain/usr/bin/ld) is GNU ld
configure:4389: result: no
configure:4401: checking for BSD- or MS-compatible name lister (nm)
configure:4450: result: nm
configure:4580: checking the name lister (nm) interface
configure:4587: gcc -c -g -O2  conftest.c >&5
configure:4590: nm "conftest.o"
configure:4593: output
0000000000000228 S _some_variable
configure:4600: result: BSD nm
configure:4603: checking whether ln -s works
configure:4607: result: yes
configure:4615: checking the maximum length of command line arguments
configure:4740: result: 196608
configure:4757: checking whether the shell understands some XSI constructs
configure:4767: result: yes
configure:4771: checking whether the shell understands "+="
configure:4777: result: yes
configure:4812: checking for /Applications/Xcode.app/Contents/Developer/Toolchains/XcodeDefault.xctoolchain/usr/bin/ld option to reload object files
configure:4819: result: -r
configure:4848: checking for x86_64-apple-darwin14.4.0-objdump
configure:4875: result: objdump
configure:4947: checking how to recognize dependent libraries
configure:5148: result: pass_all
configure:5168: checking for x86_64-apple-darwin14.4.0-ar
configure:5195: result: ar
configure:5273: checking for x86_64-apple-darwin14.4.0-strip
configure:5303: result: no
configure:5313: checking for strip
configure:5329: found /usr/bin/strip
configure:5340: result: strip
configure:5372: checking for x86_64-apple-darwin14.4.0-ranlib
configure:5399: result: ranlib
configure:5541: checking command to parse nm output from gcc object
configure:5659: gcc -c -g -O2  conftest.c >&5
configure:5662: $? = 0
configure:5666: nm conftest.o \| sed -n -e 's/^.*[ ]\([BCDEGRST][BCDEGRST]*\)[ ][ ]*\([_A-Za-z][_A-Za-z0-9]*\)$/\1 \2 \2/p' \> conftest.nm
configure:5669: $? = 0
cannot find nm_test_var in conftest.nm
configure:5659: gcc -c -g -O2  conftest.c >&5
configure:5662: $? = 0
configure:5666: nm conftest.o \| sed -n -e 's/^.*[ ]\([BCDEGRST][BCDEGRST]*\)[ ][ ]*_\([_A-Za-z][_A-Za-z0-9]*\)$/\1 _\2 \2/p' \> conftest.nm
configure:5669: $? = 0
configure:5723: gcc -o conftest -g -O2    conftest.c conftstm.o >&5
configure:5726: $? = 0
configure:5764: result: ok
configure:5992: checking for x86_64-apple-darwin14.4.0-dsymutil
configure:6022: result: no
configure:6032: checking for dsymutil
configure:6048: found /usr/bin/dsymutil
configure:6059: result: dsymutil
configure:6084: checking for x86_64-apple-darwin14.4.0-nmedit
configure:6114: result: no
configure:6124: checking for nmedit
configure:6140: found /usr/bin/nmedit
configure:6151: result: nmedit
configure:6176: checking for x86_64-apple-darwin14.4.0-lipo
configure:6206: result: no
configure:6216: checking for lipo
configure:6232: found /usr/bin/lipo
configure:6243: result: lipo
configure:6268: checking for x86_64-apple-darwin14.4.0-otool
configure:6298: result: no
configure:6308: checking for otool
configure:6324: found /usr/bin/otool
configure:6335: result: otool
configure:6360: checking for x86_64-apple-darwin14.4.0-otool64
configure:6390: result: no
configure:6400: checking for otool64
configure:6430: result: no
configure:6475: checking for -single_module linker flag
gcc -g -O2   -o libconftest.dylib -dynamiclib -Wl,-single_module conftest.c
configure:6502: result: yes
configure:6504: checking for -exported_symbols_list linker flag
configure:6527: gcc -o conftest -g -O2    -Wl,-exported_symbols_list,conftest.sym conftest.c  >&5
configure:6527: $? = 0
configure:6537: result: yes
configure:6539: checking for -force_load linker flag
gcc -g -O2 -c -o conftest.o conftest.c
ar cru libconftest.a conftest.o
gcc -g -O2   -o conftest conftest.c -Wl,-force_load,./libconftest.a
configure:6567: result: yes
configure:6609: checking how to run the C preprocessor
configure:6640: gcc -E  conftest.c
configure:6640: $? = 0
configure:6654: gcc -E  conftest.c
conftest.c:11:10: fatal error: 'ac_nonexistent.h' file not found
#include <ac_nonexistent.h>
         ^
1 error generated.
configure:6654: $? = 1
configure: failed program was:
| /* confdefs.h */
| #define PACKAGE_NAME ""
| #define PACKAGE_TARNAME ""
| #define PACKAGE_VERSION ""
| #define PACKAGE_STRING ""
| #define PACKAGE_BUGREPORT ""
| #define PACKAGE_URL ""
| #define PACKAGE "zlib"
| #define VERSION "1.1.4"
| /* end confdefs.h.  */
| #include <ac_nonexistent.h>
configure:6679: result: gcc -E
configure:6699: gcc -E  conftest.c
configure:6699: $? = 0
configure:6713: gcc -E  conftest.c
conftest.c:11:10: fatal error: 'ac_nonexistent.h' file not found
#include <ac_nonexistent.h>
         ^
1 error generated.
configure:6713: $? = 1
configure: failed program was:
| /* confdefs.h */
| #define PACKAGE_NAME ""
| #define PACKAGE_TARNAME ""
| #define PACKAGE_VERSION ""
| #define PACKAGE_STRING ""
| #define PACKAGE_BUGREPORT ""
| #define PACKAGE_URL ""
| #define PACKAGE "zlib"
| #define VERSION "1.1.4"
| /* end confdefs.h.  */
| #include <ac_nonexistent.h>
configure:6742: checking for ANSI C header files
configure:6762: gcc -c -g -O2  conftest.c >&5
configure:6762: $? = 0
configure:6835: gcc -o conftest -g -O2    conftest.c  >&5
configure:6835: $? = 0
configure:6835: ./conftest
configure:6835: $? = 0
configure:6846: result: yes
configure:6859: checking for sys/types.h
configure:6859: gcc -c -g -O2  conftest.c >&5
configure:6859: $? = 0
configure:6859: result: yes
configure:6859: checking for sys/stat.h
configure:6859: gcc -c -g -O2  conftest.c >&5
configure:6859: $? = 0
configure:6859: result: yes
configure:6859: checking for stdlib.h
configure:6859: gcc -c -g -O2  conftest.c >&5
configure:6859: $? = 0
configure:6859: result: yes
configure:6859: checking for string.h
configure:6859: gcc -c -g -O2  conftest.c >&5
configure:6859: $? = 0
configure:6859: result: yes
configure:6859: checking for memory.h
configure:6859: gcc -c -g -O2  conftest.c >&5
configure:6859: $? = 0
configure:6859: result: yes
configure:6859: checking for strings.h
configure:6859: gcc -c -g -O2  conftest.c >&5
configure:6859: $? = 0
configure:6859: result: yes
configure:6859: checking for inttypes.h
configure:6859: gcc -c -g -O2  conftest.c >&5
configure:6859: $? = 0
configure:6859: result: yes
configure:6859: checking for stdint.h
configure:6859: gcc -c -g -O2  conftest.c >&5
configure:6859: $? = 0
configure:6859: result: yes
configure:6859: checking for unistd.h
configure:6859: gcc -c -g -O2  conftest.c >&5
configure:6859: $? = 0
configure:6859: result: yes
configure:6874: checking for dlfcn.h
configure:6874: gcc -c -g -O2  conftest.c >&5
configure:6874: $? = 0
configure:6874: result: yes
configure:7061: checking for objdir
configure:7076: result: .libs
configure:7347: checking if gcc supports -fno-rtti -fno-exceptions
configure:7365: gcc -c -g -O2  -fno-rtti -fno-exceptions conftest.c >&5
configure:7369: $? = 0
configure:7382: result: yes
configure:7402: checking for gcc option to produce PIC
configure:7687: result: -fno-common -DPIC
configure:7699: checking if gcc PIC flag -fno-common -DPIC works
configure:7717: gcc -c -g -O2  -fno-common -DPIC -DPIC conftest.c >&5
configure:7721: $? = 0
configure:7734: result: yes
configure:7758: checking if gcc static flag -static works
configure:7786: result: no
configure:7801: checking if gcc supports -c -o file.o
configure:7822: gcc -c -g -O2  -o out/conftest2.o conftest.c >&5
configure:7826: $? = 0
configure:7848: result: yes
configure:7856: checking if gcc supports -c -o file.o
configure:7903: result: yes
configure:7936: checking whether the gcc linker (/Applications/Xcode.app/Contents/Developer/Toolchains/XcodeDefault.xctoolchain/usr/bin/ld) supports shared libraries
configure:9016: result: yes
configure:9261: checking dynamic linker characteristics
configure:9937: result: darwin14.4.0 dyld
configure:10044: checking how to hardcode library paths into programs
configure:10069: result: immediate
configure:10624: checking whether stripping libraries is possible
configure:10638: result: yes
configure:10664: checking if libtool supports shared libraries
configure:10666: result: yes
configure:10669: checking whether to build shared libraries
configure:10690: result: no
configure:10693: checking whether to build static libraries
configure:10697: result: yes
configure:10740: checking how to run the C preprocessor
configure:10810: result: gcc -E
configure:10830: gcc -E  conftest.c
configure:10830: $? = 0
configure:10844: gcc -E  conftest.c
conftest.c:23:10: fatal error: 'ac_nonexistent.h' file not found
#include <ac_nonexistent.h>
         ^
1 error generated.
configure:10844: $? = 1
configure: failed program was:
| /* confdefs.h */
| #define PACKAGE_NAME ""
| #define PACKAGE_TARNAME ""
| #define PACKAGE_VERSION ""
| #define PACKAGE_STRING ""
| #define PACKAGE_BUGREPORT ""
| #define PACKAGE_URL ""
| #define PACKAGE "zlib"
| #define VERSION "1.1.4"
| #define STDC_HEADERS 1
| #define HAVE_SYS_TYPES_H 1
| #define HAVE_SYS_STAT_H 1
| #define HAVE_STDLIB_H 1
| #define HAVE_STRING_H 1
| #define HAVE_MEMORY_H 1
| #define HAVE_STRINGS_H 1
| #define HAVE_INTTYPES_H 1
| #define HAVE_STDINT_H 1
| #define HAVE_UNISTD_H 1
| #define HAVE_DLFCN_H 1
| #define LT_OBJDIR ".libs/"
| /* end confdefs.h.  */
| #include <ac_nonexistent.h>
configure:10897: checking for stdlib.h
configure:10897: result: yes
configure:10897: checking for unistd.h
configure:10897: result: yes
configure:10910: checking for getpagesize
configure:10910: gcc -o conftest -g -O2    conftest.c  >&5
configure:10910: $? = 0
configure:10910: result: yes
configure:10919: checking for working mmap
configure:11056: gcc -o conftest -g -O2    conftest.c  >&5
configure:11056: $? = 0
configure:11056: ./conftest
configure:11056: $? = 0
configure:11066: result: yes
configure:11079: checking for memcpy
configure:11079: gcc -o conftest -g -O2    conftest.c  >&5
conftest.c:50:6: warning: incompatible redeclaration of library function 'memcpy' [-Wincompatible-library-redeclaration]
char memcpy ();
     ^
conftest.c:50:6: note: 'memcpy' is a builtin with type 'void *(void *, const void *, unsigned long)'
1 warning generated.
configure:11079: $? = 0
configure:11079: result: yes
configure:11079: checking for strerror
configure:11079: gcc -o conftest -g -O2    conftest.c  >&5
conftest.c:51:6: warning: incompatible redeclaration of library function 'strerror' [-Wincompatible-library-redeclaration]
char strerror ();
     ^
conftest.c:51:6: note: 'strerror' is a builtin with type 'char *(int)'
1 warning generated.
configure:11079: $? = 0
configure:11079: result: yes
configure:11145: checking for unistd.h
configure:11145: result: yes
configure:11258: updating cache ./config.cache
configure:11355: creating ./config.status

## ---------------------- ##
## Running config.status. ##
## ---------------------- ##

This file was extended by config.status, which was
generated by GNU Autoconf 2.64.  Invocation command line was

  CONFIG_FILES    = 
  CONFIG_HEADERS  = 
  CONFIG_LINKS    = 
  CONFIG_COMMANDS = 
  $ ./config.status 

on tsujiyuuki-no-MacBook-Pro.local

config.status:1011: creating Makefile
config.status:1167: executing default-1 commands
config.status:1167: executing depfiles commands
config.status:1167: executing libtool commands

## ---------------- ##
## Cache variables. ##
## ---------------- ##

ac_cv_build=x86_64-apple-darwin14.4.0
ac_cv_c_compiler_gnu=yes
ac_cv_env_CPPFLAGS_set=
ac_cv_env_CPPFLAGS_value=
ac_cv_env_CPP_set=
ac_cv_env_CPP_value=
ac_cv_env_build_alias_set=set
ac_cv_env_build_alias_value=x86_64-apple-darwin14.4.0
ac_cv_env_host_alias_set=set
ac_cv_env_host_alias_value=x86_64-apple-darwin14.4.0
ac_cv_env_target_alias_set=set
ac_cv_env_target_alias_value=h8300-elf
ac_cv_func_getpagesize=yes
ac_cv_func_memcpy=yes
ac_cv_func_mmap_fixed_mapped=yes
ac_cv_func_strerror=yes
ac_cv_header_dlfcn_h=yes
ac_cv_header_inttypes_h=yes
ac_cv_header_memory_h=yes
ac_cv_header_stdc=yes
ac_cv_header_stdint_h=yes
ac_cv_header_stdlib_h=yes
ac_cv_header_string_h=yes
ac_cv_header_strings_h=yes
ac_cv_header_sys_stat_h=yes
ac_cv_header_sys_types_h=yes
ac_cv_header_unistd_h=yes
ac_cv_host=x86_64-apple-darwin14.4.0
ac_cv_objext=o
ac_cv_path_EGREP='/usr/bin/grep -E'
ac_cv_path_FGREP='/usr/bin/grep -F'
ac_cv_path_GREP=/usr/bin/grep
ac_cv_path_SED=/usr/bin/sed
ac_cv_prog_AR=ar
ac_cv_prog_AWK=awk
ac_cv_prog_CC=gcc
ac_cv_prog_CPP='gcc -E'
ac_cv_prog_OBJDUMP=objdump
ac_cv_prog_RANLIB=ranlib
ac_cv_prog_ac_ct_DSYMUTIL=dsymutil
ac_cv_prog_ac_ct_LIPO=lipo
ac_cv_prog_ac_ct_NMEDIT=nmedit
ac_cv_prog_ac_ct_OTOOL=otool
ac_cv_prog_ac_ct_STRIP=strip
ac_cv_prog_cc_c89=
ac_cv_prog_cc_g=yes
ac_cv_prog_make__Applications_Xcode_app_Contents_Developer_usr_bin_make_set=yes
ac_cv_target=h8300-unknown-elf
am_cv_CC_dependencies_compiler_type=gcc3
lt_cv_apple_cc_single_mod=yes
lt_cv_deplibs_check_method=pass_all
lt_cv_file_magic_cmd='$MAGIC_CMD'
lt_cv_file_magic_test_file=
lt_cv_ld_exported_symbols_list=yes
lt_cv_ld_force_load=yes
lt_cv_ld_reload_flag=-r
lt_cv_nm_interface='BSD nm'
lt_cv_objdir=.libs
lt_cv_path_LD=/Applications/Xcode.app/Contents/Developer/Toolchains/XcodeDefault.xctoolchain/usr/bin/ld
lt_cv_path_NM=nm
lt_cv_prog_compiler_c_o=yes
lt_cv_prog_compiler_pic_works=yes
lt_cv_prog_compiler_rtti_exceptions=yes
lt_cv_prog_compiler_static_works=no
lt_cv_prog_gnu_ld=no
lt_cv_sys_global_symbol_pipe='sed -n -e '\''s/^.*[	 ]\([BCDEGRST][BCDEGRST]*\)[	 ][	 ]*_\([_A-Za-z][_A-Za-z0-9]*\)$/\1 _\2 \2/p'\'''
lt_cv_sys_global_symbol_to_c_name_address='sed -n -e '\''s/^: \([^ ]*\) $/  {\"\1\", (void *) 0},/p'\'' -e '\''s/^[BCDEGRST]* \([^ ]*\) \([^ ]*\)$/  {"\2", (void *) \&\2},/p'\'''
lt_cv_sys_global_symbol_to_c_name_address_lib_prefix='sed -n -e '\''s/^: \([^ ]*\) $/  {\"\1\", (void *) 0},/p'\'' -e '\''s/^[BCDEGRST]* \([^ ]*\) \(lib[^ ]*\)$/  {"\2", (void *) \&\2},/p'\'' -e '\''s/^[BCDEGRST]* \([^ ]*\) \([^ ]*\)$/  {"lib\2", (void *) \&\2},/p'\'''
lt_cv_sys_global_symbol_to_cdecl='sed -n -e '\''s/^T .* \(.*\)$/extern int \1();/p'\'' -e '\''s/^[BCDEGRST]* .* \(.*\)$/extern char \1;/p'\'''
lt_cv_sys_max_cmd_len=196608

## ----------------- ##
## Output variables. ##
## ----------------- ##

ACLOCAL='${SHELL} /Users/tsujiyuuki/Dropbox/For_Programming/12step/build/gcc-4.7.1/missing --run aclocal-1.11'
AMDEPBACKSLASH='\'
AMDEP_FALSE='#'
AMDEP_TRUE=''
AMTAR='${SHELL} /Users/tsujiyuuki/Dropbox/For_Programming/12step/build/gcc-4.7.1/missing --run tar'
AR='ar'
AUTOCONF='${SHELL} /Users/tsujiyuuki/Dropbox/For_Programming/12step/build/gcc-4.7.1/missing --run autoconf'
AUTOHEADER='${SHELL} /Users/tsujiyuuki/Dropbox/For_Programming/12step/build/gcc-4.7.1/missing --run autoheader'
AUTOMAKE='${SHELL} /Users/tsujiyuuki/Dropbox/For_Programming/12step/build/gcc-4.7.1/missing --run automake-1.11'
AWK='awk'
CC='gcc'
CCDEPMODE='depmode=gcc3'
CFLAGS='-g -O2'
COMPPATH='.'
CPP='gcc -E'
CPPFLAGS=''
CYGPATH_W='echo'
DEFS='-DPACKAGE_NAME=\"\" -DPACKAGE_TARNAME=\"\" -DPACKAGE_VERSION=\"\" -DPACKAGE_STRING=\"\" -DPACKAGE_BUGREPORT=\"\" -DPACKAGE_URL=\"\" -DPACKAGE=\"zlib\" -DVERSION=\"1.1.4\" -DSTDC_HEADERS=1 -DHAVE_SYS_TYPES_H=1 -DHAVE_SYS_STAT_H=1 -DHAVE_STDLIB_H=1 -DHAVE_STRING_H=1 -DHAVE_MEMORY_H=1 -DHAVE_STRINGS_H=1 -DHAVE_INTTYPES_H=1 -DHAVE_STDINT_H=1 -DHAVE_UNISTD_H=1 -DHAVE_DLFCN_H=1 -DLT_OBJDIR=\".libs/\" -DHAVE_STDLIB_H=1 -DHAVE_UNISTD_H=1 -DHAVE_GETPAGESIZE=1 -DHAVE_MMAP=1 -DHAVE_MEMCPY=1 -DHAVE_STRERROR=1 -DHAVE_UNISTD_H=1'
DEPDIR='.deps'
DSYMUTIL='dsymutil'
DUMPBIN=''
ECHO_C='\c'
ECHO_N=''
ECHO_T=''
EGREP='/usr/bin/grep -E'
EXEEXT=''
FGREP='/usr/bin/grep -F'
GREP='/usr/bin/grep'
INSTALL_DATA='/usr/bin/install -c -m 644'
INSTALL_PROGRAM='/usr/bin/install -c'
INSTALL_SCRIPT='/usr/bin/install -c'
INSTALL_STRIP_PROGRAM='$(install_sh) -c -s'
LD='/Applications/Xcode.app/Contents/Developer/Toolchains/XcodeDefault.xctoolchain/usr/bin/ld'
LDFLAGS=' '
LIBOBJS=''
LIBS=''
LIBTOOL='$(SHELL) $(top_builddir)/libtool'
LIPO='lipo'
LN_S='ln -s'
LTLIBOBJS=''
MAINT='#'
MAINTAINER_MODE_FALSE=''
MAINTAINER_MODE_TRUE='#'
MAKEINFO='makeinfo --split-size=5000000'
MKDIR_P='../.././zlib/../install-sh -c -d'
NM='nm'
NMEDIT='nmedit'
OBJDUMP='objdump'
OBJEXT='o'
OTOOL64=':'
OTOOL='otool'
PACKAGE='zlib'
PACKAGE_BUGREPORT=''
PACKAGE_NAME=''
PACKAGE_STRING=''
PACKAGE_TARNAME=''
PACKAGE_URL=''
PACKAGE_VERSION=''
PATH_SEPARATOR=':'
RANLIB='ranlib'
SED='/usr/bin/sed'
SET_MAKE=''
SHELL='/bin/sh'
STRIP='strip'
TARGET_LIBRARY_FALSE=''
TARGET_LIBRARY_TRUE='#'
VERSION='1.1.4'
ac_ct_CC=''
ac_ct_DUMPBIN=''
am__EXEEXT_FALSE=''
am__EXEEXT_TRUE='#'
am__fastdepCC_FALSE='#'
am__fastdepCC_TRUE=''
am__include='include'
am__isrc=' -I$(srcdir)'
am__leading_dot='.'
am__quote=''
am__tar='${AMTAR} chof - "$$tardir"'
am__untar='${AMTAR} xf -'
bindir='${exec_prefix}/bin'
build='x86_64-apple-darwin14.4.0'
build_alias='x86_64-apple-darwin14.4.0'
build_cpu='x86_64'
build_os='darwin14.4.0'
build_vendor='apple'
datadir='${datarootdir}'
datarootdir='${prefix}/share'
docdir='${datarootdir}/doc/${PACKAGE}'
dvidir='${docdir}'
exec_prefix='${prefix}'
host='x86_64-apple-darwin14.4.0'
host_alias='x86_64-apple-darwin14.4.0'
host_cpu='x86_64'
host_os='darwin14.4.0'
host_vendor='apple'
htmldir='${docdir}'
includedir='${prefix}/include'
infodir='${datarootdir}/info'
install_sh='${SHELL} /Users/tsujiyuuki/Dropbox/For_Programming/12step/build/gcc-4.7.1/install-sh'
libdir='${exec_prefix}/lib'
libexecdir='${exec_prefix}/libexec'
localedir='${datarootdir}/locale'
localstatedir='${prefix}/var'
mandir='${datarootdir}/man'
mkdir_p='$(top_builddir)/../.././zlib/../install-sh -c -d'
mkinstalldirs='/Users/tsujiyuuki/Dropbox/For_Programming/12step/build/gcc-4.7.1/mkinstalldirs'
multi_basedir='../.././zlib/..'
oldincludedir='/usr/include'
pdfdir='${docdir}'
prefix='/Users/tsujiyuuki/Dropbox/For_Programming/12step/tools'
program_transform_name='s&^&h8300-elf-&'
psdir='${docdir}'
sbindir='${exec_prefix}/sbin'
sharedstatedir='${prefix}/com'
sysconfdir='${prefix}/etc'
target='h8300-unknown-elf'
target_alias='h8300-elf'
target_all='libzgcj.la'
target_cpu='h8300'
target_os='elf'
target_vendor='unknown'
toolexecdir='$(libdir)/gcc-lib/$(target_alias)'
toolexeclibdir='$(libdir)/'

## ----------- ##
## confdefs.h. ##
## ----------- ##

/* confdefs.h */
#define PACKAGE_NAME ""
#define PACKAGE_TARNAME ""
#define PACKAGE_VERSION ""
#define PACKAGE_STRING ""
#define PACKAGE_BUGREPORT ""
#define PACKAGE_URL ""
#define PACKAGE "zlib"
#define VERSION "1.1.4"
#define STDC_HEADERS 1
#define HAVE_SYS_TYPES_H 1
#define HAVE_SYS_STAT_H 1
#define HAVE_STDLIB_H 1
#define HAVE_STRING_H 1
#define HAVE_MEMORY_H 1
#define HAVE_STRINGS_H 1
#define HAVE_INTTYPES_H 1
#define HAVE_STDINT_H 1
#define HAVE_UNISTD_H 1
#define HAVE_DLFCN_H 1
#define LT_OBJDIR ".libs/"
#define HAVE_STDLIB_H 1
#define HAVE_UNISTD_H 1
#define HAVE_GETPAGESIZE 1
#define HAVE_MMAP 1
#define HAVE_MEMCPY 1
#define HAVE_STRERROR 1
#define HAVE_UNISTD_H 1

configure: exit 0
