This file contains any messages produced by compilers while
running configure, to aid debugging if configure makes a mistake.

It was created by mpc configure 0.9, which was
generated by GNU Autoconf 2.67.  Invocation command line was

  $ ./configure --prefix=/Users/tsujiyuuki/Dropbox/For_Programming/12step/tools/mpc --with-gmp=/Users/tsujiyuuki/Dropbox/For_Programming/12step/tools/gmp --with-mpfr=/Users/tsujiyuuki/Dropbox/For_Programming/12step/tools/mpfr

## --------- ##
## Platform. ##
## --------- ##

hostname = tsujiyuuki-no-MacBook-Pro.local
uname -m = x86_64
uname -r = 14.4.0
uname -s = Darwin
uname -v = Darwin Kernel Version 14.4.0: Thu May 28 11:35:04 PDT 2015; root:xnu-2782.30.5~1/RELEASE_X86_64

/usr/bin/uname -p = i386
/bin/uname -X     = unknown

/bin/arch              = unknown
/usr/bin/arch -k       = unknown
/usr/convex/getsysinfo = unknown
/usr/bin/hostinfo      = Mach kernel version:
	 Darwin Kernel Version 14.4.0: Thu May 28 11:35:04 PDT 2015; root:xnu-2782.30.5~1/RELEASE_X86_64
Kernel configured for up to 8 processors.
4 processors are physically available.
8 processors are logically available.
Processor type: x86_64h (Intel x86-64h Haswell)
Processors active: 0 1 2 3 4 5 6 7
Primary memory available: 16.00 gigabytes
Default processor set: 255 tasks, 1455 threads, 8 processors
Load average: 2.28, Mach factor: 5.71
/bin/machine           = unknown
/usr/bin/oslevel       = unknown
/bin/universe          = unknown

PATH: /Users/tsujiyuuki/.rbenv/bin
PATH: /Users/tsujiyuuki/pylearn2/pylearn2/scripts
PATH: //Users/tsujiyuuki/Dropbox/For_Programming/12step/tools/bin
PATH: /usr/local/bin
PATH: /usr/local/bin
PATH: /usr/local/bin
PATH: /usr/local/bin
PATH: /usr/local/bin
PATH: /usr/local/bin
PATH: /usr/bin
PATH: /bin
PATH: /usr/sbin
PATH: /sbin
PATH: /opt/X11/bin
PATH: /usr/texbin


## ----------- ##
## Core tests. ##
## ----------- ##

configure:2429: checking for a BSD-compatible install
configure:2497: result: /usr/bin/install -c
configure:2508: checking whether build environment is sane
configure:2558: result: yes
configure:2699: checking for a thread-safe mkdir -p
configure:2738: result: ./install-sh -c -d
configure:2751: checking for gawk
configure:2781: result: no
configure:2751: checking for mawk
configure:2781: result: no
configure:2751: checking for nawk
configure:2781: result: no
configure:2751: checking for awk
configure:2767: found /usr/bin/awk
configure:2778: result: awk
configure:2789: checking whether make sets $(MAKE)
configure:2811: result: yes
configure:2892: checking whether to enable maintainer-specific portions of Makefiles
configure:2901: result: no
configure:2919: checking build system type
configure:2933: result: x86_64-apple-darwin14.4.0
configure:2953: checking host system type
configure:2966: result: x86_64-apple-darwin14.4.0
configure:3113: checking for gcc
configure:3129: found /usr/bin/gcc
configure:3140: result: gcc
configure:3369: checking for C compiler version
configure:3378: gcc --version >&5
Apple LLVM version 6.1.0 (clang-602.0.49) (based on LLVM 3.6.0svn)
Target: x86_64-apple-darwin14.4.0
Thread model: posix
Configured with: --prefix=/Applications/Xcode.app/Contents/Developer/usr --with-gxx-include-dir=/usr/include/c++/4.2.1
configure:3389: $? = 0
configure:3378: gcc -v >&5
Configured with: --prefix=/Applications/Xcode.app/Contents/Developer/usr --with-gxx-include-dir=/usr/include/c++/4.2.1
Apple LLVM version 6.1.0 (clang-602.0.49) (based on LLVM 3.6.0svn)
Target: x86_64-apple-darwin14.4.0
Thread model: posix
configure:3389: $? = 0
configure:3378: gcc -V >&5
clang: error: argument to '-V' is missing (expected 1 value)
clang: error: no input files
configure:3389: $? = 1
configure:3378: gcc -qversion >&5
clang: error: unknown argument: '-qversion'
clang: error: no input files
configure:3389: $? = 1
configure:3409: checking whether the C compiler works
configure:3431: gcc  -I/Users/tsujiyuuki/Dropbox/For_Programming/12step/tools/gmp/include -I/Users/tsujiyuuki/Dropbox/For_Programming/12step/tools/mpfr/include  -L/Users/tsujiyuuki/Dropbox/For_Programming/12step/tools/gmp/lib -L/Users/tsujiyuuki/Dropbox/For_Programming/12step/tools/mpfr/lib  conftest.c  >&5
ld: warning: directory not found for option '-L/Users/tsujiyuuki/Dropbox/For_Programming/12step/tools/gmp/lib'
configure:3435: $? = 0
configure:3483: result: yes
configure:3486: checking for C compiler default output file name
configure:3488: result: a.out
configure:3494: checking for suffix of executables
configure:3501: gcc -o conftest  -I/Users/tsujiyuuki/Dropbox/For_Programming/12step/tools/gmp/include -I/Users/tsujiyuuki/Dropbox/For_Programming/12step/tools/mpfr/include  -L/Users/tsujiyuuki/Dropbox/For_Programming/12step/tools/gmp/lib -L/Users/tsujiyuuki/Dropbox/For_Programming/12step/tools/mpfr/lib  conftest.c  >&5
ld: warning: directory not found for option '-L/Users/tsujiyuuki/Dropbox/For_Programming/12step/tools/gmp/lib'
configure:3505: $? = 0
configure:3527: result: 
configure:3549: checking whether we are cross compiling
configure:3557: gcc -o conftest  -I/Users/tsujiyuuki/Dropbox/For_Programming/12step/tools/gmp/include -I/Users/tsujiyuuki/Dropbox/For_Programming/12step/tools/mpfr/include  -L/Users/tsujiyuuki/Dropbox/For_Programming/12step/tools/gmp/lib -L/Users/tsujiyuuki/Dropbox/For_Programming/12step/tools/mpfr/lib  conftest.c  >&5
ld: warning: directory not found for option '-L/Users/tsujiyuuki/Dropbox/For_Programming/12step/tools/gmp/lib'
configure:3561: $? = 0
configure:3568: ./conftest
configure:3572: $? = 0
configure:3587: result: no
configure:3592: checking for suffix of object files
configure:3614: gcc -c  -I/Users/tsujiyuuki/Dropbox/For_Programming/12step/tools/gmp/include -I/Users/tsujiyuuki/Dropbox/For_Programming/12step/tools/mpfr/include  conftest.c >&5
configure:3618: $? = 0
configure:3639: result: o
configure:3643: checking whether we are using the GNU C compiler
configure:3662: gcc -c  -I/Users/tsujiyuuki/Dropbox/For_Programming/12step/tools/gmp/include -I/Users/tsujiyuuki/Dropbox/For_Programming/12step/tools/mpfr/include  conftest.c >&5
configure:3662: $? = 0
configure:3671: result: yes
configure:3680: checking whether gcc accepts -g
configure:3700: gcc -c -g -I/Users/tsujiyuuki/Dropbox/For_Programming/12step/tools/gmp/include -I/Users/tsujiyuuki/Dropbox/For_Programming/12step/tools/mpfr/include  conftest.c >&5
configure:3700: $? = 0
configure:3741: result: yes
configure:3758: checking for gcc option to accept ISO C89
configure:3822: gcc  -c -g -O2 -I/Users/tsujiyuuki/Dropbox/For_Programming/12step/tools/gmp/include -I/Users/tsujiyuuki/Dropbox/For_Programming/12step/tools/mpfr/include  conftest.c >&5
configure:3822: $? = 0
configure:3835: result: none needed
configure:3866: checking for style of include used by make
configure:3894: result: GNU
configure:3919: checking dependency style of gcc
configure:4029: result: gcc3
configure:4051: checking for gmp.h
configure:4060: gcc -c -g -O2 -I/Users/tsujiyuuki/Dropbox/For_Programming/12step/tools/gmp/include -I/Users/tsujiyuuki/Dropbox/For_Programming/12step/tools/mpfr/include  conftest.c >&5
configure:4060: $? = 0
configure:4061: result: yes
configure:4073: checking for grep that handles long lines and -e
configure:4131: result: /usr/bin/grep
configure:4137: checking for CC and CFLAGS in gmp.h
configure:4144: checking how to run the C preprocessor
configure:4175: gcc -E -I/Users/tsujiyuuki/Dropbox/For_Programming/12step/tools/gmp/include -I/Users/tsujiyuuki/Dropbox/For_Programming/12step/tools/mpfr/include  conftest.c
configure:4175: $? = 0
configure:4189: gcc -E -I/Users/tsujiyuuki/Dropbox/For_Programming/12step/tools/gmp/include -I/Users/tsujiyuuki/Dropbox/For_Programming/12step/tools/mpfr/include  conftest.c
conftest.c:11:10: fatal error: 'ac_nonexistent.h' file not found
#include <ac_nonexistent.h>
         ^
1 error generated.
configure:4189: $? = 1
configure: failed program was:
| /* confdefs.h */
| #define PACKAGE_NAME "mpc"
| #define PACKAGE_TARNAME "mpc"
| #define PACKAGE_VERSION "0.9"
| #define PACKAGE_STRING "mpc 0.9"
| #define PACKAGE_BUGREPORT "mpc-discuss@lists.gforge.inria.fr"
| #define PACKAGE_URL ""
| #define PACKAGE "mpc"
| #define VERSION "0.9"
| /* end confdefs.h.  */
| #include <ac_nonexistent.h>
configure:4214: result: gcc -E
configure:4234: gcc -E -I/Users/tsujiyuuki/Dropbox/For_Programming/12step/tools/gmp/include -I/Users/tsujiyuuki/Dropbox/For_Programming/12step/tools/mpfr/include  conftest.c
configure:4234: $? = 0
configure:4248: gcc -E -I/Users/tsujiyuuki/Dropbox/For_Programming/12step/tools/gmp/include -I/Users/tsujiyuuki/Dropbox/For_Programming/12step/tools/mpfr/include  conftest.c
conftest.c:11:10: fatal error: 'ac_nonexistent.h' file not found
#include <ac_nonexistent.h>
         ^
1 error generated.
configure:4248: $? = 1
configure: failed program was:
| /* confdefs.h */
| #define PACKAGE_NAME "mpc"
| #define PACKAGE_TARNAME "mpc"
| #define PACKAGE_VERSION "0.9"
| #define PACKAGE_STRING "mpc 0.9"
| #define PACKAGE_BUGREPORT "mpc-discuss@lists.gforge.inria.fr"
| #define PACKAGE_URL ""
| #define PACKAGE "mpc"
| #define VERSION "0.9"
| /* end confdefs.h.  */
| #include <ac_nonexistent.h>
configure:4276: checking for egrep
configure:4338: result: /usr/bin/grep -E
configure:4343: checking for a sed that does not truncate output
configure:4407: result: /usr/bin/sed
configure:4427: result: yes CC=clang CFLAGS=-O2 -pedantic -fomit-frame-pointer -m64 -mtune=corei7 -march=corei7 -DNO_ASM
configure:4436: checking for CC=clang and CFLAGS=-O2 -pedantic -fomit-frame-pointer -m64 -mtune=corei7 -march=corei7 -DNO_ASM
configure:4449: clang -c -O2 -pedantic -fomit-frame-pointer -m64 -mtune=corei7 -march=corei7 -DNO_ASM -I/Users/tsujiyuuki/Dropbox/For_Programming/12step/tools/gmp/include -I/Users/tsujiyuuki/Dropbox/For_Programming/12step/tools/mpfr/include  conftest.c >&5
configure:4449: $? = 0
configure:4451: result: yes
configure:4479: clang -c -O2 -pedantic -fomit-frame-pointer -m64 -mtune=corei7 -march=corei7 -DNO_ASM -I/Users/tsujiyuuki/Dropbox/For_Programming/12step/tools/gmp/include -I/Users/tsujiyuuki/Dropbox/For_Programming/12step/tools/mpfr/include  conftest.c >&5
configure:4479: $? = 0
configure:4615: checking for a sed that does not truncate output
configure:4679: result: /usr/bin/sed
configure:4697: checking for fgrep
configure:4759: result: /usr/bin/grep -F
configure:4794: checking for ld used by clang
configure:4861: result: /Applications/Xcode.app/Contents/Developer/Toolchains/XcodeDefault.xctoolchain/usr/bin/ld
configure:4868: checking if the linker (/Applications/Xcode.app/Contents/Developer/Toolchains/XcodeDefault.xctoolchain/usr/bin/ld) is GNU ld
configure:4883: result: no
configure:4895: checking for BSD- or MS-compatible name lister (nm)
configure:4944: result: /usr/bin/nm
configure:5062: checking the name lister (/usr/bin/nm) interface
configure:5069: clang -c -O2 -pedantic -fomit-frame-pointer -m64 -mtune=corei7 -march=corei7 -DNO_ASM -I/Users/tsujiyuuki/Dropbox/For_Programming/12step/tools/gmp/include -I/Users/tsujiyuuki/Dropbox/For_Programming/12step/tools/mpfr/include  conftest.c >&5
configure:5072: /usr/bin/nm "conftest.o"
configure:5075: output
0000000000000000 S _some_variable
configure:5082: result: BSD nm
configure:5085: checking whether ln -s works
configure:5089: result: yes
configure:5097: checking the maximum length of command line arguments
configure:5217: result: 196608
configure:5234: checking whether the shell understands some XSI constructs
configure:5244: result: yes
configure:5248: checking whether the shell understands "+="
configure:5254: result: yes
configure:5289: checking for /Applications/Xcode.app/Contents/Developer/Toolchains/XcodeDefault.xctoolchain/usr/bin/ld option to reload object files
configure:5296: result: -r
configure:5365: checking for objdump
configure:5395: result: no
configure:5424: checking how to recognize dependent libraries
configure:5620: result: pass_all
configure:5680: checking for ar
configure:5696: found /usr/bin/ar
configure:5707: result: ar
configure:5785: checking for strip
configure:5801: found /usr/bin/strip
configure:5812: result: strip
configure:5884: checking for ranlib
configure:5900: found /usr/bin/ranlib
configure:5911: result: ranlib
configure:6001: checking command to parse /usr/bin/nm output from clang object
configure:6119: clang -c -O2 -pedantic -fomit-frame-pointer -m64 -mtune=corei7 -march=corei7 -DNO_ASM -I/Users/tsujiyuuki/Dropbox/For_Programming/12step/tools/gmp/include -I/Users/tsujiyuuki/Dropbox/For_Programming/12step/tools/mpfr/include  conftest.c >&5
configure:6122: $? = 0
configure:6126: /usr/bin/nm conftest.o \| sed -n -e 's/^.*[	 ]\([BCDEGRST][BCDEGRST]*\)[	 ][	 ]*\([_A-Za-z][_A-Za-z0-9]*\)$/\1 \2 \2/p' \> conftest.nm
configure:6129: $? = 0
cannot find nm_test_var in conftest.nm
configure:6119: clang -c -O2 -pedantic -fomit-frame-pointer -m64 -mtune=corei7 -march=corei7 -DNO_ASM -I/Users/tsujiyuuki/Dropbox/For_Programming/12step/tools/gmp/include -I/Users/tsujiyuuki/Dropbox/For_Programming/12step/tools/mpfr/include  conftest.c >&5
configure:6122: $? = 0
configure:6126: /usr/bin/nm conftest.o \| sed -n -e 's/^.*[	 ]\([BCDEGRST][BCDEGRST]*\)[	 ][	 ]*_\([_A-Za-z][_A-Za-z0-9]*\)$/\1 _\2 \2/p' \> conftest.nm
configure:6129: $? = 0
configure:6183: clang -o conftest -O2 -pedantic -fomit-frame-pointer -m64 -mtune=corei7 -march=corei7 -DNO_ASM -I/Users/tsujiyuuki/Dropbox/For_Programming/12step/tools/gmp/include -I/Users/tsujiyuuki/Dropbox/For_Programming/12step/tools/mpfr/include  -L/Users/tsujiyuuki/Dropbox/For_Programming/12step/tools/gmp/lib -L/Users/tsujiyuuki/Dropbox/For_Programming/12step/tools/mpfr/lib  conftest.c conftstm.o >&5
ld: warning: directory not found for option '-L/Users/tsujiyuuki/Dropbox/For_Programming/12step/tools/gmp/lib'
configure:6186: $? = 0
configure:6224: result: ok
configure:6488: checking for dsymutil
configure:6504: found /usr/bin/dsymutil
configure:6515: result: dsymutil
configure:6580: checking for nmedit
configure:6596: found /usr/bin/nmedit
configure:6607: result: nmedit
configure:6672: checking for lipo
configure:6688: found /usr/bin/lipo
configure:6699: result: lipo
configure:6764: checking for otool
configure:6780: found /usr/bin/otool
configure:6791: result: otool
configure:6856: checking for otool64
configure:6886: result: no
configure:6931: checking for -single_module linker flag
clang -O2 -pedantic -fomit-frame-pointer -m64 -mtune=corei7 -march=corei7 -DNO_ASM -L/Users/tsujiyuuki/Dropbox/For_Programming/12step/tools/gmp/lib -L/Users/tsujiyuuki/Dropbox/For_Programming/12step/tools/mpfr/lib  -o libconftest.dylib -dynamiclib -Wl,-single_module conftest.c
ld: warning: directory not found for option '-L/Users/tsujiyuuki/Dropbox/For_Programming/12step/tools/gmp/lib'
configure:6958: result: no
configure:6960: checking for -exported_symbols_list linker flag
configure:6980: clang -o conftest -O2 -pedantic -fomit-frame-pointer -m64 -mtune=corei7 -march=corei7 -DNO_ASM -I/Users/tsujiyuuki/Dropbox/For_Programming/12step/tools/gmp/include -I/Users/tsujiyuuki/Dropbox/For_Programming/12step/tools/mpfr/include  -L/Users/tsujiyuuki/Dropbox/For_Programming/12step/tools/gmp/lib -L/Users/tsujiyuuki/Dropbox/For_Programming/12step/tools/mpfr/lib  -Wl,-exported_symbols_list,conftest.sym conftest.c  >&5
ld: warning: directory not found for option '-L/Users/tsujiyuuki/Dropbox/For_Programming/12step/tools/gmp/lib'
configure:6980: $? = 0
configure:6990: result: yes
configure:7028: checking for ANSI C header files
configure:7048: clang -c -O2 -pedantic -fomit-frame-pointer -m64 -mtune=corei7 -march=corei7 -DNO_ASM -I/Users/tsujiyuuki/Dropbox/For_Programming/12step/tools/gmp/include -I/Users/tsujiyuuki/Dropbox/For_Programming/12step/tools/mpfr/include  conftest.c >&5
configure:7048: $? = 0
configure:7121: clang -o conftest -O2 -pedantic -fomit-frame-pointer -m64 -mtune=corei7 -march=corei7 -DNO_ASM -I/Users/tsujiyuuki/Dropbox/For_Programming/12step/tools/gmp/include -I/Users/tsujiyuuki/Dropbox/For_Programming/12step/tools/mpfr/include  -L/Users/tsujiyuuki/Dropbox/For_Programming/12step/tools/gmp/lib -L/Users/tsujiyuuki/Dropbox/For_Programming/12step/tools/mpfr/lib  conftest.c  >&5
ld: warning: directory not found for option '-L/Users/tsujiyuuki/Dropbox/For_Programming/12step/tools/gmp/lib'
configure:7121: $? = 0
configure:7121: ./conftest
configure:7121: $? = 0
configure:7132: result: yes
configure:7145: checking for sys/types.h
configure:7145: clang -c -O2 -pedantic -fomit-frame-pointer -m64 -mtune=corei7 -march=corei7 -DNO_ASM -I/Users/tsujiyuuki/Dropbox/For_Programming/12step/tools/gmp/include -I/Users/tsujiyuuki/Dropbox/For_Programming/12step/tools/mpfr/include  conftest.c >&5
configure:7145: $? = 0
configure:7145: result: yes
configure:7145: checking for sys/stat.h
configure:7145: clang -c -O2 -pedantic -fomit-frame-pointer -m64 -mtune=corei7 -march=corei7 -DNO_ASM -I/Users/tsujiyuuki/Dropbox/For_Programming/12step/tools/gmp/include -I/Users/tsujiyuuki/Dropbox/For_Programming/12step/tools/mpfr/include  conftest.c >&5
configure:7145: $? = 0
configure:7145: result: yes
configure:7145: checking for stdlib.h
configure:7145: clang -c -O2 -pedantic -fomit-frame-pointer -m64 -mtune=corei7 -march=corei7 -DNO_ASM -I/Users/tsujiyuuki/Dropbox/For_Programming/12step/tools/gmp/include -I/Users/tsujiyuuki/Dropbox/For_Programming/12step/tools/mpfr/include  conftest.c >&5
configure:7145: $? = 0
configure:7145: result: yes
configure:7145: checking for string.h
configure:7145: clang -c -O2 -pedantic -fomit-frame-pointer -m64 -mtune=corei7 -march=corei7 -DNO_ASM -I/Users/tsujiyuuki/Dropbox/For_Programming/12step/tools/gmp/include -I/Users/tsujiyuuki/Dropbox/For_Programming/12step/tools/mpfr/include  conftest.c >&5
configure:7145: $? = 0
configure:7145: result: yes
configure:7145: checking for memory.h
configure:7145: clang -c -O2 -pedantic -fomit-frame-pointer -m64 -mtune=corei7 -march=corei7 -DNO_ASM -I/Users/tsujiyuuki/Dropbox/For_Programming/12step/tools/gmp/include -I/Users/tsujiyuuki/Dropbox/For_Programming/12step/tools/mpfr/include  conftest.c >&5
configure:7145: $? = 0
configure:7145: result: yes
configure:7145: checking for strings.h
configure:7145: clang -c -O2 -pedantic -fomit-frame-pointer -m64 -mtune=corei7 -march=corei7 -DNO_ASM -I/Users/tsujiyuuki/Dropbox/For_Programming/12step/tools/gmp/include -I/Users/tsujiyuuki/Dropbox/For_Programming/12step/tools/mpfr/include  conftest.c >&5
configure:7145: $? = 0
configure:7145: result: yes
configure:7145: checking for inttypes.h
configure:7145: clang -c -O2 -pedantic -fomit-frame-pointer -m64 -mtune=corei7 -march=corei7 -DNO_ASM -I/Users/tsujiyuuki/Dropbox/For_Programming/12step/tools/gmp/include -I/Users/tsujiyuuki/Dropbox/For_Programming/12step/tools/mpfr/include  conftest.c >&5
configure:7145: $? = 0
configure:7145: result: yes
configure:7145: checking for stdint.h
configure:7145: clang -c -O2 -pedantic -fomit-frame-pointer -m64 -mtune=corei7 -march=corei7 -DNO_ASM -I/Users/tsujiyuuki/Dropbox/For_Programming/12step/tools/gmp/include -I/Users/tsujiyuuki/Dropbox/For_Programming/12step/tools/mpfr/include  conftest.c >&5
configure:7145: $? = 0
configure:7145: result: yes
configure:7145: checking for unistd.h
configure:7145: clang -c -O2 -pedantic -fomit-frame-pointer -m64 -mtune=corei7 -march=corei7 -DNO_ASM -I/Users/tsujiyuuki/Dropbox/For_Programming/12step/tools/gmp/include -I/Users/tsujiyuuki/Dropbox/For_Programming/12step/tools/mpfr/include  conftest.c >&5
configure:7145: $? = 0
configure:7145: result: yes
configure:7159: checking for dlfcn.h
configure:7159: clang -c -O2 -pedantic -fomit-frame-pointer -m64 -mtune=corei7 -march=corei7 -DNO_ASM -I/Users/tsujiyuuki/Dropbox/For_Programming/12step/tools/gmp/include -I/Users/tsujiyuuki/Dropbox/For_Programming/12step/tools/mpfr/include  conftest.c >&5
configure:7159: $? = 0
configure:7159: result: yes
configure:7343: checking for objdir
configure:7358: result: .libs
configure:7654: checking if clang supports -fno-rtti -fno-exceptions
configure:7672: clang -c -O2 -pedantic -fomit-frame-pointer -m64 -mtune=corei7 -march=corei7 -DNO_ASM -I/Users/tsujiyuuki/Dropbox/For_Programming/12step/tools/gmp/include -I/Users/tsujiyuuki/Dropbox/For_Programming/12step/tools/mpfr/include  -fno-rtti -fno-exceptions conftest.c >&5
configure:7676: $? = 0
configure:7689: result: yes
configure:7709: checking for clang option to produce PIC
configure:7981: result: -fno-common -DPIC
configure:7993: checking if clang PIC flag -fno-common -DPIC works
configure:8011: clang -c -O2 -pedantic -fomit-frame-pointer -m64 -mtune=corei7 -march=corei7 -DNO_ASM -I/Users/tsujiyuuki/Dropbox/For_Programming/12step/tools/gmp/include -I/Users/tsujiyuuki/Dropbox/For_Programming/12step/tools/mpfr/include  -fno-common -DPIC -DPIC conftest.c >&5
configure:8015: $? = 0
configure:8028: result: yes
configure:8052: checking if clang static flag -static works
configure:8080: result: no
configure:8095: checking if clang supports -c -o file.o
configure:8116: clang -c -O2 -pedantic -fomit-frame-pointer -m64 -mtune=corei7 -march=corei7 -DNO_ASM -I/Users/tsujiyuuki/Dropbox/For_Programming/12step/tools/gmp/include -I/Users/tsujiyuuki/Dropbox/For_Programming/12step/tools/mpfr/include  -o out/conftest2.o conftest.c >&5
configure:8120: $? = 0
configure:8142: result: yes
configure:8150: checking if clang supports -c -o file.o
configure:8197: result: yes
configure:8230: checking whether the clang linker (/Applications/Xcode.app/Contents/Developer/Toolchains/XcodeDefault.xctoolchain/usr/bin/ld) supports shared libraries
configure:9221: result: yes
configure:9460: checking dynamic linker characteristics
configure:10123: result: darwin14.4.0 dyld
configure:10225: checking how to hardcode library paths into programs
configure:10250: result: immediate
configure:10770: checking whether stripping libraries is possible
configure:10784: result: yes
configure:10810: checking if libtool supports shared libraries
configure:10812: result: yes
configure:10815: checking whether to build shared libraries
configure:10836: result: yes
configure:10839: checking whether to build static libraries
configure:10843: result: yes
configure:10880: checking for ANSI C header files
configure:10984: result: yes
configure:10995: checking complex.h usability
configure:10995: clang -c -O2 -pedantic -fomit-frame-pointer -m64 -mtune=corei7 -march=corei7 -DNO_ASM -I/Users/tsujiyuuki/Dropbox/For_Programming/12step/tools/gmp/include -I/Users/tsujiyuuki/Dropbox/For_Programming/12step/tools/mpfr/include  conftest.c >&5
configure:10995: $? = 0
configure:10995: result: yes
configure:10995: checking complex.h presence
configure:10995: gcc -E -I/Users/tsujiyuuki/Dropbox/For_Programming/12step/tools/gmp/include -I/Users/tsujiyuuki/Dropbox/For_Programming/12step/tools/mpfr/include  conftest.c
configure:10995: $? = 0
configure:10995: result: yes
configure:10995: checking for complex.h
configure:10995: result: yes
configure:10995: checking locale.h usability
configure:10995: clang -c -O2 -pedantic -fomit-frame-pointer -m64 -mtune=corei7 -march=corei7 -DNO_ASM -I/Users/tsujiyuuki/Dropbox/For_Programming/12step/tools/gmp/include -I/Users/tsujiyuuki/Dropbox/For_Programming/12step/tools/mpfr/include  conftest.c >&5
configure:10995: $? = 0
configure:10995: result: yes
configure:10995: checking locale.h presence
configure:10995: gcc -E -I/Users/tsujiyuuki/Dropbox/For_Programming/12step/tools/gmp/include -I/Users/tsujiyuuki/Dropbox/For_Programming/12step/tools/mpfr/include  conftest.c
configure:10995: $? = 0
configure:10995: result: yes
configure:10995: checking for locale.h
configure:10995: result: yes
configure:10995: checking for inttypes.h
configure:10995: result: yes
configure:10995: checking for stdint.h
configure:10995: result: yes
configure:10995: checking limits.h usability
configure:10995: clang -c -O2 -pedantic -fomit-frame-pointer -m64 -mtune=corei7 -march=corei7 -DNO_ASM -I/Users/tsujiyuuki/Dropbox/For_Programming/12step/tools/gmp/include -I/Users/tsujiyuuki/Dropbox/For_Programming/12step/tools/mpfr/include  conftest.c >&5
configure:10995: $? = 0
configure:10995: result: yes
configure:10995: checking limits.h presence
configure:10995: gcc -E -I/Users/tsujiyuuki/Dropbox/For_Programming/12step/tools/gmp/include -I/Users/tsujiyuuki/Dropbox/For_Programming/12step/tools/mpfr/include  conftest.c
configure:10995: $? = 0
configure:10995: result: yes
configure:10995: checking for limits.h
configure:10995: result: yes
configure:10995: checking for unistd.h
configure:10995: result: yes
configure:10995: checking sys/time.h usability
configure:10995: clang -c -O2 -pedantic -fomit-frame-pointer -m64 -mtune=corei7 -march=corei7 -DNO_ASM -I/Users/tsujiyuuki/Dropbox/For_Programming/12step/tools/gmp/include -I/Users/tsujiyuuki/Dropbox/For_Programming/12step/tools/mpfr/include  conftest.c >&5
configure:10995: $? = 0
configure:10995: result: yes
configure:10995: checking sys/time.h presence
configure:10995: gcc -E -I/Users/tsujiyuuki/Dropbox/For_Programming/12step/tools/gmp/include -I/Users/tsujiyuuki/Dropbox/For_Programming/12step/tools/mpfr/include  conftest.c
configure:10995: $? = 0
configure:10995: result: yes
configure:10995: checking for sys/time.h
configure:10995: result: yes
configure:11007: checking for an ANSI C-conforming const
configure:11072: clang -c -O2 -pedantic -fomit-frame-pointer -m64 -mtune=corei7 -march=corei7 -DNO_ASM -I/Users/tsujiyuuki/Dropbox/For_Programming/12step/tools/gmp/include -I/Users/tsujiyuuki/Dropbox/For_Programming/12step/tools/mpfr/include  conftest.c >&5
configure:11072: $? = 0
configure:11079: result: yes
configure:11087: checking for size_t
configure:11087: clang -c -O2 -pedantic -fomit-frame-pointer -m64 -mtune=corei7 -march=corei7 -DNO_ASM -I/Users/tsujiyuuki/Dropbox/For_Programming/12step/tools/gmp/include -I/Users/tsujiyuuki/Dropbox/For_Programming/12step/tools/mpfr/include  conftest.c >&5
configure:11087: $? = 0
configure:11087: clang -c -O2 -pedantic -fomit-frame-pointer -m64 -mtune=corei7 -march=corei7 -DNO_ASM -I/Users/tsujiyuuki/Dropbox/For_Programming/12step/tools/gmp/include -I/Users/tsujiyuuki/Dropbox/For_Programming/12step/tools/mpfr/include  conftest.c >&5
conftest.c:67:21: error: expected expression
if (sizeof ((size_t)))
                    ^
1 error generated.
configure:11087: $? = 1
configure: failed program was:
| /* confdefs.h */
| #define PACKAGE_NAME "mpc"
| #define PACKAGE_TARNAME "mpc"
| #define PACKAGE_VERSION "0.9"
| #define PACKAGE_STRING "mpc 0.9"
| #define PACKAGE_BUGREPORT "mpc-discuss@lists.gforge.inria.fr"
| #define PACKAGE_URL ""
| #define PACKAGE "mpc"
| #define VERSION "0.9"
| #define STDC_HEADERS 1
| #define HAVE_SYS_TYPES_H 1
| #define HAVE_SYS_STAT_H 1
| #define HAVE_STDLIB_H 1
| #define HAVE_STRING_H 1
| #define HAVE_MEMORY_H 1
| #define HAVE_STRINGS_H 1
| #define HAVE_INTTYPES_H 1
| #define HAVE_STDINT_H 1
| #define HAVE_UNISTD_H 1
| #define HAVE_DLFCN_H 1
| #define LT_OBJDIR ".libs/"
| #define STDC_HEADERS 1
| #define HAVE_COMPLEX_H 1
| #define HAVE_LOCALE_H 1
| #define HAVE_INTTYPES_H 1
| #define HAVE_STDINT_H 1
| #define HAVE_LIMITS_H 1
| #define HAVE_UNISTD_H 1
| #define HAVE_SYS_TIME_H 1
| /* end confdefs.h.  */
| #include <stdio.h>
| #ifdef HAVE_SYS_TYPES_H
| # include <sys/types.h>
| #endif
| #ifdef HAVE_SYS_STAT_H
| # include <sys/stat.h>
| #endif
| #ifdef STDC_HEADERS
| # include <stdlib.h>
| # include <stddef.h>
| #else
| # ifdef HAVE_STDLIB_H
| #  include <stdlib.h>
| # endif
| #endif
| #ifdef HAVE_STRING_H
| # if !defined STDC_HEADERS && defined HAVE_MEMORY_H
| #  include <memory.h>
| # endif
| # include <string.h>
| #endif
| #ifdef HAVE_STRINGS_H
| # include <strings.h>
| #endif
| #ifdef HAVE_INTTYPES_H
| # include <inttypes.h>
| #endif
| #ifdef HAVE_STDINT_H
| # include <stdint.h>
| #endif
| #ifdef HAVE_UNISTD_H
| # include <unistd.h>
| #endif
| int
| main ()
| {
| if (sizeof ((size_t)))
| 	    return 0;
|   ;
|   return 0;
| }
configure:11087: result: yes
configure:11098: checking whether time.h and sys/time.h may both be included
configure:11118: clang -c -O2 -pedantic -fomit-frame-pointer -m64 -mtune=corei7 -march=corei7 -DNO_ASM -I/Users/tsujiyuuki/Dropbox/For_Programming/12step/tools/gmp/include -I/Users/tsujiyuuki/Dropbox/For_Programming/12step/tools/mpfr/include  conftest.c >&5
configure:11118: $? = 0
configure:11125: result: yes
configure:11135: checking for creal in -lm
configure:11160: clang -o conftest -O2 -pedantic -fomit-frame-pointer -m64 -mtune=corei7 -march=corei7 -DNO_ASM -I/Users/tsujiyuuki/Dropbox/For_Programming/12step/tools/gmp/include -I/Users/tsujiyuuki/Dropbox/For_Programming/12step/tools/mpfr/include  -L/Users/tsujiyuuki/Dropbox/For_Programming/12step/tools/gmp/lib -L/Users/tsujiyuuki/Dropbox/For_Programming/12step/tools/mpfr/lib  conftest.c -lm   >&5
conftest.c:39:6: warning: incompatible redeclaration of library function 'creal' [-Wincompatible-library-redeclaration]
char creal ();
     ^
conftest.c:39:6: note: 'creal' is a builtin with type 'double (_Complex double)'
1 warning generated.
ld: warning: directory not found for option '-L/Users/tsujiyuuki/Dropbox/For_Programming/12step/tools/gmp/lib'
configure:11160: $? = 0
configure:11169: result: yes
configure:11181: checking for __gmpz_init in -lgmp
configure:11206: clang -o conftest -O2 -pedantic -fomit-frame-pointer -m64 -mtune=corei7 -march=corei7 -DNO_ASM -I/Users/tsujiyuuki/Dropbox/For_Programming/12step/tools/gmp/include -I/Users/tsujiyuuki/Dropbox/For_Programming/12step/tools/mpfr/include  -L/Users/tsujiyuuki/Dropbox/For_Programming/12step/tools/gmp/lib -L/Users/tsujiyuuki/Dropbox/For_Programming/12step/tools/mpfr/lib  conftest.c -lgmp  -lm  >&5
ld: warning: directory not found for option '-L/Users/tsujiyuuki/Dropbox/For_Programming/12step/tools/gmp/lib'
configure:11206: $? = 0
configure:11215: result: yes
configure:11223: checking for MPFR
configure:11238: clang -o conftest -O2 -pedantic -fomit-frame-pointer -m64 -mtune=corei7 -march=corei7 -DNO_ASM -I/Users/tsujiyuuki/Dropbox/For_Programming/12step/tools/gmp/include -I/Users/tsujiyuuki/Dropbox/For_Programming/12step/tools/mpfr/include  -L/Users/tsujiyuuki/Dropbox/For_Programming/12step/tools/gmp/lib -L/Users/tsujiyuuki/Dropbox/For_Programming/12step/tools/mpfr/lib  conftest.c -lmpfr -lgmp -lm  >&5
ld: warning: directory not found for option '-L/Users/tsujiyuuki/Dropbox/For_Programming/12step/tools/gmp/lib'
configure:11238: $? = 0
configure:11239: result: yes
configure:11252: checking for recent GMP
configure:11264: clang -c -O2 -pedantic -fomit-frame-pointer -m64 -mtune=corei7 -march=corei7 -DNO_ASM -I/Users/tsujiyuuki/Dropbox/For_Programming/12step/tools/gmp/include -I/Users/tsujiyuuki/Dropbox/For_Programming/12step/tools/mpfr/include  conftest.c >&5
configure:11264: $? = 0
configure:11265: result: yes
configure:11278: checking for recent MPFR
configure:11290: clang -c -O2 -pedantic -fomit-frame-pointer -m64 -mtune=corei7 -march=corei7 -DNO_ASM -I/Users/tsujiyuuki/Dropbox/For_Programming/12step/tools/gmp/include -I/Users/tsujiyuuki/Dropbox/For_Programming/12step/tools/mpfr/include  conftest.c >&5
configure:11290: $? = 0
configure:11291: result: yes
configure:12341: checking for gettimeofday
configure:12341: clang -o conftest -O2 -pedantic -fomit-frame-pointer -m64 -mtune=corei7 -march=corei7 -DNO_ASM  -I/Users/tsujiyuuki/Dropbox/For_Programming/12step/tools/gmp/include -I/Users/tsujiyuuki/Dropbox/For_Programming/12step/tools/mpfr/include  -L/Users/tsujiyuuki/Dropbox/For_Programming/12step/tools/gmp/lib -L/Users/tsujiyuuki/Dropbox/For_Programming/12step/tools/mpfr/lib  conftest.c -lmpfr -lgmp -lm  >&5
ld: warning: directory not found for option '-L/Users/tsujiyuuki/Dropbox/For_Programming/12step/tools/gmp/lib'
configure:12341: $? = 0
configure:12341: result: yes
configure:12341: checking for localeconv
configure:12341: clang -o conftest -O2 -pedantic -fomit-frame-pointer -m64 -mtune=corei7 -march=corei7 -DNO_ASM  -I/Users/tsujiyuuki/Dropbox/For_Programming/12step/tools/gmp/include -I/Users/tsujiyuuki/Dropbox/For_Programming/12step/tools/mpfr/include  -L/Users/tsujiyuuki/Dropbox/For_Programming/12step/tools/gmp/lib -L/Users/tsujiyuuki/Dropbox/For_Programming/12step/tools/mpfr/lib  conftest.c -lmpfr -lgmp -lm  >&5
ld: warning: directory not found for option '-L/Users/tsujiyuuki/Dropbox/For_Programming/12step/tools/gmp/lib'
configure:12341: $? = 0
configure:12341: result: yes
configure:12341: checking for setlocale
configure:12341: clang -o conftest -O2 -pedantic -fomit-frame-pointer -m64 -mtune=corei7 -march=corei7 -DNO_ASM  -I/Users/tsujiyuuki/Dropbox/For_Programming/12step/tools/gmp/include -I/Users/tsujiyuuki/Dropbox/For_Programming/12step/tools/mpfr/include  -L/Users/tsujiyuuki/Dropbox/For_Programming/12step/tools/gmp/lib -L/Users/tsujiyuuki/Dropbox/For_Programming/12step/tools/mpfr/lib  conftest.c -lmpfr -lgmp -lm  >&5
ld: warning: directory not found for option '-L/Users/tsujiyuuki/Dropbox/For_Programming/12step/tools/gmp/lib'
configure:12341: $? = 0
configure:12341: result: yes
configure:12353: checking for dup
configure:12353: clang -o conftest -O2 -pedantic -fomit-frame-pointer -m64 -mtune=corei7 -march=corei7 -DNO_ASM  -I/Users/tsujiyuuki/Dropbox/For_Programming/12step/tools/gmp/include -I/Users/tsujiyuuki/Dropbox/For_Programming/12step/tools/mpfr/include  -L/Users/tsujiyuuki/Dropbox/For_Programming/12step/tools/gmp/lib -L/Users/tsujiyuuki/Dropbox/For_Programming/12step/tools/mpfr/lib  conftest.c -lmpfr -lgmp -lm  >&5
ld: warning: directory not found for option '-L/Users/tsujiyuuki/Dropbox/For_Programming/12step/tools/gmp/lib'
configure:12353: $? = 0
configure:12353: result: yes
configure:12353: checking for dup2
configure:12353: clang -o conftest -O2 -pedantic -fomit-frame-pointer -m64 -mtune=corei7 -march=corei7 -DNO_ASM  -I/Users/tsujiyuuki/Dropbox/For_Programming/12step/tools/gmp/include -I/Users/tsujiyuuki/Dropbox/For_Programming/12step/tools/mpfr/include  -L/Users/tsujiyuuki/Dropbox/For_Programming/12step/tools/gmp/lib -L/Users/tsujiyuuki/Dropbox/For_Programming/12step/tools/mpfr/lib  conftest.c -lmpfr -lgmp -lm  >&5
ld: warning: directory not found for option '-L/Users/tsujiyuuki/Dropbox/For_Programming/12step/tools/gmp/lib'
configure:12353: $? = 0
configure:12353: result: yes
configure:12353: checking for fileno
configure:12353: clang -o conftest -O2 -pedantic -fomit-frame-pointer -m64 -mtune=corei7 -march=corei7 -DNO_ASM  -I/Users/tsujiyuuki/Dropbox/For_Programming/12step/tools/gmp/include -I/Users/tsujiyuuki/Dropbox/For_Programming/12step/tools/mpfr/include  -L/Users/tsujiyuuki/Dropbox/For_Programming/12step/tools/gmp/lib -L/Users/tsujiyuuki/Dropbox/For_Programming/12step/tools/mpfr/lib  conftest.c -lmpfr -lgmp -lm  >&5
ld: warning: directory not found for option '-L/Users/tsujiyuuki/Dropbox/For_Programming/12step/tools/gmp/lib'
configure:12353: $? = 0
configure:12353: result: yes
configure:12493: creating ./config.status

## ---------------------- ##
## Running config.status. ##
## ---------------------- ##

This file was extended by mpc config.status 0.9, which was
generated by GNU Autoconf 2.67.  Invocation command line was

  CONFIG_FILES    = 
  CONFIG_HEADERS  = 
  CONFIG_LINKS    = 
  CONFIG_COMMANDS = 
  $ ./config.status 

on tsujiyuuki-no-MacBook-Pro.local

config.status:1089: creating Makefile
config.status:1089: creating src/Makefile
config.status:1089: creating tests/Makefile
config.status:1089: creating doc/Makefile
config.status:1089: creating config.h
config.status:1269: config.h is unchanged
config.status:1317: executing depfiles commands
config.status:1317: executing libtool commands

## ---------------- ##
## Cache variables. ##
## ---------------- ##

ac_cv_build=x86_64-apple-darwin14.4.0
ac_cv_c_compiler_gnu=yes
ac_cv_c_const=yes
ac_cv_env_CC_set=
ac_cv_env_CC_value=
ac_cv_env_CFLAGS_set=
ac_cv_env_CFLAGS_value=
ac_cv_env_CPPFLAGS_set=
ac_cv_env_CPPFLAGS_value=
ac_cv_env_CPP_set=
ac_cv_env_CPP_value=
ac_cv_env_LDFLAGS_set=
ac_cv_env_LDFLAGS_value=
ac_cv_env_LIBS_set=
ac_cv_env_LIBS_value=
ac_cv_env_build_alias_set=
ac_cv_env_build_alias_value=
ac_cv_env_host_alias_set=
ac_cv_env_host_alias_value=
ac_cv_env_target_alias_set=
ac_cv_env_target_alias_value=
ac_cv_func_dup2=yes
ac_cv_func_dup=yes
ac_cv_func_fileno=yes
ac_cv_func_gettimeofday=yes
ac_cv_func_localeconv=yes
ac_cv_func_setlocale=yes
ac_cv_header_complex_h=yes
ac_cv_header_dlfcn_h=yes
ac_cv_header_inttypes_h=yes
ac_cv_header_limits_h=yes
ac_cv_header_locale_h=yes
ac_cv_header_memory_h=yes
ac_cv_header_stdc=yes
ac_cv_header_stdint_h=yes
ac_cv_header_stdlib_h=yes
ac_cv_header_string_h=yes
ac_cv_header_strings_h=yes
ac_cv_header_sys_stat_h=yes
ac_cv_header_sys_time_h=yes
ac_cv_header_sys_types_h=yes
ac_cv_header_time=yes
ac_cv_header_unistd_h=yes
ac_cv_host=x86_64-apple-darwin14.4.0
ac_cv_lib_gmp___gmpz_init=yes
ac_cv_lib_m_creal=yes
ac_cv_objext=o
ac_cv_path_EGREP='/usr/bin/grep -E'
ac_cv_path_FGREP='/usr/bin/grep -F'
ac_cv_path_GREP=/usr/bin/grep
ac_cv_path_SED=/usr/bin/sed
ac_cv_path_install='/usr/bin/install -c'
ac_cv_prog_AWK=awk
ac_cv_prog_CPP='gcc -E'
ac_cv_prog_ac_ct_AR=ar
ac_cv_prog_ac_ct_CC=gcc
ac_cv_prog_ac_ct_DSYMUTIL=dsymutil
ac_cv_prog_ac_ct_LIPO=lipo
ac_cv_prog_ac_ct_NMEDIT=nmedit
ac_cv_prog_ac_ct_OTOOL=otool
ac_cv_prog_ac_ct_RANLIB=ranlib
ac_cv_prog_ac_ct_STRIP=strip
ac_cv_prog_cc_c89=
ac_cv_prog_cc_g=yes
ac_cv_prog_make_make_set=yes
ac_cv_type_size_t=yes
am_cv_CC_dependencies_compiler_type=gcc3
lt_cv_apple_cc_single_mod=no
lt_cv_deplibs_check_method=pass_all
lt_cv_file_magic_cmd='$MAGIC_CMD'
lt_cv_file_magic_test_file=
lt_cv_ld_exported_symbols_list=yes
lt_cv_ld_reload_flag=-r
lt_cv_nm_interface='BSD nm'
lt_cv_objdir=.libs
lt_cv_path_LD=/Applications/Xcode.app/Contents/Developer/Toolchains/XcodeDefault.xctoolchain/usr/bin/ld
lt_cv_path_NM=/usr/bin/nm
lt_cv_prog_compiler_c_o=yes
lt_cv_prog_compiler_pic_works=yes
lt_cv_prog_compiler_rtti_exceptions=yes
lt_cv_prog_compiler_static_works=no
lt_cv_prog_gnu_ld=no
lt_cv_sys_global_symbol_pipe='sed -n -e '\''s/^.*[	 ]\([BCDEGRST][BCDEGRST]*\)[	 ][	 ]*_\([_A-Za-z][_A-Za-z0-9]*\)$/\1 _\2 \2/p'\'''
lt_cv_sys_global_symbol_to_c_name_address='sed -n -e '\''s/^: \([^ ]*\) $/  {\"\1\", (void *) 0},/p'\'' -e '\''s/^[BCDEGRST]* \([^ ]*\) \([^ ]*\)$/  {"\2", (void *) \&\2},/p'\'''
lt_cv_sys_global_symbol_to_c_name_address_lib_prefix='sed -n -e '\''s/^: \([^ ]*\) $/  {\"\1\", (void *) 0},/p'\'' -e '\''s/^[BCDEGRST]* \([^ ]*\) \(lib[^ ]*\)$/  {"\2", (void *) \&\2},/p'\'' -e '\''s/^[BCDEGRST]* \([^ ]*\) \([^ ]*\)$/  {"lib\2", (void *) \&\2},/p'\'''
lt_cv_sys_global_symbol_to_cdecl='sed -n -e '\''s/^T .* \(.*\)$/extern int \1();/p'\'' -e '\''s/^[BCDEGRST]* .* \(.*\)$/extern char \1;/p'\'''
lt_cv_sys_max_cmd_len=196608

## ----------------- ##
## Output variables. ##
## ----------------- ##

ACLOCAL='${SHELL} /Users/tsujiyuuki/Dropbox/For_Programming/12step/build/mpc-0.9/missing --run aclocal-1.11'
AMDEPBACKSLASH='\'
AMDEP_FALSE='#'
AMDEP_TRUE=''
AMTAR='${SHELL} /Users/tsujiyuuki/Dropbox/For_Programming/12step/build/mpc-0.9/missing --run tar'
AR='ar'
AUTOCONF='${SHELL} /Users/tsujiyuuki/Dropbox/For_Programming/12step/build/mpc-0.9/missing --run autoconf'
AUTOHEADER='${SHELL} /Users/tsujiyuuki/Dropbox/For_Programming/12step/build/mpc-0.9/missing --run autoheader'
AUTOMAKE='${SHELL} /Users/tsujiyuuki/Dropbox/For_Programming/12step/build/mpc-0.9/missing --run automake-1.11'
AWK='awk'
CC='clang'
CCDEPMODE='depmode=gcc3'
CFLAGS='-O2 -pedantic -fomit-frame-pointer -m64 -mtune=corei7 -march=corei7 -DNO_ASM'
CPP='gcc -E'
CPPFLAGS='-I/Users/tsujiyuuki/Dropbox/For_Programming/12step/tools/gmp/include -I/Users/tsujiyuuki/Dropbox/For_Programming/12step/tools/mpfr/include '
CYGPATH_W='echo'
DEFS='-DHAVE_CONFIG_H'
DEPDIR='.deps'
DSYMUTIL='dsymutil'
DUMPBIN=''
ECHO_C='\c'
ECHO_N=''
ECHO_T=''
EGREP='/usr/bin/grep -E'
EXEEXT=''
FGREP='/usr/bin/grep -F'
GREP='/usr/bin/grep'
INSTALL_DATA='${INSTALL} -m 644'
INSTALL_PROGRAM='${INSTALL}'
INSTALL_SCRIPT='${INSTALL}'
INSTALL_STRIP_PROGRAM='$(install_sh) -c -s'
LD='/Applications/Xcode.app/Contents/Developer/Toolchains/XcodeDefault.xctoolchain/usr/bin/ld'
LDFLAGS='-L/Users/tsujiyuuki/Dropbox/For_Programming/12step/tools/gmp/lib -L/Users/tsujiyuuki/Dropbox/For_Programming/12step/tools/mpfr/lib '
LIBOBJS=''
LIBS='-lmpfr -lgmp -lm '
LIBTOOL='$(SHELL) $(top_builddir)/libtool'
LIPO='lipo'
LN_S='ln -s'
LTLIBOBJS=''
MAINT='#'
MAINTAINER_MODE_FALSE=''
MAINTAINER_MODE_TRUE='#'
MAKEINFO='${SHELL} /Users/tsujiyuuki/Dropbox/For_Programming/12step/build/mpc-0.9/missing --run makeinfo'
MKDIR_P='./install-sh -c -d'
MPC_LOG_H=''
NM='/usr/bin/nm'
NMEDIT='nmedit'
OBJDUMP='false'
OBJEXT='o'
OTOOL64=':'
OTOOL='otool'
PACKAGE='mpc'
PACKAGE_BUGREPORT='mpc-discuss@lists.gforge.inria.fr'
PACKAGE_NAME='mpc'
PACKAGE_STRING='mpc 0.9'
PACKAGE_TARNAME='mpc'
PACKAGE_URL=''
PACKAGE_VERSION='0.9'
PATH_SEPARATOR=':'
RANLIB='ranlib'
SED='/usr/bin/sed'
SET_MAKE=''
SHELL='/bin/sh'
STRIP='strip'
VERSION='0.9'
WARNINGCFLAGS=''
ac_ct_CC='gcc'
ac_ct_DUMPBIN=''
am__EXEEXT_FALSE=''
am__EXEEXT_TRUE='#'
am__fastdepCC_FALSE='#'
am__fastdepCC_TRUE=''
am__include='include'
am__isrc=''
am__leading_dot='.'
am__quote=''
am__tar='${AMTAR} chof - "$$tardir"'
am__untar='${AMTAR} xf -'
bindir='${exec_prefix}/bin'
build='x86_64-apple-darwin14.4.0'
build_alias=''
build_cpu='x86_64'
build_os='darwin14.4.0'
build_vendor='apple'
datadir='${datarootdir}'
datarootdir='${prefix}/share'
docdir='${datarootdir}/doc/${PACKAGE_TARNAME}'
dvidir='${docdir}'
exec_prefix='${prefix}'
host='x86_64-apple-darwin14.4.0'
host_alias=''
host_cpu='x86_64'
host_os='darwin14.4.0'
host_vendor='apple'
htmldir='${docdir}'
includedir='${prefix}/include'
infodir='${datarootdir}/info'
install_sh='${SHELL} /Users/tsujiyuuki/Dropbox/For_Programming/12step/build/mpc-0.9/install-sh'
libdir='${exec_prefix}/lib'
libexecdir='${exec_prefix}/libexec'
localedir='${datarootdir}/locale'
localstatedir='${prefix}/var'
lt_ECHO='/bin/echo'
mandir='${datarootdir}/man'
mkdir_p='$(top_builddir)/./install-sh -c -d'
oldincludedir='/usr/include'
pdfdir='${docdir}'
prefix='/Users/tsujiyuuki/Dropbox/For_Programming/12step/tools/mpc'
program_transform_name='s,x,x,'
psdir='${docdir}'
sbindir='${exec_prefix}/sbin'
sharedstatedir='${prefix}/com'
sysconfdir='${prefix}/etc'
target_alias=''

## ----------- ##
## confdefs.h. ##
## ----------- ##

/* confdefs.h */
#define PACKAGE_NAME "mpc"
#define PACKAGE_TARNAME "mpc"
#define PACKAGE_VERSION "0.9"
#define PACKAGE_STRING "mpc 0.9"
#define PACKAGE_BUGREPORT "mpc-discuss@lists.gforge.inria.fr"
#define PACKAGE_URL ""
#define PACKAGE "mpc"
#define VERSION "0.9"
#define STDC_HEADERS 1
#define HAVE_SYS_TYPES_H 1
#define HAVE_SYS_STAT_H 1
#define HAVE_STDLIB_H 1
#define HAVE_STRING_H 1
#define HAVE_MEMORY_H 1
#define HAVE_STRINGS_H 1
#define HAVE_INTTYPES_H 1
#define HAVE_STDINT_H 1
#define HAVE_UNISTD_H 1
#define HAVE_DLFCN_H 1
#define LT_OBJDIR ".libs/"
#define STDC_HEADERS 1
#define HAVE_COMPLEX_H 1
#define HAVE_LOCALE_H 1
#define HAVE_INTTYPES_H 1
#define HAVE_STDINT_H 1
#define HAVE_LIMITS_H 1
#define HAVE_UNISTD_H 1
#define HAVE_SYS_TIME_H 1
#define TIME_WITH_SYS_TIME 1
#define HAVE_LIBM 1
#define HAVE_GETTIMEOFDAY 1
#define HAVE_LOCALECONV 1
#define HAVE_SETLOCALE 1
#define HAVE_DUP 1
#define HAVE_DUP2 1
#define HAVE_FILENO 1

configure: exit 0
