This file contains any messages produced by compilers while
running configure, to aid debugging if configure makes a mistake.

It was created by configure, which was
generated by GNU Autoconf 2.64.  Invocation command line was

  $ ./configure --target=h8300-elf -disable-nls --disable-threads --disable-shared --disable-werror --enable-languages=c --prefix=/Users/tsujiyuuki/Dropbox/For_Programming/12step/tools --with-gmp=/Users/tsujiyuuki/Dropbox/For_Programming/12step/tools/gmp --with-mpfr=/Users/tsujiyuuki/Dropbox/For_Programming/12step/tools/mpfr --with-mpc=/usr/local/mpc

## --------- ##
## Platform. ##
## --------- ##

hostname = tsujiyuuki-no-MacBook-Pro.local
uname -m = x86_64
uname -r = 14.4.0
uname -s = Darwin
uname -v = Darwin Kernel Version 14.4.0: Thu May 28 11:35:04 PDT 2015; root:xnu-2782.30.5~1/RELEASE_X86_64

/usr/bin/uname -p = i386
/bin/uname -X     = unknown

/bin/arch              = unknown
/usr/bin/arch -k       = unknown
/usr/convex/getsysinfo = unknown
/usr/bin/hostinfo      = Mach kernel version:
	 Darwin Kernel Version 14.4.0: Thu May 28 11:35:04 PDT 2015; root:xnu-2782.30.5~1/RELEASE_X86_64
Kernel configured for up to 8 processors.
4 processors are physically available.
8 processors are logically available.
Processor type: x86_64h (Intel x86-64h Haswell)
Processors active: 0 1 2 3 4 5 6 7
Primary memory available: 16.00 gigabytes
Default processor set: 254 tasks, 1420 threads, 8 processors
Load average: 6.20, Mach factor: 3.30
/bin/machine           = unknown
/usr/bin/oslevel       = unknown
/bin/universe          = unknown

PATH: /Users/tsujiyuuki/.rbenv/bin
PATH: /Users/tsujiyuuki/pylearn2/pylearn2/scripts
PATH: //Users/tsujiyuuki/Dropbox/For_Programming/12step/tools/bin
PATH: /usr/local/bin
PATH: /usr/local/bin
PATH: /usr/local/bin
PATH: /usr/local/bin
PATH: /usr/local/bin
PATH: /usr/local/bin
PATH: /usr/bin
PATH: /bin
PATH: /usr/sbin
PATH: /sbin
PATH: /opt/X11/bin
PATH: /usr/texbin


## ----------- ##
## Core tests. ##
## ----------- ##

configure:2237: checking build system type
configure:2251: result: x86_64-apple-darwin14.4.0
configure:2298: checking host system type
configure:2311: result: x86_64-apple-darwin14.4.0
configure:2331: checking target system type
configure:2344: result: h8300-unknown-elf
configure:2398: checking for a BSD-compatible install
configure:2466: result: /usr/bin/install -c
configure:2477: checking whether ln works
configure:2499: result: yes
configure:2503: checking whether ln -s works
configure:2507: result: yes
configure:2514: checking for a sed that does not truncate output
configure:2578: result: /usr/bin/sed
configure:2587: checking for gawk
configure:2617: result: no
configure:2587: checking for mawk
configure:2617: result: no
configure:2587: checking for nawk
configure:2617: result: no
configure:2587: checking for awk
configure:2603: found /usr/bin/awk
configure:2614: result: awk
configure:3070: checking for libitm support
configure:3076: result: no
configure:3769: checking for gcc
configure:3785: found /usr/bin/gcc
configure:3796: result: gcc
configure:4025: checking for C compiler version
configure:4034: gcc --version >&5
Apple LLVM version 6.1.0 (clang-602.0.49) (based on LLVM 3.6.0svn)
Target: x86_64-apple-darwin14.4.0
Thread model: posix
Configured with: --prefix=/Applications/Xcode.app/Contents/Developer/usr --with-gxx-include-dir=/usr/include/c++/4.2.1
configure:4045: $? = 0
configure:4034: gcc -v >&5
Configured with: --prefix=/Applications/Xcode.app/Contents/Developer/usr --with-gxx-include-dir=/usr/include/c++/4.2.1
Apple LLVM version 6.1.0 (clang-602.0.49) (based on LLVM 3.6.0svn)
Target: x86_64-apple-darwin14.4.0
Thread model: posix
configure:4045: $? = 0
configure:4034: gcc -V >&5
clang: error: argument to '-V' is missing (expected 1 value)
clang: error: no input files
configure:4045: $? = 1
configure:4034: gcc -qversion >&5
clang: error: unknown argument: '-qversion'
clang: error: no input files
configure:4045: $? = 1
configure:4065: checking for C compiler default output file name
configure:4087: gcc    conftest.c  >&5
configure:4091: $? = 0
configure:4128: result: a.out
configure:4144: checking whether the C compiler works
configure:4153: ./a.out
configure:4157: $? = 0
configure:4172: result: yes
configure:4179: checking whether we are cross compiling
configure:4181: result: no
configure:4184: checking for suffix of executables
configure:4191: gcc -o conftest    conftest.c  >&5
configure:4195: $? = 0
configure:4217: result: 
configure:4223: checking for suffix of object files
configure:4245: gcc -c   conftest.c >&5
configure:4249: $? = 0
configure:4270: result: o
configure:4274: checking whether we are using the GNU C compiler
configure:4293: gcc -c   conftest.c >&5
configure:4293: $? = 0
configure:4302: result: yes
configure:4311: checking whether gcc accepts -g
configure:4331: gcc -c -g  conftest.c >&5
configure:4331: $? = 0
configure:4372: result: yes
configure:4389: checking for gcc option to accept ISO C89
configure:4453: gcc  -c -g -O2  conftest.c >&5
configure:4453: $? = 0
configure:4466: result: none needed
configure:4544: checking for g++
configure:4560: found /usr/bin/g++
configure:4571: result: g++
configure:4598: checking for C++ compiler version
configure:4607: g++ --version >&5
Apple LLVM version 6.1.0 (clang-602.0.49) (based on LLVM 3.6.0svn)
Target: x86_64-apple-darwin14.4.0
Thread model: posix
Configured with: --prefix=/Applications/Xcode.app/Contents/Developer/usr --with-gxx-include-dir=/usr/include/c++/4.2.1
configure:4618: $? = 0
configure:4607: g++ -v >&5
Configured with: --prefix=/Applications/Xcode.app/Contents/Developer/usr --with-gxx-include-dir=/usr/include/c++/4.2.1
Apple LLVM version 6.1.0 (clang-602.0.49) (based on LLVM 3.6.0svn)
Target: x86_64-apple-darwin14.4.0
Thread model: posix
configure:4618: $? = 0
configure:4607: g++ -V >&5
clang: error: argument to '-V' is missing (expected 1 value)
clang: error: no input files
configure:4618: $? = 1
configure:4607: g++ -qversion >&5
clang: error: unknown argument: '-qversion'
clang: error: no input files
configure:4618: $? = 1
configure:4622: checking whether we are using the GNU C++ compiler
configure:4641: g++ -c   conftest.cpp >&5
configure:4641: $? = 0
configure:4650: result: yes
configure:4659: checking whether g++ accepts -g
configure:4679: g++ -c -g  conftest.cpp >&5
configure:4679: $? = 0
configure:4720: result: yes
configure:4809: checking for gnatbind
configure:4839: result: no
configure:4901: checking for gnatmake
configure:4931: result: no
configure:4950: checking whether compiler driver understands Ada
configure:4973: result: no
configure:4982: checking how to compare bootstrapped objects
configure:5007: result: cmp --ignore-initial=16 $$f1 $$f2
configure:5079: checking for objdir
configure:5094: result: .libs
configure:5260: checking for the correct version of gmp.h
configure:5280: gcc -c -g -O2 -I/Users/tsujiyuuki/Dropbox/For_Programming/12step/tools/gmp/include -I/Users/tsujiyuuki/Dropbox/For_Programming/12step/tools/mpfr/include -I/usr/local/mpc/include   conftest.c >&5
configure:5280: $? = 0
configure:5298: gcc -c -g -O2 -I/Users/tsujiyuuki/Dropbox/For_Programming/12step/tools/gmp/include -I/Users/tsujiyuuki/Dropbox/For_Programming/12step/tools/mpfr/include -I/usr/local/mpc/include   conftest.c >&5
configure:5298: $? = 0
configure:5299: result: yes
configure:5315: checking for the correct version of mpfr.h
configure:5333: gcc -c -g -O2 -I/Users/tsujiyuuki/Dropbox/For_Programming/12step/tools/gmp/include -I/Users/tsujiyuuki/Dropbox/For_Programming/12step/tools/mpfr/include -I/usr/local/mpc/include   conftest.c >&5
configure:5333: $? = 0
configure:5350: gcc -c -g -O2 -I/Users/tsujiyuuki/Dropbox/For_Programming/12step/tools/gmp/include -I/Users/tsujiyuuki/Dropbox/For_Programming/12step/tools/mpfr/include -I/usr/local/mpc/include   conftest.c >&5
configure:5350: $? = 0
configure:5351: result: yes
configure:5368: checking for the correct version of mpc.h
configure:5385: gcc -c -g -O2 -I/Users/tsujiyuuki/Dropbox/For_Programming/12step/tools/gmp/include -I/Users/tsujiyuuki/Dropbox/For_Programming/12step/tools/mpfr/include -I/usr/local/mpc/include   conftest.c >&5
configure:5385: $? = 0
configure:5401: gcc -c -g -O2 -I/Users/tsujiyuuki/Dropbox/For_Programming/12step/tools/gmp/include -I/Users/tsujiyuuki/Dropbox/For_Programming/12step/tools/mpfr/include -I/usr/local/mpc/include   conftest.c >&5
configure:5401: $? = 0
configure:5402: result: yes
configure:5420: checking for the correct version of the gmp/mpfr/mpc libraries
configure:5451: gcc -o conftest -g -O2 -I/Users/tsujiyuuki/Dropbox/For_Programming/12step/tools/gmp/include -I/Users/tsujiyuuki/Dropbox/For_Programming/12step/tools/mpfr/include -I/usr/local/mpc/include    conftest.c  -L/Users/tsujiyuuki/Dropbox/For_Programming/12step/tools/gmp/lib -L/Users/tsujiyuuki/Dropbox/For_Programming/12step/tools/mpfr/lib -L/usr/local/mpc/lib -lmpc -lmpfr -lgmp >&5
ld: warning: directory not found for option '-L/Users/tsujiyuuki/Dropbox/For_Programming/12step/tools/gmp/lib'
ld: warning: directory not found for option '-L/usr/local/mpc/lib'
configure:5451: $? = 0
configure:5452: result: yes
configure:5636: checking for PWL_handle_timeout in -lpwl
configure:5661: gcc -o conftest -g -O2   conftest.c -lpwl    -lstdc++ -lm >&5
ld: library not found for -lpwl
clang: error: linker command failed with exit code 1 (use -v to see invocation)
configure:5661: $? = 1
configure: failed program was:
| /* confdefs.h */
| #define PACKAGE_NAME ""
| #define PACKAGE_TARNAME ""
| #define PACKAGE_VERSION ""
| #define PACKAGE_STRING ""
| #define PACKAGE_BUGREPORT ""
| #define PACKAGE_URL ""
| #define LT_OBJDIR ".libs/"
| /* end confdefs.h.  */
| 
| /* Override any GCC internal prototype to avoid an error.
|    Use char because int might match the return type of a GCC
|    builtin and then its argument prototype would still apply.  */
| #ifdef __cplusplus
| extern "C"
| #endif
| char PWL_handle_timeout ();
| int
| main ()
| {
| return PWL_handle_timeout ();
|   ;
|   return 0;
| }
configure:5670: result: no
configure:5684: checking for version 0.11 (revision 0 or later) of PPL
configure:5701: gcc -c -g -O2  -I/Users/tsujiyuuki/Dropbox/For_Programming/12step/tools/gmp/include -I/Users/tsujiyuuki/Dropbox/For_Programming/12step/tools/mpfr/include -I/usr/local/mpc/include   conftest.c >&5
conftest.c:10:10: fatal error: 'ppl_c.h' file not found
#include "ppl_c.h"
         ^
1 error generated.
configure:5701: $? = 1
configure: failed program was:
| /* confdefs.h */
| #define PACKAGE_NAME ""
| #define PACKAGE_TARNAME ""
| #define PACKAGE_VERSION ""
| #define PACKAGE_STRING ""
| #define PACKAGE_BUGREPORT ""
| #define PACKAGE_URL ""
| #define LT_OBJDIR ".libs/"
| /* end confdefs.h.  */
| #include "ppl_c.h"
| int
| main ()
| {
| 
|     #if PPL_VERSION_MAJOR != 0 || PPL_VERSION_MINOR < 11
|     choke me
|     #endif
| 
|   ;
|   return 0;
| }
configure:5705: result: no
configure:7019: checking for default BUILD_CONFIG
configure:7051: result: 
configure:7540: checking for bison
configure:7556: found /usr/bin/bison
configure:7567: result: bison -y
configure:7587: checking for bison
configure:7603: found /usr/bin/bison
configure:7614: result: bison
configure:7634: checking for gm4
configure:7650: found /usr/bin/gm4
configure:7661: result: gm4
configure:7681: checking for flex
configure:7697: found /usr/bin/flex
configure:7708: result: flex
configure:7729: checking for flex
configure:7745: found /usr/bin/flex
configure:7756: result: flex
configure:7776: checking for makeinfo
configure:7792: found /usr/bin/makeinfo
configure:7803: result: makeinfo
configure:7837: checking for expect
configure:7853: found /usr/bin/expect
configure:7864: result: expect
configure:7886: checking for runtest
configure:7916: result: no
configure:8031: checking for ar
configure:8047: found /usr/bin/ar
configure:8058: result: ar
configure:8172: checking for as
configure:8188: found /usr/bin/as
configure:8199: result: as
configure:8313: checking for dlltool
configure:8343: result: no
configure:8373: checking for ld
configure:8400: result: /Applications/Xcode.app/Contents/Developer/Toolchains/XcodeDefault.xctoolchain/usr/bin/ld
configure:8595: checking for lipo
configure:8611: found /usr/bin/lipo
configure:8622: result: lipo
configure:8736: checking for nm
configure:8752: found /usr/bin/nm
configure:8763: result: nm
configure:8877: checking for ranlib
configure:8893: found /usr/bin/ranlib
configure:8904: result: ranlib
configure:9013: checking for strip
configure:9029: found /usr/bin/strip
configure:9040: result: strip
configure:9149: checking for windres
configure:9179: result: no
configure:9290: checking for windmc
configure:9320: result: no
configure:9431: checking for objcopy
configure:9461: result: no
configure:9572: checking for objdump
configure:9602: result: no
configure:9713: checking for readelf
configure:9743: result: no
configure:9854: checking for h8300-elf-cc
configure:9884: result: no
configure:9854: checking for h8300-elf-gcc
configure:9884: result: no
configure:10015: checking for h8300-elf-c++
configure:10045: result: no
configure:10015: checking for h8300-elf-g++
configure:10045: result: no
configure:10015: checking for h8300-elf-cxx
configure:10045: result: no
configure:10015: checking for h8300-elf-gxx
configure:10045: result: no
configure:10176: checking for h8300-elf-gcc
configure:10206: result: no
configure:10332: checking for h8300-elf-gcj
configure:10362: result: no
configure:10493: checking for h8300-elf-gfortran
configure:10523: result: no
configure:10654: checking for h8300-elf-gccgo
configure:10684: result: no
configure:10784: checking for ar
configure:10802: found /Users/tsujiyuuki/Dropbox/For_Programming/12step/tools/h8300-elf/bin/ar
configure:10814: result: /Users/tsujiyuuki/Dropbox/For_Programming/12step/tools/h8300-elf/bin/ar
configure:11014: checking for as
configure:11032: found /Users/tsujiyuuki/Dropbox/For_Programming/12step/tools/h8300-elf/bin/as
configure:11044: result: /Users/tsujiyuuki/Dropbox/For_Programming/12step/tools/h8300-elf/bin/as
configure:11244: checking for dlltool
configure:11277: result: no
configure:11355: checking for h8300-elf-dlltool
configure:11385: result: no
configure:11474: checking for ld
configure:11492: found /Users/tsujiyuuki/Dropbox/For_Programming/12step/tools/h8300-elf/bin/ld
configure:11504: result: /Users/tsujiyuuki/Dropbox/For_Programming/12step/tools/h8300-elf/bin/ld
configure:11704: checking for lipo
configure:11737: result: no
configure:11815: checking for h8300-elf-lipo
configure:11845: result: no
configure:11934: checking for nm
configure:11952: found /Users/tsujiyuuki/Dropbox/For_Programming/12step/tools/h8300-elf/bin/nm
configure:11964: result: /Users/tsujiyuuki/Dropbox/For_Programming/12step/tools/h8300-elf/bin/nm
configure:12164: checking for objdump
configure:12182: found /Users/tsujiyuuki/Dropbox/For_Programming/12step/tools/h8300-elf/bin/objdump
configure:12194: result: /Users/tsujiyuuki/Dropbox/For_Programming/12step/tools/h8300-elf/bin/objdump
configure:12394: checking for ranlib
configure:12412: found /Users/tsujiyuuki/Dropbox/For_Programming/12step/tools/h8300-elf/bin/ranlib
configure:12424: result: /Users/tsujiyuuki/Dropbox/For_Programming/12step/tools/h8300-elf/bin/ranlib
configure:12624: checking for readelf
configure:12657: result: no
configure:12735: checking for h8300-elf-readelf
configure:12751: found //Users/tsujiyuuki/Dropbox/For_Programming/12step/tools/bin/h8300-elf-readelf
configure:12762: result: h8300-elf-readelf
configure:12854: checking for strip
configure:12872: found /Users/tsujiyuuki/Dropbox/For_Programming/12step/tools/h8300-elf/bin/strip
configure:12884: result: /Users/tsujiyuuki/Dropbox/For_Programming/12step/tools/h8300-elf/bin/strip
configure:13084: checking for windres
configure:13117: result: no
configure:13195: checking for h8300-elf-windres
configure:13225: result: no
configure:13314: checking for windmc
configure:13347: result: no
configure:13425: checking for h8300-elf-windmc
configure:13455: result: no
configure:13522: checking where to find the target ar
configure:13550: result: pre-installed in /Users/tsujiyuuki/Dropbox/For_Programming/12step/tools/h8300-elf/bin
configure:13564: checking where to find the target as
configure:13592: result: pre-installed in /Users/tsujiyuuki/Dropbox/For_Programming/12step/tools/h8300-elf/bin
configure:13606: checking where to find the target cc
configure:13629: result: just compiled
configure:13648: checking where to find the target c++
configure:13688: result: pre-installed
configure:13693: checking where to find the target c++ for libstdc++
configure:13733: result: pre-installed
configure:13738: checking where to find the target dlltool
configure:13775: result: pre-installed
configure:13780: checking where to find the target gcc
configure:13803: result: just compiled
configure:13822: checking where to find the target gcj
configure:13862: result: pre-installed
configure:13867: checking where to find the target gfortran
configure:13907: result: pre-installed
configure:13912: checking where to find the target gccgo
configure:13952: result: pre-installed
configure:13957: checking where to find the target ld
configure:13985: result: pre-installed in /Users/tsujiyuuki/Dropbox/For_Programming/12step/tools/h8300-elf/bin
configure:13999: checking where to find the target lipo
configure:14025: result: pre-installed
configure:14030: checking where to find the target nm
configure:14058: result: pre-installed in /Users/tsujiyuuki/Dropbox/For_Programming/12step/tools/h8300-elf/bin
configure:14072: checking where to find the target objdump
configure:14100: result: pre-installed in /Users/tsujiyuuki/Dropbox/For_Programming/12step/tools/h8300-elf/bin
configure:14114: checking where to find the target ranlib
configure:14142: result: pre-installed in /Users/tsujiyuuki/Dropbox/For_Programming/12step/tools/h8300-elf/bin
configure:14156: checking where to find the target readelf
configure:14193: result: pre-installed
configure:14198: checking where to find the target strip
configure:14226: result: pre-installed in /Users/tsujiyuuki/Dropbox/For_Programming/12step/tools/h8300-elf/bin
configure:14240: checking where to find the target windres
configure:14277: result: pre-installed
configure:14282: checking where to find the target windmc
configure:14319: result: pre-installed
configure:14352: checking whether to enable maintainer-specific portions of Makefiles
configure:14361: result: no
configure:14394: checking whether -fkeep-inline-functions is supported
configure:14413: gcc -c -g -O2 -fkeep-inline-functions  conftest.c >&5
clang: warning: optimization flag '-fkeep-inline-functions' is not supported
clang: warning: argument unused during compilation: '-fkeep-inline-functions'
configure:14413: $? = 0
configure:14414: result: yes
configure:14620: creating ./config.status

## ---------------------- ##
## Running config.status. ##
## ---------------------- ##

This file was extended by config.status, which was
generated by GNU Autoconf 2.64.  Invocation command line was

  CONFIG_FILES    = 
  CONFIG_HEADERS  = 
  CONFIG_LINKS    = 
  CONFIG_COMMANDS = 
  $ ./config.status 

on tsujiyuuki-no-MacBook-Pro.local

config.status:956: creating Makefile

## ---------------- ##
## Cache variables. ##
## ---------------- ##

ac_cv_build=x86_64-apple-darwin14.4.0
ac_cv_c_compiler_gnu=yes
ac_cv_cxx_compiler_gnu=yes
ac_cv_env_AR_FOR_TARGET_set=
ac_cv_env_AR_FOR_TARGET_value=
ac_cv_env_AR_set=
ac_cv_env_AR_value=
ac_cv_env_AS_FOR_TARGET_set=
ac_cv_env_AS_FOR_TARGET_value=
ac_cv_env_AS_set=
ac_cv_env_AS_value=
ac_cv_env_CCC_set=
ac_cv_env_CCC_value=
ac_cv_env_CC_FOR_TARGET_set=
ac_cv_env_CC_FOR_TARGET_value=
ac_cv_env_CC_set=
ac_cv_env_CC_value=
ac_cv_env_CFLAGS_set=
ac_cv_env_CFLAGS_value=
ac_cv_env_CPPFLAGS_set=
ac_cv_env_CPPFLAGS_value=
ac_cv_env_CXXFLAGS_set=
ac_cv_env_CXXFLAGS_value=
ac_cv_env_CXX_FOR_TARGET_set=
ac_cv_env_CXX_FOR_TARGET_value=
ac_cv_env_CXX_set=
ac_cv_env_CXX_value=
ac_cv_env_DLLTOOL_FOR_TARGET_set=
ac_cv_env_DLLTOOL_FOR_TARGET_value=
ac_cv_env_DLLTOOL_set=
ac_cv_env_DLLTOOL_value=
ac_cv_env_GCC_FOR_TARGET_set=
ac_cv_env_GCC_FOR_TARGET_value=
ac_cv_env_GCJ_FOR_TARGET_set=
ac_cv_env_GCJ_FOR_TARGET_value=
ac_cv_env_GFORTRAN_FOR_TARGET_set=
ac_cv_env_GFORTRAN_FOR_TARGET_value=
ac_cv_env_GOC_FOR_TARGET_set=
ac_cv_env_GOC_FOR_TARGET_value=
ac_cv_env_LDFLAGS_set=
ac_cv_env_LDFLAGS_value=
ac_cv_env_LD_FOR_TARGET_set=
ac_cv_env_LD_FOR_TARGET_value=
ac_cv_env_LD_set=
ac_cv_env_LD_value=
ac_cv_env_LIBS_set=
ac_cv_env_LIBS_value=
ac_cv_env_LIPO_FOR_TARGET_set=
ac_cv_env_LIPO_FOR_TARGET_value=
ac_cv_env_LIPO_set=
ac_cv_env_LIPO_value=
ac_cv_env_NM_FOR_TARGET_set=
ac_cv_env_NM_FOR_TARGET_value=
ac_cv_env_NM_set=
ac_cv_env_NM_value=
ac_cv_env_OBJCOPY_set=
ac_cv_env_OBJCOPY_value=
ac_cv_env_OBJDUMP_FOR_TARGET_set=
ac_cv_env_OBJDUMP_FOR_TARGET_value=
ac_cv_env_OBJDUMP_set=
ac_cv_env_OBJDUMP_value=
ac_cv_env_RANLIB_FOR_TARGET_set=
ac_cv_env_RANLIB_FOR_TARGET_value=
ac_cv_env_RANLIB_set=
ac_cv_env_RANLIB_value=
ac_cv_env_READELF_FOR_TARGET_set=
ac_cv_env_READELF_FOR_TARGET_value=
ac_cv_env_READELF_set=
ac_cv_env_READELF_value=
ac_cv_env_STRIP_FOR_TARGET_set=
ac_cv_env_STRIP_FOR_TARGET_value=
ac_cv_env_STRIP_set=
ac_cv_env_STRIP_value=
ac_cv_env_WINDMC_FOR_TARGET_set=
ac_cv_env_WINDMC_FOR_TARGET_value=
ac_cv_env_WINDMC_set=
ac_cv_env_WINDMC_value=
ac_cv_env_WINDRES_FOR_TARGET_set=
ac_cv_env_WINDRES_FOR_TARGET_value=
ac_cv_env_WINDRES_set=
ac_cv_env_WINDRES_value=
ac_cv_env_build_alias_set=
ac_cv_env_build_alias_value=
ac_cv_env_build_configargs_set=
ac_cv_env_build_configargs_value=
ac_cv_env_host_alias_set=
ac_cv_env_host_alias_value=
ac_cv_env_host_configargs_set=
ac_cv_env_host_configargs_value=
ac_cv_env_target_alias_set=set
ac_cv_env_target_alias_value=h8300-elf
ac_cv_env_target_configargs_set=
ac_cv_env_target_configargs_value=
ac_cv_host=x86_64-apple-darwin14.4.0
ac_cv_lib_pwl_PWL_handle_timeout=no
ac_cv_objext=o
ac_cv_path_AR_FOR_TARGET=/Users/tsujiyuuki/Dropbox/For_Programming/12step/tools/h8300-elf/bin/ar
ac_cv_path_AS_FOR_TARGET=/Users/tsujiyuuki/Dropbox/For_Programming/12step/tools/h8300-elf/bin/as
ac_cv_path_LD_FOR_TARGET=/Users/tsujiyuuki/Dropbox/For_Programming/12step/tools/h8300-elf/bin/ld
ac_cv_path_NM_FOR_TARGET=/Users/tsujiyuuki/Dropbox/For_Programming/12step/tools/h8300-elf/bin/nm
ac_cv_path_OBJDUMP_FOR_TARGET=/Users/tsujiyuuki/Dropbox/For_Programming/12step/tools/h8300-elf/bin/objdump
ac_cv_path_RANLIB_FOR_TARGET=/Users/tsujiyuuki/Dropbox/For_Programming/12step/tools/h8300-elf/bin/ranlib
ac_cv_path_SED=/usr/bin/sed
ac_cv_path_STRIP_FOR_TARGET=/Users/tsujiyuuki/Dropbox/For_Programming/12step/tools/h8300-elf/bin/strip
ac_cv_path_install='/usr/bin/install -c'
ac_cv_prog_AR=ar
ac_cv_prog_AS=as
ac_cv_prog_AWK=awk
ac_cv_prog_BISON=bison
ac_cv_prog_EXPECT=expect
ac_cv_prog_FLEX=flex
ac_cv_prog_LD=/Applications/Xcode.app/Contents/Developer/Toolchains/XcodeDefault.xctoolchain/usr/bin/ld
ac_cv_prog_LEX=flex
ac_cv_prog_LIPO=lipo
ac_cv_prog_M4=gm4
ac_cv_prog_MAKEINFO=makeinfo
ac_cv_prog_NM=nm
ac_cv_prog_RANLIB=ranlib
ac_cv_prog_READELF_FOR_TARGET=h8300-elf-readelf
ac_cv_prog_STRIP=strip
ac_cv_prog_YACC='bison -y'
ac_cv_prog_ac_ct_CC=gcc
ac_cv_prog_ac_ct_CXX=g++
ac_cv_prog_cc_c89=
ac_cv_prog_cc_g=yes
ac_cv_prog_cxx_g=yes
ac_cv_target=h8300-unknown-elf
acx_cv_cc_gcc_supports_ada=no
acx_cv_prog_LN=ln
gcc_cv_prog_cmp_skip='cmp --ignore-initial=16 $$f1 $$f2'
gcc_cv_tool_dirs=/Users/tsujiyuuki/Dropbox/For_Programming/12step/tools/libexec/gcc/h8300-elf/4.7.1:/Users/tsujiyuuki/Dropbox/For_Programming/12step/tools/libexec/gcc/h8300-elf:/usr/lib/gcc/h8300-elf/4.7.1:/usr/lib/gcc/h8300-elf:/Users/tsujiyuuki/Dropbox/For_Programming/12step/tools/h8300-elf/bin/h8300-elf/4.7.1:/Users/tsujiyuuki/Dropbox/For_Programming/12step/tools/h8300-elf/bin:
gcc_cv_tool_prefix=/Users/tsujiyuuki/Dropbox/For_Programming/12step/tools
lt_cv_objdir=.libs

## ----------------- ##
## Output variables. ##
## ----------------- ##

AR='ar'
AR_FOR_BUILD='$(AR)'
AR_FOR_TARGET='/Users/tsujiyuuki/Dropbox/For_Programming/12step/tools/h8300-elf/bin/ar'
AS='as'
AS_FOR_BUILD='$(AS)'
AS_FOR_TARGET='/Users/tsujiyuuki/Dropbox/For_Programming/12step/tools/h8300-elf/bin/as'
AWK='awk'
BISON='bison'
BUILD_CONFIG=''
CC='gcc'
CC_FOR_BUILD='$(CC)'
CC_FOR_TARGET='$$r/$(HOST_SUBDIR)/gcc/xgcc -B$$r/$(HOST_SUBDIR)/gcc/'
CFLAGS='-g -O2'
CFLAGS_FOR_BUILD='-g -O2'
CFLAGS_FOR_TARGET='-g -O2'
COMPILER_AS_FOR_TARGET='$$r/$(HOST_SUBDIR)/gcc/as'
COMPILER_LD_FOR_TARGET='$$r/$(HOST_SUBDIR)/gcc/collect-ld'
COMPILER_NM_FOR_TARGET='$$r/$(HOST_SUBDIR)/gcc/nm'
CONFIGURE_GDB_TK=''
CPPFLAGS=''
CXX='g++'
CXXFLAGS='-g -O2'
CXXFLAGS_FOR_BUILD='-g -O2'
CXXFLAGS_FOR_TARGET='-g -O2'
CXX_FOR_BUILD='$(CXX)'
CXX_FOR_TARGET='h8300-elf-c++'
DEBUG_PREFIX_CFLAGS_FOR_TARGET=''
DEFS='-DPACKAGE_NAME=\"\" -DPACKAGE_TARNAME=\"\" -DPACKAGE_VERSION=\"\" -DPACKAGE_STRING=\"\" -DPACKAGE_BUGREPORT=\"\" -DPACKAGE_URL=\"\" -DLT_OBJDIR=\".libs/\"'
DLLTOOL='dlltool'
DLLTOOL_FOR_BUILD='$(DLLTOOL)'
DLLTOOL_FOR_TARGET='h8300-elf-dlltool'
ECHO_C='\c'
ECHO_N=''
ECHO_T=''
EXEEXT=''
EXPECT='expect'
EXTRA_CONFIGARGS_LIBJAVA='--disable-static'
FLAGS_FOR_TARGET=' -B$(build_tooldir)/bin/ -B$(build_tooldir)/lib/ -isystem $(build_tooldir)/include -isystem $(build_tooldir)/sys-include'
FLEX='flex'
GCC_FOR_TARGET='$$r/$(HOST_SUBDIR)/gcc/xgcc -B$$r/$(HOST_SUBDIR)/gcc/'
GCC_SHLIB_SUBDIR=''
GCJ_FOR_BUILD='$(GCJ)'
GCJ_FOR_TARGET='h8300-elf-gcj'
GDB_TK=''
GFORTRAN_FOR_BUILD='$(GFORTRAN)'
GFORTRAN_FOR_TARGET='h8300-elf-gfortran'
GNATBIND='no'
GNATMAKE='no'
GOC_FOR_BUILD='$(GOC)'
GOC_FOR_TARGET='h8300-elf-gccgo'
INSTALL_DATA='${INSTALL} -m 644'
INSTALL_GDB_TK=''
INSTALL_PROGRAM='${INSTALL}'
INSTALL_SCRIPT='${INSTALL}'
LD='/Applications/Xcode.app/Contents/Developer/Toolchains/XcodeDefault.xctoolchain/usr/bin/ld'
LDFLAGS=''
LDFLAGS_FOR_BUILD=''
LDFLAGS_FOR_TARGET=''
LD_FOR_BUILD='$(LD)'
LD_FOR_TARGET='/Users/tsujiyuuki/Dropbox/For_Programming/12step/tools/h8300-elf/bin/ld'
LEX='flex'
LIBOBJS=''
LIBS=''
LIPO='lipo'
LIPO_FOR_TARGET='h8300-elf-lipo'
LN='ln'
LN_S='ln -s'
LTLIBOBJS=''
M4='gm4'
MAINT='#'
MAINTAINER_MODE_FALSE=''
MAINTAINER_MODE_TRUE='#'
MAKEINFO='makeinfo'
NM='nm'
NM_FOR_BUILD='$(NM)'
NM_FOR_TARGET='/Users/tsujiyuuki/Dropbox/For_Programming/12step/tools/h8300-elf/bin/nm'
OBJCOPY='objcopy'
OBJDUMP='objdump'
OBJDUMP_FOR_TARGET='/Users/tsujiyuuki/Dropbox/For_Programming/12step/tools/h8300-elf/bin/objdump'
OBJEXT='o'
PACKAGE_BUGREPORT=''
PACKAGE_NAME=''
PACKAGE_STRING=''
PACKAGE_TARNAME=''
PACKAGE_URL=''
PACKAGE_VERSION=''
PATH_SEPARATOR=':'
POSTSTAGE1_CONFIGURE_FLAGS='--enable-build-with-cxx'
RANLIB='ranlib'
RANLIB_FOR_BUILD='$(RANLIB)'
RANLIB_FOR_TARGET='/Users/tsujiyuuki/Dropbox/For_Programming/12step/tools/h8300-elf/bin/ranlib'
RAW_CXX_FOR_TARGET='h8300-elf-c++'
READELF='readelf'
READELF_FOR_TARGET='h8300-elf-readelf'
RPATH_ENVVAR='DYLD_LIBRARY_PATH'
RUNTEST='runtest'
SED='/usr/bin/sed'
SHELL='/bin/sh'
STRIP='strip'
STRIP_FOR_TARGET='/Users/tsujiyuuki/Dropbox/For_Programming/12step/tools/h8300-elf/bin/strip'
SYSROOT_CFLAGS_FOR_TARGET=''
TOPLEVEL_CONFIGURE_ARGUMENTS='./configure --target=h8300-elf -disable-nls --disable-threads --disable-shared --disable-werror --enable-languages=c --prefix=/Users/tsujiyuuki/Dropbox/For_Programming/12step/tools --with-gmp=/Users/tsujiyuuki/Dropbox/For_Programming/12step/tools/gmp --with-mpfr=/Users/tsujiyuuki/Dropbox/For_Programming/12step/tools/mpfr --with-mpc=/usr/local/mpc'
WINDMC='windmc'
WINDMC_FOR_BUILD='$(WINDMC)'
WINDMC_FOR_TARGET='h8300-elf-windmc'
WINDRES='windres'
WINDRES_FOR_BUILD='$(WINDRES)'
WINDRES_FOR_TARGET='h8300-elf-windres'
YACC='bison -y'
ac_ct_CC='gcc'
ac_ct_CXX='g++'
bindir='${exec_prefix}/bin'
build='x86_64-apple-darwin14.4.0'
build_alias=''
build_configargs=' --cache-file=../config.cache '\''-disable-nls'\'' '\''--disable-threads'\'' '\''--disable-shared'\'' '\''--disable-werror'\'' '\''--prefix=/Users/tsujiyuuki/Dropbox/For_Programming/12step/tools'\'' '\''--with-gmp=/Users/tsujiyuuki/Dropbox/For_Programming/12step/tools/gmp'\'' '\''--with-mpfr=/Users/tsujiyuuki/Dropbox/For_Programming/12step/tools/mpfr'\'' '\''--with-mpc=/usr/local/mpc'\'' '\''--enable-languages=c,lto'\'' --program-transform-name='\''s&^&h8300-elf-&'\'' --disable-option-checking'
build_configdirs=' libiberty fixincludes'
build_cpu='x86_64'
build_libsubdir='build-x86_64-apple-darwin14.4.0'
build_noncanonical='x86_64-apple-darwin14.4.0'
build_os='darwin14.4.0'
build_subdir='build-x86_64-apple-darwin14.4.0'
build_tooldir='${exec_prefix}/h8300-elf'
build_vendor='apple'
clooginc=''
clooglibs=''
compare_exclusions='gcc/cc*-checksum$(objext) | gcc/ada/*tools/*'
configdirs=' intl libiberty zlib libcpp libdecnumber fixincludes gcc lto-plugin'
datadir='${datarootdir}'
datarootdir='${prefix}/share'
do_compare='cmp --ignore-initial=16 $$f1 $$f2'
docdir='${datarootdir}/doc/${PACKAGE}'
dvidir='${docdir}'
exec_prefix='${prefix}'
extra_host_libiberty_configure_flags='--enable-shared'
extra_mpc_gmp_configure_flags=''
extra_mpc_mpfr_configure_flags=''
extra_mpfr_configure_flags=''
gmpinc='-I/Users/tsujiyuuki/Dropbox/For_Programming/12step/tools/gmp/include -I/Users/tsujiyuuki/Dropbox/For_Programming/12step/tools/mpfr/include -I/usr/local/mpc/include '
gmplibs='-L/Users/tsujiyuuki/Dropbox/For_Programming/12step/tools/gmp/lib -L/Users/tsujiyuuki/Dropbox/For_Programming/12step/tools/mpfr/lib -L/usr/local/mpc/lib -lmpc -lmpfr -lgmp'
host='x86_64-apple-darwin14.4.0'
host_alias=''
host_configargs=' --cache-file=./config.cache  '\''-disable-nls'\'' '\''--disable-threads'\'' '\''--disable-shared'\'' '\''--disable-werror'\'' '\''--prefix=/Users/tsujiyuuki/Dropbox/For_Programming/12step/tools'\'' '\''--with-gmp=/Users/tsujiyuuki/Dropbox/For_Programming/12step/tools/gmp'\'' '\''--with-mpfr=/Users/tsujiyuuki/Dropbox/For_Programming/12step/tools/mpfr'\'' '\''--with-mpc=/usr/local/mpc'\'' '\''--enable-languages=c,lto'\'' --program-transform-name='\''s&^&h8300-elf-&'\'' --disable-option-checking'
host_cpu='x86_64'
host_noncanonical='x86_64-apple-darwin14.4.0'
host_os='darwin14.4.0'
host_subdir='host-x86_64-apple-darwin14.4.0'
host_vendor='apple'
htmldir='${docdir}'
includedir='${prefix}/include'
infodir='${datarootdir}/info'
libdir='${exec_prefix}/lib'
libexecdir='${exec_prefix}/libexec'
localedir='${datarootdir}/locale'
localstatedir='${prefix}/var'
mandir='${datarootdir}/man'
oldincludedir='/usr/include'
pdfdir='${docdir}'
poststage1_ldflags='-static-libstdc++ -static-libgcc'
poststage1_libs=''
pplinc=''
ppllibs=''
prefix='/Users/tsujiyuuki/Dropbox/For_Programming/12step/tools'
program_transform_name='s&^&h8300-elf-&'
psdir='${docdir}'
sbindir='${exec_prefix}/sbin'
sharedstatedir='${prefix}/com'
stage1_cflags='-g -fkeep-inline-functions'
stage1_checking='--enable-checking=yes,types'
stage1_languages='c,lto'
stage1_ldflags=''
stage1_libs=''
stage2_werror_flag=''
sysconfdir='${prefix}/etc'
target='h8300-unknown-elf'
target_alias='h8300-elf'
target_configargs='--cache-file=./config.cache --enable-multilib --with-cross-host=x86_64-apple-darwin14.4.0   '\''-disable-nls'\'' '\''--disable-threads'\'' '\''--disable-shared'\'' '\''--disable-werror'\'' '\''--prefix=/Users/tsujiyuuki/Dropbox/For_Programming/12step/tools'\'' '\''--enable-languages=c,lto'\'' --program-transform-name='\''s&^&h8300-elf-&'\'' --disable-option-checking'
target_configdirs=' libgcc libssp libquadmath'
target_cpu='h8300'
target_noncanonical='h8300-elf'
target_os='elf'
target_subdir='h8300-elf'
target_vendor='unknown'
tooldir='${exec_prefix}/h8300-elf'

## ------------------- ##
## File substitutions. ##
## ------------------- ##

alphaieee_frag='/dev/null'
host_makefile_frag='./config/mh-darwin'
ospace_frag='/dev/null'
serialization_dependencies='serdep.tmp'
target_makefile_frag='/dev/null'

## ----------- ##
## confdefs.h. ##
## ----------- ##

/* confdefs.h */
#define PACKAGE_NAME ""
#define PACKAGE_TARNAME ""
#define PACKAGE_VERSION ""
#define PACKAGE_STRING ""
#define PACKAGE_BUGREPORT ""
#define PACKAGE_URL ""
#define LT_OBJDIR ".libs/"

configure: exit 0
