This file contains any messages produced by compilers while
running configure, to aid debugging if configure makes a mistake.

It was created by GNU C Runtime Library configure 1.0, which was
generated by GNU Autoconf 2.64.  Invocation command line was

  $ ../../.././libgcc/configure --with-multisubdir=h8sx --with-multisrctop= --enable-multilib --cache-file=./config.cache --enable-multilib --with-cross-host=x86_64-apple-darwin14.4.0 -disable-nls --disable-threads --disable-shared --disable-werror --prefix=/Users/tsujiyuuki/Dropbox/For_Programming/12step/tools --enable-languages=c,lto --program-transform-name=s&^&h8300-elf-& --disable-option-checking --with-target-subdir=h8300-elf --build=x86_64-apple-darwin14.4.0 --host=h8300-elf --target=h8300-elf --srcdir=../.././libgcc build_alias=x86_64-apple-darwin14.4.0 host_alias=h8300-elf target_alias=h8300-elf CC=/Users/tsujiyuuki/Dropbox/For_Programming/12step/build/gcc-4.7.1/host-x86_64-apple-darwin14.4.0/gcc/xgcc -B/Users/tsujiyuuki/Dropbox/For_Programming/12step/build/gcc-4.7.1/host-x86_64-apple-darwin14.4.0/gcc/ -B/Users/tsujiyuuki/Dropbox/For_Programming/12step/tools/h8300-elf/bin/ -B/Users/tsujiyuuki/Dropbox/For_Programming/12step/tools/h8300-elf/lib/ -isystem /Users/tsujiyuuki/Dropbox/For_Programming/12step/tools/h8300-elf/include -isystem /Users/tsujiyuuki/Dropbox/For_Programming/12step/tools/h8300-elf/sys-include  CFLAGS=-g -O2 LDFLAGS= CPPFLAGS= CC=/Users/tsujiyuuki/Dropbox/For_Programming/12step/build/gcc-4.7.1/host-x86_64-apple-darwin14.4.0/gcc/xgcc -B/Users/tsujiyuuki/Dropbox/For_Programming/12step/build/gcc-4.7.1/host-x86_64-apple-darwin14.4.0/gcc/ -B/Users/tsujiyuuki/Dropbox/For_Programming/12step/tools/h8300-elf/bin/ -B/Users/tsujiyuuki/Dropbox/For_Programming/12step/tools/h8300-elf/lib/ -isystem /Users/tsujiyuuki/Dropbox/For_Programming/12step/tools/h8300-elf/include -isystem /Users/tsujiyuuki/Dropbox/For_Programming/12step/tools/h8300-elf/sys-include  -msx CXX=h8300-elf-c++ -B/Users/tsujiyuuki/Dropbox/For_Programming/12step/tools/h8300-elf/bin/ -B/Users/tsujiyuuki/Dropbox/For_Programming/12step/tools/h8300-elf/lib/ -isystem /Users/tsujiyuuki/Dropbox/For_Programming/12step/tools/h8300-elf/include -isystem /Users/tsujiyuuki/Dropbox/For_Programming/12step/tools/h8300-elf/sys-include  -msx F77= -msx GCJ=h8300-elf-gcj -B/Users/tsujiyuuki/Dropbox/For_Programming/12step/tools/h8300-elf/bin/ -B/Users/tsujiyuuki/Dropbox/For_Programming/12step/tools/h8300-elf/lib/ -isystem /Users/tsujiyuuki/Dropbox/For_Programming/12step/tools/h8300-elf/include -isystem /Users/tsujiyuuki/Dropbox/For_Programming/12step/tools/h8300-elf/sys-include  -msx GFORTRAN=h8300-elf-gfortran -B/Users/tsujiyuuki/Dropbox/For_Programming/12step/tools/h8300-elf/bin/ -B/Users/tsujiyuuki/Dropbox/For_Programming/12step/tools/h8300-elf/lib/ -isystem /Users/tsujiyuuki/Dropbox/For_Programming/12step/tools/h8300-elf/include -isystem /Users/tsujiyuuki/Dropbox/For_Programming/12step/tools/h8300-elf/sys-include  -msx GOC=h8300-elf-gccgo -B/Users/tsujiyuuki/Dropbox/For_Programming/12step/tools/h8300-elf/bin/ -B/Users/tsujiyuuki/Dropbox/For_Programming/12step/tools/h8300-elf/lib/ -isystem /Users/tsujiyuuki/Dropbox/For_Programming/12step/tools/h8300-elf/include -isystem /Users/tsujiyuuki/Dropbox/For_Programming/12step/tools/h8300-elf/sys-include  -msx -srcdir=../../.././libgcc

## --------- ##
## Platform. ##
## --------- ##

hostname = tsujiyuuki-no-MacBook-Pro.local
uname -m = x86_64
uname -r = 14.4.0
uname -s = Darwin
uname -v = Darwin Kernel Version 14.4.0: Thu May 28 11:35:04 PDT 2015; root:xnu-2782.30.5~1/RELEASE_X86_64

/usr/bin/uname -p = i386
/bin/uname -X     = unknown

/bin/arch              = unknown
/usr/bin/arch -k       = unknown
/usr/convex/getsysinfo = unknown
/usr/bin/hostinfo      = Mach kernel version:
	 Darwin Kernel Version 14.4.0: Thu May 28 11:35:04 PDT 2015; root:xnu-2782.30.5~1/RELEASE_X86_64
Kernel configured for up to 8 processors.
4 processors are physically available.
8 processors are logically available.
Processor type: x86_64h (Intel x86-64h Haswell)
Processors active: 0 1 2 3 4 5 6 7
Primary memory available: 16.00 gigabytes
Default processor set: 261 tasks, 1404 threads, 8 processors
Load average: 2.51, Mach factor: 5.48
/bin/machine           = unknown
/usr/bin/oslevel       = unknown
/bin/universe          = unknown

PATH: /Users/tsujiyuuki/.rbenv/bin
PATH: /Users/tsujiyuuki/pylearn2/pylearn2/scripts
PATH: //Users/tsujiyuuki/Dropbox/For_Programming/12step/tools/bin
PATH: /usr/local/bin
PATH: /usr/local/bin
PATH: /usr/local/bin
PATH: /usr/local/bin
PATH: /usr/local/bin
PATH: /usr/local/bin
PATH: /usr/bin
PATH: /bin
PATH: /usr/sbin
PATH: /sbin
PATH: /opt/X11/bin
PATH: /usr/texbin


## ----------- ##
## Core tests. ##
## ----------- ##

configure:1976: creating cache ./config.cache
configure:2144: checking build system type
configure:2158: result: x86_64-apple-darwin14.4.0
configure:2178: checking host system type
configure:2191: result: h8300-unknown-elf
configure:2289: checking for --enable-version-specific-runtime-libs
configure:2302: result: no
configure:2350: checking for a BSD-compatible install
configure:2418: result: /usr/bin/install -c
configure:2434: checking for gawk
configure:2461: result: awk
configure:2561: checking for h8300-elf-ar
configure:2588: result: /Users/tsujiyuuki/Dropbox/For_Programming/12step/tools/h8300-elf/bin/ar
configure:2653: checking for h8300-elf-lipo
configure:2680: result: h8300-elf-lipo
configure:2745: checking for h8300-elf-nm
configure:2772: result: /Users/tsujiyuuki/Dropbox/For_Programming/12step/build/gcc-4.7.1/host-x86_64-apple-darwin14.4.0/gcc/nm
configure:2837: checking for h8300-elf-ranlib
configure:2864: result: /Users/tsujiyuuki/Dropbox/For_Programming/12step/tools/h8300-elf/bin/ranlib
configure:2929: checking for h8300-elf-strip
configure:2956: result: /Users/tsujiyuuki/Dropbox/For_Programming/12step/tools/h8300-elf/bin/strip
configure:3018: checking whether ln -s works
configure:3022: result: yes
configure:3039: checking for h8300-elf-gcc
configure:3066: result: /Users/tsujiyuuki/Dropbox/For_Programming/12step/build/gcc-4.7.1/host-x86_64-apple-darwin14.4.0/gcc/xgcc -B/Users/tsujiyuuki/Dropbox/For_Programming/12step/build/gcc-4.7.1/host-x86_64-apple-darwin14.4.0/gcc/ -B/Users/tsujiyuuki/Dropbox/For_Programming/12step/tools/h8300-elf/bin/ -B/Users/tsujiyuuki/Dropbox/For_Programming/12step/tools/h8300-elf/lib/ -isystem /Users/tsujiyuuki/Dropbox/For_Programming/12step/tools/h8300-elf/include -isystem /Users/tsujiyuuki/Dropbox/For_Programming/12step/tools/h8300-elf/sys-include  -msx
configure:3335: checking for C compiler version
configure:3344: /Users/tsujiyuuki/Dropbox/For_Programming/12step/build/gcc-4.7.1/host-x86_64-apple-darwin14.4.0/gcc/xgcc -B/Users/tsujiyuuki/Dropbox/For_Programming/12step/build/gcc-4.7.1/host-x86_64-apple-darwin14.4.0/gcc/ -B/Users/tsujiyuuki/Dropbox/For_Programming/12step/tools/h8300-elf/bin/ -B/Users/tsujiyuuki/Dropbox/For_Programming/12step/tools/h8300-elf/lib/ -isystem /Users/tsujiyuuki/Dropbox/For_Programming/12step/tools/h8300-elf/include -isystem /Users/tsujiyuuki/Dropbox/For_Programming/12step/tools/h8300-elf/sys-include  -msx --version >&5
xgcc (GCC) 4.7.1
Copyright (C) 2012 Free Software Foundation, Inc.
This is free software; see the source for copying conditions.  There is NO
warranty; not even for MERCHANTABILITY or FITNESS FOR A PARTICULAR PURPOSE.

configure:3355: $? = 0
configure:3344: /Users/tsujiyuuki/Dropbox/For_Programming/12step/build/gcc-4.7.1/host-x86_64-apple-darwin14.4.0/gcc/xgcc -B/Users/tsujiyuuki/Dropbox/For_Programming/12step/build/gcc-4.7.1/host-x86_64-apple-darwin14.4.0/gcc/ -B/Users/tsujiyuuki/Dropbox/For_Programming/12step/tools/h8300-elf/bin/ -B/Users/tsujiyuuki/Dropbox/For_Programming/12step/tools/h8300-elf/lib/ -isystem /Users/tsujiyuuki/Dropbox/For_Programming/12step/tools/h8300-elf/include -isystem /Users/tsujiyuuki/Dropbox/For_Programming/12step/tools/h8300-elf/sys-include  -msx -v >&5
Reading specs from /Users/tsujiyuuki/Dropbox/For_Programming/12step/build/gcc-4.7.1/host-x86_64-apple-darwin14.4.0/gcc/specs
COLLECT_GCC=/Users/tsujiyuuki/Dropbox/For_Programming/12step/build/gcc-4.7.1/host-x86_64-apple-darwin14.4.0/gcc/xgcc
COLLECT_LTO_WRAPPER=/Users/tsujiyuuki/Dropbox/For_Programming/12step/build/gcc-4.7.1/host-x86_64-apple-darwin14.4.0/gcc/lto-wrapper
Target: h8300-elf
Configured with: ./configure --target=h8300-elf -disable-nls --disable-threads --disable-shared --disable-werror --enable-languages=c --prefix=/Users/tsujiyuuki/Dropbox/For_Programming/12step/tools --with-gmp=/Users/tsujiyuuki/Dropbox/For_Programming/12step/tools/gmp --with-mpfr=/Users/tsujiyuuki/Dropbox/For_Programming/12step/tools/mpfr --with-mpc=/usr/local/mpc
Thread model: single
gcc version 4.7.1 (GCC) 
configure:3355: $? = 0
configure:3344: /Users/tsujiyuuki/Dropbox/For_Programming/12step/build/gcc-4.7.1/host-x86_64-apple-darwin14.4.0/gcc/xgcc -B/Users/tsujiyuuki/Dropbox/For_Programming/12step/build/gcc-4.7.1/host-x86_64-apple-darwin14.4.0/gcc/ -B/Users/tsujiyuuki/Dropbox/For_Programming/12step/tools/h8300-elf/bin/ -B/Users/tsujiyuuki/Dropbox/For_Programming/12step/tools/h8300-elf/lib/ -isystem /Users/tsujiyuuki/Dropbox/For_Programming/12step/tools/h8300-elf/include -isystem /Users/tsujiyuuki/Dropbox/For_Programming/12step/tools/h8300-elf/sys-include  -msx -V >&5
xgcc: error: unrecognized command line option '-V'
xgcc: fatal error: no input files
compilation terminated.
configure:3355: $? = 1
configure:3344: /Users/tsujiyuuki/Dropbox/For_Programming/12step/build/gcc-4.7.1/host-x86_64-apple-darwin14.4.0/gcc/xgcc -B/Users/tsujiyuuki/Dropbox/For_Programming/12step/build/gcc-4.7.1/host-x86_64-apple-darwin14.4.0/gcc/ -B/Users/tsujiyuuki/Dropbox/For_Programming/12step/tools/h8300-elf/bin/ -B/Users/tsujiyuuki/Dropbox/For_Programming/12step/tools/h8300-elf/lib/ -isystem /Users/tsujiyuuki/Dropbox/For_Programming/12step/tools/h8300-elf/include -isystem /Users/tsujiyuuki/Dropbox/For_Programming/12step/tools/h8300-elf/sys-include  -msx -qversion >&5
xgcc: error: unrecognized command line option '-qversion'
xgcc: fatal error: no input files
compilation terminated.
configure:3355: $? = 1
configure:3371: /Users/tsujiyuuki/Dropbox/For_Programming/12step/build/gcc-4.7.1/host-x86_64-apple-darwin14.4.0/gcc/xgcc -B/Users/tsujiyuuki/Dropbox/For_Programming/12step/build/gcc-4.7.1/host-x86_64-apple-darwin14.4.0/gcc/ -B/Users/tsujiyuuki/Dropbox/For_Programming/12step/tools/h8300-elf/bin/ -B/Users/tsujiyuuki/Dropbox/For_Programming/12step/tools/h8300-elf/lib/ -isystem /Users/tsujiyuuki/Dropbox/For_Programming/12step/tools/h8300-elf/include -isystem /Users/tsujiyuuki/Dropbox/For_Programming/12step/tools/h8300-elf/sys-include  -msx -o conftest -g -O2   conftest.c  >&5
/Users/tsujiyuuki/Dropbox/For_Programming/12step/tools/h8300-elf/bin/ld: crt0.o: No such file: No such file or directory
collect2: error: ld returned 1 exit status
configure:3374: $? = 1
configure:3562: checking for suffix of object files
configure:3584: /Users/tsujiyuuki/Dropbox/For_Programming/12step/build/gcc-4.7.1/host-x86_64-apple-darwin14.4.0/gcc/xgcc -B/Users/tsujiyuuki/Dropbox/For_Programming/12step/build/gcc-4.7.1/host-x86_64-apple-darwin14.4.0/gcc/ -B/Users/tsujiyuuki/Dropbox/For_Programming/12step/tools/h8300-elf/bin/ -B/Users/tsujiyuuki/Dropbox/For_Programming/12step/tools/h8300-elf/lib/ -isystem /Users/tsujiyuuki/Dropbox/For_Programming/12step/tools/h8300-elf/include -isystem /Users/tsujiyuuki/Dropbox/For_Programming/12step/tools/h8300-elf/sys-include  -msx -c -g -O2  conftest.c >&5
configure:3588: $? = 0
configure:3609: result: o
configure:3613: checking whether we are using the GNU C compiler
configure:3632: /Users/tsujiyuuki/Dropbox/For_Programming/12step/build/gcc-4.7.1/host-x86_64-apple-darwin14.4.0/gcc/xgcc -B/Users/tsujiyuuki/Dropbox/For_Programming/12step/build/gcc-4.7.1/host-x86_64-apple-darwin14.4.0/gcc/ -B/Users/tsujiyuuki/Dropbox/For_Programming/12step/tools/h8300-elf/bin/ -B/Users/tsujiyuuki/Dropbox/For_Programming/12step/tools/h8300-elf/lib/ -isystem /Users/tsujiyuuki/Dropbox/For_Programming/12step/tools/h8300-elf/include -isystem /Users/tsujiyuuki/Dropbox/For_Programming/12step/tools/h8300-elf/sys-include  -msx -c -g -O2  conftest.c >&5
configure:3632: $? = 0
configure:3641: result: yes
configure:3650: checking whether /Users/tsujiyuuki/Dropbox/For_Programming/12step/build/gcc-4.7.1/host-x86_64-apple-darwin14.4.0/gcc/xgcc -B/Users/tsujiyuuki/Dropbox/For_Programming/12step/build/gcc-4.7.1/host-x86_64-apple-darwin14.4.0/gcc/ -B/Users/tsujiyuuki/Dropbox/For_Programming/12step/tools/h8300-elf/bin/ -B/Users/tsujiyuuki/Dropbox/For_Programming/12step/tools/h8300-elf/lib/ -isystem /Users/tsujiyuuki/Dropbox/For_Programming/12step/tools/h8300-elf/include -isystem /Users/tsujiyuuki/Dropbox/For_Programming/12step/tools/h8300-elf/sys-include  -msx accepts -g
configure:3670: /Users/tsujiyuuki/Dropbox/For_Programming/12step/build/gcc-4.7.1/host-x86_64-apple-darwin14.4.0/gcc/xgcc -B/Users/tsujiyuuki/Dropbox/For_Programming/12step/build/gcc-4.7.1/host-x86_64-apple-darwin14.4.0/gcc/ -B/Users/tsujiyuuki/Dropbox/For_Programming/12step/tools/h8300-elf/bin/ -B/Users/tsujiyuuki/Dropbox/For_Programming/12step/tools/h8300-elf/lib/ -isystem /Users/tsujiyuuki/Dropbox/For_Programming/12step/tools/h8300-elf/include -isystem /Users/tsujiyuuki/Dropbox/For_Programming/12step/tools/h8300-elf/sys-include  -msx -c -g  conftest.c >&5
configure:3670: $? = 0
configure:3711: result: yes
configure:3728: checking for /Users/tsujiyuuki/Dropbox/For_Programming/12step/build/gcc-4.7.1/host-x86_64-apple-darwin14.4.0/gcc/xgcc -B/Users/tsujiyuuki/Dropbox/For_Programming/12step/build/gcc-4.7.1/host-x86_64-apple-darwin14.4.0/gcc/ -B/Users/tsujiyuuki/Dropbox/For_Programming/12step/tools/h8300-elf/bin/ -B/Users/tsujiyuuki/Dropbox/For_Programming/12step/tools/h8300-elf/lib/ -isystem /Users/tsujiyuuki/Dropbox/For_Programming/12step/tools/h8300-elf/include -isystem /Users/tsujiyuuki/Dropbox/For_Programming/12step/tools/h8300-elf/sys-include  -msx option to accept ISO C89
configure:3792: /Users/tsujiyuuki/Dropbox/For_Programming/12step/build/gcc-4.7.1/host-x86_64-apple-darwin14.4.0/gcc/xgcc -B/Users/tsujiyuuki/Dropbox/For_Programming/12step/build/gcc-4.7.1/host-x86_64-apple-darwin14.4.0/gcc/ -B/Users/tsujiyuuki/Dropbox/For_Programming/12step/tools/h8300-elf/bin/ -B/Users/tsujiyuuki/Dropbox/For_Programming/12step/tools/h8300-elf/lib/ -isystem /Users/tsujiyuuki/Dropbox/For_Programming/12step/tools/h8300-elf/include -isystem /Users/tsujiyuuki/Dropbox/For_Programming/12step/tools/h8300-elf/sys-include  -msx  -c -g -O2  conftest.c >&5
conftest.c:10:19: fatal error: stdio.h: No such file or directory
compilation terminated.
configure:3792: $? = 1
configure: failed program was:
| /* confdefs.h */
| #define PACKAGE_NAME "GNU C Runtime Library"
| #define PACKAGE_TARNAME "libgcc"
| #define PACKAGE_VERSION "1.0"
| #define PACKAGE_STRING "GNU C Runtime Library 1.0"
| #define PACKAGE_BUGREPORT ""
| #define PACKAGE_URL "http://www.gnu.org/software/libgcc/"
| /* end confdefs.h.  */
| #include <stdarg.h>
| #include <stdio.h>
| #include <sys/types.h>
| #include <sys/stat.h>
| /* Most of the following tests are stolen from RCS 5.7's src/conf.sh.  */
| struct buf { int x; };
| FILE * (*rcsopen) (struct buf *, struct stat *, int);
| static char *e (p, i)
|      char **p;
|      int i;
| {
|   return p[i];
| }
| static char *f (char * (*g) (char **, int), char **p, ...)
| {
|   char *s;
|   va_list v;
|   va_start (v,p);
|   s = g (p, va_arg (v,int));
|   va_end (v);
|   return s;
| }
| 
| /* OSF 4.0 Compaq cc is some sort of almost-ANSI by default.  It has
|    function prototypes and stuff, but not '\xHH' hex character constants.
|    These don't provoke an error unfortunately, instead are silently treated
|    as 'x'.  The following induces an error, until -std is added to get
|    proper ANSI mode.  Curiously '\x00'!='x' always comes out true, for an
|    array size at least.  It's necessary to write '\x00'==0 to get something
|    that's true only with -std.  */
| int osf4_cc_array ['\x00' == 0 ? 1 : -1];
| 
| /* IBM C 6 for AIX is almost-ANSI by default, but it replaces macro parameters
|    inside strings and character constants.  */
| #define FOO(x) 'x'
| int xlc6_cc_array[FOO(a) == 'x' ? 1 : -1];
| 
| int test (int i, double x);
| struct s1 {int (*f) (int a);};
| struct s2 {int (*f) (double a);};
| int pairnames (int, char **, FILE *(*)(struct buf *, struct stat *, int), int, int);
| int argc;
| char **argv;
| int
| main ()
| {
| return f (e, argv, 0) != argv[0]  ||  f (e, argv, 1) != argv[1];
|   ;
|   return 0;
| }
configure:3792: /Users/tsujiyuuki/Dropbox/For_Programming/12step/build/gcc-4.7.1/host-x86_64-apple-darwin14.4.0/gcc/xgcc -B/Users/tsujiyuuki/Dropbox/For_Programming/12step/build/gcc-4.7.1/host-x86_64-apple-darwin14.4.0/gcc/ -B/Users/tsujiyuuki/Dropbox/For_Programming/12step/tools/h8300-elf/bin/ -B/Users/tsujiyuuki/Dropbox/For_Programming/12step/tools/h8300-elf/lib/ -isystem /Users/tsujiyuuki/Dropbox/For_Programming/12step/tools/h8300-elf/include -isystem /Users/tsujiyuuki/Dropbox/For_Programming/12step/tools/h8300-elf/sys-include  -msx -qlanglvl=extc89 -c -g -O2  conftest.c >&5
xgcc: error: unrecognized command line option '-qlanglvl=extc89'
configure:3792: $? = 1
configure: failed program was:
| /* confdefs.h */
| #define PACKAGE_NAME "GNU C Runtime Library"
| #define PACKAGE_TARNAME "libgcc"
| #define PACKAGE_VERSION "1.0"
| #define PACKAGE_STRING "GNU C Runtime Library 1.0"
| #define PACKAGE_BUGREPORT ""
| #define PACKAGE_URL "http://www.gnu.org/software/libgcc/"
| /* end confdefs.h.  */
| #include <stdarg.h>
| #include <stdio.h>
| #include <sys/types.h>
| #include <sys/stat.h>
| /* Most of the following tests are stolen from RCS 5.7's src/conf.sh.  */
| struct buf { int x; };
| FILE * (*rcsopen) (struct buf *, struct stat *, int);
| static char *e (p, i)
|      char **p;
|      int i;
| {
|   return p[i];
| }
| static char *f (char * (*g) (char **, int), char **p, ...)
| {
|   char *s;
|   va_list v;
|   va_start (v,p);
|   s = g (p, va_arg (v,int));
|   va_end (v);
|   return s;
| }
| 
| /* OSF 4.0 Compaq cc is some sort of almost-ANSI by default.  It has
|    function prototypes and stuff, but not '\xHH' hex character constants.
|    These don't provoke an error unfortunately, instead are silently treated
|    as 'x'.  The following induces an error, until -std is added to get
|    proper ANSI mode.  Curiously '\x00'!='x' always comes out true, for an
|    array size at least.  It's necessary to write '\x00'==0 to get something
|    that's true only with -std.  */
| int osf4_cc_array ['\x00' == 0 ? 1 : -1];
| 
| /* IBM C 6 for AIX is almost-ANSI by default, but it replaces macro parameters
|    inside strings and character constants.  */
| #define FOO(x) 'x'
| int xlc6_cc_array[FOO(a) == 'x' ? 1 : -1];
| 
| int test (int i, double x);
| struct s1 {int (*f) (int a);};
| struct s2 {int (*f) (double a);};
| int pairnames (int, char **, FILE *(*)(struct buf *, struct stat *, int), int, int);
| int argc;
| char **argv;
| int
| main ()
| {
| return f (e, argv, 0) != argv[0]  ||  f (e, argv, 1) != argv[1];
|   ;
|   return 0;
| }
configure:3792: /Users/tsujiyuuki/Dropbox/For_Programming/12step/build/gcc-4.7.1/host-x86_64-apple-darwin14.4.0/gcc/xgcc -B/Users/tsujiyuuki/Dropbox/For_Programming/12step/build/gcc-4.7.1/host-x86_64-apple-darwin14.4.0/gcc/ -B/Users/tsujiyuuki/Dropbox/For_Programming/12step/tools/h8300-elf/bin/ -B/Users/tsujiyuuki/Dropbox/For_Programming/12step/tools/h8300-elf/lib/ -isystem /Users/tsujiyuuki/Dropbox/For_Programming/12step/tools/h8300-elf/include -isystem /Users/tsujiyuuki/Dropbox/For_Programming/12step/tools/h8300-elf/sys-include  -msx -qlanglvl=ansi -c -g -O2  conftest.c >&5
xgcc: error: unrecognized command line option '-qlanglvl=ansi'
configure:3792: $? = 1
configure: failed program was:
| /* confdefs.h */
| #define PACKAGE_NAME "GNU C Runtime Library"
| #define PACKAGE_TARNAME "libgcc"
| #define PACKAGE_VERSION "1.0"
| #define PACKAGE_STRING "GNU C Runtime Library 1.0"
| #define PACKAGE_BUGREPORT ""
| #define PACKAGE_URL "http://www.gnu.org/software/libgcc/"
| /* end confdefs.h.  */
| #include <stdarg.h>
| #include <stdio.h>
| #include <sys/types.h>
| #include <sys/stat.h>
| /* Most of the following tests are stolen from RCS 5.7's src/conf.sh.  */
| struct buf { int x; };
| FILE * (*rcsopen) (struct buf *, struct stat *, int);
| static char *e (p, i)
|      char **p;
|      int i;
| {
|   return p[i];
| }
| static char *f (char * (*g) (char **, int), char **p, ...)
| {
|   char *s;
|   va_list v;
|   va_start (v,p);
|   s = g (p, va_arg (v,int));
|   va_end (v);
|   return s;
| }
| 
| /* OSF 4.0 Compaq cc is some sort of almost-ANSI by default.  It has
|    function prototypes and stuff, but not '\xHH' hex character constants.
|    These don't provoke an error unfortunately, instead are silently treated
|    as 'x'.  The following induces an error, until -std is added to get
|    proper ANSI mode.  Curiously '\x00'!='x' always comes out true, for an
|    array size at least.  It's necessary to write '\x00'==0 to get something
|    that's true only with -std.  */
| int osf4_cc_array ['\x00' == 0 ? 1 : -1];
| 
| /* IBM C 6 for AIX is almost-ANSI by default, but it replaces macro parameters
|    inside strings and character constants.  */
| #define FOO(x) 'x'
| int xlc6_cc_array[FOO(a) == 'x' ? 1 : -1];
| 
| int test (int i, double x);
| struct s1 {int (*f) (int a);};
| struct s2 {int (*f) (double a);};
| int pairnames (int, char **, FILE *(*)(struct buf *, struct stat *, int), int, int);
| int argc;
| char **argv;
| int
| main ()
| {
| return f (e, argv, 0) != argv[0]  ||  f (e, argv, 1) != argv[1];
|   ;
|   return 0;
| }
configure:3792: /Users/tsujiyuuki/Dropbox/For_Programming/12step/build/gcc-4.7.1/host-x86_64-apple-darwin14.4.0/gcc/xgcc -B/Users/tsujiyuuki/Dropbox/For_Programming/12step/build/gcc-4.7.1/host-x86_64-apple-darwin14.4.0/gcc/ -B/Users/tsujiyuuki/Dropbox/For_Programming/12step/tools/h8300-elf/bin/ -B/Users/tsujiyuuki/Dropbox/For_Programming/12step/tools/h8300-elf/lib/ -isystem /Users/tsujiyuuki/Dropbox/For_Programming/12step/tools/h8300-elf/include -isystem /Users/tsujiyuuki/Dropbox/For_Programming/12step/tools/h8300-elf/sys-include  -msx -std -c -g -O2  conftest.c >&5
xgcc: error: unrecognized command line option '-std'
configure:3792: $? = 1
configure: failed program was:
| /* confdefs.h */
| #define PACKAGE_NAME "GNU C Runtime Library"
| #define PACKAGE_TARNAME "libgcc"
| #define PACKAGE_VERSION "1.0"
| #define PACKAGE_STRING "GNU C Runtime Library 1.0"
| #define PACKAGE_BUGREPORT ""
| #define PACKAGE_URL "http://www.gnu.org/software/libgcc/"
| /* end confdefs.h.  */
| #include <stdarg.h>
| #include <stdio.h>
| #include <sys/types.h>
| #include <sys/stat.h>
| /* Most of the following tests are stolen from RCS 5.7's src/conf.sh.  */
| struct buf { int x; };
| FILE * (*rcsopen) (struct buf *, struct stat *, int);
| static char *e (p, i)
|      char **p;
|      int i;
| {
|   return p[i];
| }
| static char *f (char * (*g) (char **, int), char **p, ...)
| {
|   char *s;
|   va_list v;
|   va_start (v,p);
|   s = g (p, va_arg (v,int));
|   va_end (v);
|   return s;
| }
| 
| /* OSF 4.0 Compaq cc is some sort of almost-ANSI by default.  It has
|    function prototypes and stuff, but not '\xHH' hex character constants.
|    These don't provoke an error unfortunately, instead are silently treated
|    as 'x'.  The following induces an error, until -std is added to get
|    proper ANSI mode.  Curiously '\x00'!='x' always comes out true, for an
|    array size at least.  It's necessary to write '\x00'==0 to get something
|    that's true only with -std.  */
| int osf4_cc_array ['\x00' == 0 ? 1 : -1];
| 
| /* IBM C 6 for AIX is almost-ANSI by default, but it replaces macro parameters
|    inside strings and character constants.  */
| #define FOO(x) 'x'
| int xlc6_cc_array[FOO(a) == 'x' ? 1 : -1];
| 
| int test (int i, double x);
| struct s1 {int (*f) (int a);};
| struct s2 {int (*f) (double a);};
| int pairnames (int, char **, FILE *(*)(struct buf *, struct stat *, int), int, int);
| int argc;
| char **argv;
| int
| main ()
| {
| return f (e, argv, 0) != argv[0]  ||  f (e, argv, 1) != argv[1];
|   ;
|   return 0;
| }
configure:3792: /Users/tsujiyuuki/Dropbox/For_Programming/12step/build/gcc-4.7.1/host-x86_64-apple-darwin14.4.0/gcc/xgcc -B/Users/tsujiyuuki/Dropbox/For_Programming/12step/build/gcc-4.7.1/host-x86_64-apple-darwin14.4.0/gcc/ -B/Users/tsujiyuuki/Dropbox/For_Programming/12step/tools/h8300-elf/bin/ -B/Users/tsujiyuuki/Dropbox/For_Programming/12step/tools/h8300-elf/lib/ -isystem /Users/tsujiyuuki/Dropbox/For_Programming/12step/tools/h8300-elf/include -isystem /Users/tsujiyuuki/Dropbox/For_Programming/12step/tools/h8300-elf/sys-include  -msx -Ae -c -g -O2  conftest.c >&5
<command-line>:0:1: error: missing '(' after predicate
conftest.c:10:19: fatal error: stdio.h: No such file or directory
compilation terminated.
configure:3792: $? = 1
configure: failed program was:
| /* confdefs.h */
| #define PACKAGE_NAME "GNU C Runtime Library"
| #define PACKAGE_TARNAME "libgcc"
| #define PACKAGE_VERSION "1.0"
| #define PACKAGE_STRING "GNU C Runtime Library 1.0"
| #define PACKAGE_BUGREPORT ""
| #define PACKAGE_URL "http://www.gnu.org/software/libgcc/"
| /* end confdefs.h.  */
| #include <stdarg.h>
| #include <stdio.h>
| #include <sys/types.h>
| #include <sys/stat.h>
| /* Most of the following tests are stolen from RCS 5.7's src/conf.sh.  */
| struct buf { int x; };
| FILE * (*rcsopen) (struct buf *, struct stat *, int);
| static char *e (p, i)
|      char **p;
|      int i;
| {
|   return p[i];
| }
| static char *f (char * (*g) (char **, int), char **p, ...)
| {
|   char *s;
|   va_list v;
|   va_start (v,p);
|   s = g (p, va_arg (v,int));
|   va_end (v);
|   return s;
| }
| 
| /* OSF 4.0 Compaq cc is some sort of almost-ANSI by default.  It has
|    function prototypes and stuff, but not '\xHH' hex character constants.
|    These don't provoke an error unfortunately, instead are silently treated
|    as 'x'.  The following induces an error, until -std is added to get
|    proper ANSI mode.  Curiously '\x00'!='x' always comes out true, for an
|    array size at least.  It's necessary to write '\x00'==0 to get something
|    that's true only with -std.  */
| int osf4_cc_array ['\x00' == 0 ? 1 : -1];
| 
| /* IBM C 6 for AIX is almost-ANSI by default, but it replaces macro parameters
|    inside strings and character constants.  */
| #define FOO(x) 'x'
| int xlc6_cc_array[FOO(a) == 'x' ? 1 : -1];
| 
| int test (int i, double x);
| struct s1 {int (*f) (int a);};
| struct s2 {int (*f) (double a);};
| int pairnames (int, char **, FILE *(*)(struct buf *, struct stat *, int), int, int);
| int argc;
| char **argv;
| int
| main ()
| {
| return f (e, argv, 0) != argv[0]  ||  f (e, argv, 1) != argv[1];
|   ;
|   return 0;
| }
configure:3792: /Users/tsujiyuuki/Dropbox/For_Programming/12step/build/gcc-4.7.1/host-x86_64-apple-darwin14.4.0/gcc/xgcc -B/Users/tsujiyuuki/Dropbox/For_Programming/12step/build/gcc-4.7.1/host-x86_64-apple-darwin14.4.0/gcc/ -B/Users/tsujiyuuki/Dropbox/For_Programming/12step/tools/h8300-elf/bin/ -B/Users/tsujiyuuki/Dropbox/For_Programming/12step/tools/h8300-elf/lib/ -isystem /Users/tsujiyuuki/Dropbox/For_Programming/12step/tools/h8300-elf/include -isystem /Users/tsujiyuuki/Dropbox/For_Programming/12step/tools/h8300-elf/sys-include  -msx -Aa -D_HPUX_SOURCE -c -g -O2  conftest.c >&5
<command-line>:0:1: error: missing '(' after predicate
conftest.c:10:19: fatal error: stdio.h: No such file or directory
compilation terminated.
configure:3792: $? = 1
configure: failed program was:
| /* confdefs.h */
| #define PACKAGE_NAME "GNU C Runtime Library"
| #define PACKAGE_TARNAME "libgcc"
| #define PACKAGE_VERSION "1.0"
| #define PACKAGE_STRING "GNU C Runtime Library 1.0"
| #define PACKAGE_BUGREPORT ""
| #define PACKAGE_URL "http://www.gnu.org/software/libgcc/"
| /* end confdefs.h.  */
| #include <stdarg.h>
| #include <stdio.h>
| #include <sys/types.h>
| #include <sys/stat.h>
| /* Most of the following tests are stolen from RCS 5.7's src/conf.sh.  */
| struct buf { int x; };
| FILE * (*rcsopen) (struct buf *, struct stat *, int);
| static char *e (p, i)
|      char **p;
|      int i;
| {
|   return p[i];
| }
| static char *f (char * (*g) (char **, int), char **p, ...)
| {
|   char *s;
|   va_list v;
|   va_start (v,p);
|   s = g (p, va_arg (v,int));
|   va_end (v);
|   return s;
| }
| 
| /* OSF 4.0 Compaq cc is some sort of almost-ANSI by default.  It has
|    function prototypes and stuff, but not '\xHH' hex character constants.
|    These don't provoke an error unfortunately, instead are silently treated
|    as 'x'.  The following induces an error, until -std is added to get
|    proper ANSI mode.  Curiously '\x00'!='x' always comes out true, for an
|    array size at least.  It's necessary to write '\x00'==0 to get something
|    that's true only with -std.  */
| int osf4_cc_array ['\x00' == 0 ? 1 : -1];
| 
| /* IBM C 6 for AIX is almost-ANSI by default, but it replaces macro parameters
|    inside strings and character constants.  */
| #define FOO(x) 'x'
| int xlc6_cc_array[FOO(a) == 'x' ? 1 : -1];
| 
| int test (int i, double x);
| struct s1 {int (*f) (int a);};
| struct s2 {int (*f) (double a);};
| int pairnames (int, char **, FILE *(*)(struct buf *, struct stat *, int), int, int);
| int argc;
| char **argv;
| int
| main ()
| {
| return f (e, argv, 0) != argv[0]  ||  f (e, argv, 1) != argv[1];
|   ;
|   return 0;
| }
configure:3792: /Users/tsujiyuuki/Dropbox/For_Programming/12step/build/gcc-4.7.1/host-x86_64-apple-darwin14.4.0/gcc/xgcc -B/Users/tsujiyuuki/Dropbox/For_Programming/12step/build/gcc-4.7.1/host-x86_64-apple-darwin14.4.0/gcc/ -B/Users/tsujiyuuki/Dropbox/For_Programming/12step/tools/h8300-elf/bin/ -B/Users/tsujiyuuki/Dropbox/For_Programming/12step/tools/h8300-elf/lib/ -isystem /Users/tsujiyuuki/Dropbox/For_Programming/12step/tools/h8300-elf/include -isystem /Users/tsujiyuuki/Dropbox/For_Programming/12step/tools/h8300-elf/sys-include  -msx -Xc -D__EXTENSIONS__ -c -g -O2  conftest.c >&5
xgcc: error: unrecognized command line option '-Xc'
configure:3792: $? = 1
configure: failed program was:
| /* confdefs.h */
| #define PACKAGE_NAME "GNU C Runtime Library"
| #define PACKAGE_TARNAME "libgcc"
| #define PACKAGE_VERSION "1.0"
| #define PACKAGE_STRING "GNU C Runtime Library 1.0"
| #define PACKAGE_BUGREPORT ""
| #define PACKAGE_URL "http://www.gnu.org/software/libgcc/"
| /* end confdefs.h.  */
| #include <stdarg.h>
| #include <stdio.h>
| #include <sys/types.h>
| #include <sys/stat.h>
| /* Most of the following tests are stolen from RCS 5.7's src/conf.sh.  */
| struct buf { int x; };
| FILE * (*rcsopen) (struct buf *, struct stat *, int);
| static char *e (p, i)
|      char **p;
|      int i;
| {
|   return p[i];
| }
| static char *f (char * (*g) (char **, int), char **p, ...)
| {
|   char *s;
|   va_list v;
|   va_start (v,p);
|   s = g (p, va_arg (v,int));
|   va_end (v);
|   return s;
| }
| 
| /* OSF 4.0 Compaq cc is some sort of almost-ANSI by default.  It has
|    function prototypes and stuff, but not '\xHH' hex character constants.
|    These don't provoke an error unfortunately, instead are silently treated
|    as 'x'.  The following induces an error, until -std is added to get
|    proper ANSI mode.  Curiously '\x00'!='x' always comes out true, for an
|    array size at least.  It's necessary to write '\x00'==0 to get something
|    that's true only with -std.  */
| int osf4_cc_array ['\x00' == 0 ? 1 : -1];
| 
| /* IBM C 6 for AIX is almost-ANSI by default, but it replaces macro parameters
|    inside strings and character constants.  */
| #define FOO(x) 'x'
| int xlc6_cc_array[FOO(a) == 'x' ? 1 : -1];
| 
| int test (int i, double x);
| struct s1 {int (*f) (int a);};
| struct s2 {int (*f) (double a);};
| int pairnames (int, char **, FILE *(*)(struct buf *, struct stat *, int), int, int);
| int argc;
| char **argv;
| int
| main ()
| {
| return f (e, argv, 0) != argv[0]  ||  f (e, argv, 1) != argv[1];
|   ;
|   return 0;
| }
configure:3808: result: unsupported
configure:3830: checking how to run the C preprocessor
configure:3861: /Users/tsujiyuuki/Dropbox/For_Programming/12step/build/gcc-4.7.1/host-x86_64-apple-darwin14.4.0/gcc/xgcc -B/Users/tsujiyuuki/Dropbox/For_Programming/12step/build/gcc-4.7.1/host-x86_64-apple-darwin14.4.0/gcc/ -B/Users/tsujiyuuki/Dropbox/For_Programming/12step/tools/h8300-elf/bin/ -B/Users/tsujiyuuki/Dropbox/For_Programming/12step/tools/h8300-elf/lib/ -isystem /Users/tsujiyuuki/Dropbox/For_Programming/12step/tools/h8300-elf/include -isystem /Users/tsujiyuuki/Dropbox/For_Programming/12step/tools/h8300-elf/sys-include  -msx -E  conftest.c
configure:3861: $? = 0
configure:3875: /Users/tsujiyuuki/Dropbox/For_Programming/12step/build/gcc-4.7.1/host-x86_64-apple-darwin14.4.0/gcc/xgcc -B/Users/tsujiyuuki/Dropbox/For_Programming/12step/build/gcc-4.7.1/host-x86_64-apple-darwin14.4.0/gcc/ -B/Users/tsujiyuuki/Dropbox/For_Programming/12step/tools/h8300-elf/bin/ -B/Users/tsujiyuuki/Dropbox/For_Programming/12step/tools/h8300-elf/lib/ -isystem /Users/tsujiyuuki/Dropbox/For_Programming/12step/tools/h8300-elf/include -isystem /Users/tsujiyuuki/Dropbox/For_Programming/12step/tools/h8300-elf/sys-include  -msx -E  conftest.c
conftest.c:9:28: fatal error: ac_nonexistent.h: No such file or directory
compilation terminated.
configure:3875: $? = 1
configure: failed program was:
| /* confdefs.h */
| #define PACKAGE_NAME "GNU C Runtime Library"
| #define PACKAGE_TARNAME "libgcc"
| #define PACKAGE_VERSION "1.0"
| #define PACKAGE_STRING "GNU C Runtime Library 1.0"
| #define PACKAGE_BUGREPORT ""
| #define PACKAGE_URL "http://www.gnu.org/software/libgcc/"
| /* end confdefs.h.  */
| #include <ac_nonexistent.h>
configure:3900: result: /Users/tsujiyuuki/Dropbox/For_Programming/12step/build/gcc-4.7.1/host-x86_64-apple-darwin14.4.0/gcc/xgcc -B/Users/tsujiyuuki/Dropbox/For_Programming/12step/build/gcc-4.7.1/host-x86_64-apple-darwin14.4.0/gcc/ -B/Users/tsujiyuuki/Dropbox/For_Programming/12step/tools/h8300-elf/bin/ -B/Users/tsujiyuuki/Dropbox/For_Programming/12step/tools/h8300-elf/lib/ -isystem /Users/tsujiyuuki/Dropbox/For_Programming/12step/tools/h8300-elf/include -isystem /Users/tsujiyuuki/Dropbox/For_Programming/12step/tools/h8300-elf/sys-include  -msx -E
configure:3920: /Users/tsujiyuuki/Dropbox/For_Programming/12step/build/gcc-4.7.1/host-x86_64-apple-darwin14.4.0/gcc/xgcc -B/Users/tsujiyuuki/Dropbox/For_Programming/12step/build/gcc-4.7.1/host-x86_64-apple-darwin14.4.0/gcc/ -B/Users/tsujiyuuki/Dropbox/For_Programming/12step/tools/h8300-elf/bin/ -B/Users/tsujiyuuki/Dropbox/For_Programming/12step/tools/h8300-elf/lib/ -isystem /Users/tsujiyuuki/Dropbox/For_Programming/12step/tools/h8300-elf/include -isystem /Users/tsujiyuuki/Dropbox/For_Programming/12step/tools/h8300-elf/sys-include  -msx -E  conftest.c
configure:3920: $? = 0
configure:3934: /Users/tsujiyuuki/Dropbox/For_Programming/12step/build/gcc-4.7.1/host-x86_64-apple-darwin14.4.0/gcc/xgcc -B/Users/tsujiyuuki/Dropbox/For_Programming/12step/build/gcc-4.7.1/host-x86_64-apple-darwin14.4.0/gcc/ -B/Users/tsujiyuuki/Dropbox/For_Programming/12step/tools/h8300-elf/bin/ -B/Users/tsujiyuuki/Dropbox/For_Programming/12step/tools/h8300-elf/lib/ -isystem /Users/tsujiyuuki/Dropbox/For_Programming/12step/tools/h8300-elf/include -isystem /Users/tsujiyuuki/Dropbox/For_Programming/12step/tools/h8300-elf/sys-include  -msx -E  conftest.c
conftest.c:9:28: fatal error: ac_nonexistent.h: No such file or directory
compilation terminated.
configure:3934: $? = 1
configure: failed program was:
| /* confdefs.h */
| #define PACKAGE_NAME "GNU C Runtime Library"
| #define PACKAGE_TARNAME "libgcc"
| #define PACKAGE_VERSION "1.0"
| #define PACKAGE_STRING "GNU C Runtime Library 1.0"
| #define PACKAGE_BUGREPORT ""
| #define PACKAGE_URL "http://www.gnu.org/software/libgcc/"
| /* end confdefs.h.  */
| #include <ac_nonexistent.h>
configure:3971: checking size of double
configure:3976: /Users/tsujiyuuki/Dropbox/For_Programming/12step/build/gcc-4.7.1/host-x86_64-apple-darwin14.4.0/gcc/xgcc -B/Users/tsujiyuuki/Dropbox/For_Programming/12step/build/gcc-4.7.1/host-x86_64-apple-darwin14.4.0/gcc/ -B/Users/tsujiyuuki/Dropbox/For_Programming/12step/tools/h8300-elf/bin/ -B/Users/tsujiyuuki/Dropbox/For_Programming/12step/tools/h8300-elf/lib/ -isystem /Users/tsujiyuuki/Dropbox/For_Programming/12step/tools/h8300-elf/include -isystem /Users/tsujiyuuki/Dropbox/For_Programming/12step/tools/h8300-elf/sys-include  -msx -c -g -O2  conftest.c >&5
configure:3976: $? = 0
configure:3976: /Users/tsujiyuuki/Dropbox/For_Programming/12step/build/gcc-4.7.1/host-x86_64-apple-darwin14.4.0/gcc/xgcc -B/Users/tsujiyuuki/Dropbox/For_Programming/12step/build/gcc-4.7.1/host-x86_64-apple-darwin14.4.0/gcc/ -B/Users/tsujiyuuki/Dropbox/For_Programming/12step/tools/h8300-elf/bin/ -B/Users/tsujiyuuki/Dropbox/For_Programming/12step/tools/h8300-elf/lib/ -isystem /Users/tsujiyuuki/Dropbox/For_Programming/12step/tools/h8300-elf/include -isystem /Users/tsujiyuuki/Dropbox/For_Programming/12step/tools/h8300-elf/sys-include  -msx -c -g -O2  conftest.c >&5
conftest.c: In function 'main':
conftest.c:13:12: error: size of array 'test_array' is negative
configure:3976: $? = 1
configure: failed program was:
| /* confdefs.h */
| #define PACKAGE_NAME "GNU C Runtime Library"
| #define PACKAGE_TARNAME "libgcc"
| #define PACKAGE_VERSION "1.0"
| #define PACKAGE_STRING "GNU C Runtime Library 1.0"
| #define PACKAGE_BUGREPORT ""
| #define PACKAGE_URL "http://www.gnu.org/software/libgcc/"
| /* end confdefs.h.  */
| /* none */
| int
| main ()
| {
| static int test_array [1 - 2 * !(((long int) (sizeof (double))) <= 0)];
| test_array [0] = 0
| 
|   ;
|   return 0;
| }
configure:3976: /Users/tsujiyuuki/Dropbox/For_Programming/12step/build/gcc-4.7.1/host-x86_64-apple-darwin14.4.0/gcc/xgcc -B/Users/tsujiyuuki/Dropbox/For_Programming/12step/build/gcc-4.7.1/host-x86_64-apple-darwin14.4.0/gcc/ -B/Users/tsujiyuuki/Dropbox/For_Programming/12step/tools/h8300-elf/bin/ -B/Users/tsujiyuuki/Dropbox/For_Programming/12step/tools/h8300-elf/lib/ -isystem /Users/tsujiyuuki/Dropbox/For_Programming/12step/tools/h8300-elf/include -isystem /Users/tsujiyuuki/Dropbox/For_Programming/12step/tools/h8300-elf/sys-include  -msx -c -g -O2  conftest.c >&5
conftest.c: In function 'main':
conftest.c:13:12: error: size of array 'test_array' is negative
configure:3976: $? = 1
configure: failed program was:
| /* confdefs.h */
| #define PACKAGE_NAME "GNU C Runtime Library"
| #define PACKAGE_TARNAME "libgcc"
| #define PACKAGE_VERSION "1.0"
| #define PACKAGE_STRING "GNU C Runtime Library 1.0"
| #define PACKAGE_BUGREPORT ""
| #define PACKAGE_URL "http://www.gnu.org/software/libgcc/"
| /* end confdefs.h.  */
| /* none */
| int
| main ()
| {
| static int test_array [1 - 2 * !(((long int) (sizeof (double))) <= 1)];
| test_array [0] = 0
| 
|   ;
|   return 0;
| }
configure:3976: /Users/tsujiyuuki/Dropbox/For_Programming/12step/build/gcc-4.7.1/host-x86_64-apple-darwin14.4.0/gcc/xgcc -B/Users/tsujiyuuki/Dropbox/For_Programming/12step/build/gcc-4.7.1/host-x86_64-apple-darwin14.4.0/gcc/ -B/Users/tsujiyuuki/Dropbox/For_Programming/12step/tools/h8300-elf/bin/ -B/Users/tsujiyuuki/Dropbox/For_Programming/12step/tools/h8300-elf/lib/ -isystem /Users/tsujiyuuki/Dropbox/For_Programming/12step/tools/h8300-elf/include -isystem /Users/tsujiyuuki/Dropbox/For_Programming/12step/tools/h8300-elf/sys-include  -msx -c -g -O2  conftest.c >&5
conftest.c: In function 'main':
conftest.c:13:12: error: size of array 'test_array' is negative
configure:3976: $? = 1
configure: failed program was:
| /* confdefs.h */
| #define PACKAGE_NAME "GNU C Runtime Library"
| #define PACKAGE_TARNAME "libgcc"
| #define PACKAGE_VERSION "1.0"
| #define PACKAGE_STRING "GNU C Runtime Library 1.0"
| #define PACKAGE_BUGREPORT ""
| #define PACKAGE_URL "http://www.gnu.org/software/libgcc/"
| /* end confdefs.h.  */
| /* none */
| int
| main ()
| {
| static int test_array [1 - 2 * !(((long int) (sizeof (double))) <= 3)];
| test_array [0] = 0
| 
|   ;
|   return 0;
| }
configure:3976: /Users/tsujiyuuki/Dropbox/For_Programming/12step/build/gcc-4.7.1/host-x86_64-apple-darwin14.4.0/gcc/xgcc -B/Users/tsujiyuuki/Dropbox/For_Programming/12step/build/gcc-4.7.1/host-x86_64-apple-darwin14.4.0/gcc/ -B/Users/tsujiyuuki/Dropbox/For_Programming/12step/tools/h8300-elf/bin/ -B/Users/tsujiyuuki/Dropbox/For_Programming/12step/tools/h8300-elf/lib/ -isystem /Users/tsujiyuuki/Dropbox/For_Programming/12step/tools/h8300-elf/include -isystem /Users/tsujiyuuki/Dropbox/For_Programming/12step/tools/h8300-elf/sys-include  -msx -c -g -O2  conftest.c >&5
configure:3976: $? = 0
configure:3976: /Users/tsujiyuuki/Dropbox/For_Programming/12step/build/gcc-4.7.1/host-x86_64-apple-darwin14.4.0/gcc/xgcc -B/Users/tsujiyuuki/Dropbox/For_Programming/12step/build/gcc-4.7.1/host-x86_64-apple-darwin14.4.0/gcc/ -B/Users/tsujiyuuki/Dropbox/For_Programming/12step/tools/h8300-elf/bin/ -B/Users/tsujiyuuki/Dropbox/For_Programming/12step/tools/h8300-elf/lib/ -isystem /Users/tsujiyuuki/Dropbox/For_Programming/12step/tools/h8300-elf/include -isystem /Users/tsujiyuuki/Dropbox/For_Programming/12step/tools/h8300-elf/sys-include  -msx -c -g -O2  conftest.c >&5
configure:3976: $? = 0
configure:3976: /Users/tsujiyuuki/Dropbox/For_Programming/12step/build/gcc-4.7.1/host-x86_64-apple-darwin14.4.0/gcc/xgcc -B/Users/tsujiyuuki/Dropbox/For_Programming/12step/build/gcc-4.7.1/host-x86_64-apple-darwin14.4.0/gcc/ -B/Users/tsujiyuuki/Dropbox/For_Programming/12step/tools/h8300-elf/bin/ -B/Users/tsujiyuuki/Dropbox/For_Programming/12step/tools/h8300-elf/lib/ -isystem /Users/tsujiyuuki/Dropbox/For_Programming/12step/tools/h8300-elf/include -isystem /Users/tsujiyuuki/Dropbox/For_Programming/12step/tools/h8300-elf/sys-include  -msx -c -g -O2  conftest.c >&5
configure:3976: $? = 0
configure:3991: result: 4
configure:4005: checking size of long double
configure:4010: /Users/tsujiyuuki/Dropbox/For_Programming/12step/build/gcc-4.7.1/host-x86_64-apple-darwin14.4.0/gcc/xgcc -B/Users/tsujiyuuki/Dropbox/For_Programming/12step/build/gcc-4.7.1/host-x86_64-apple-darwin14.4.0/gcc/ -B/Users/tsujiyuuki/Dropbox/For_Programming/12step/tools/h8300-elf/bin/ -B/Users/tsujiyuuki/Dropbox/For_Programming/12step/tools/h8300-elf/lib/ -isystem /Users/tsujiyuuki/Dropbox/For_Programming/12step/tools/h8300-elf/include -isystem /Users/tsujiyuuki/Dropbox/For_Programming/12step/tools/h8300-elf/sys-include  -msx -c -g -O2  conftest.c >&5
configure:4010: $? = 0
configure:4010: /Users/tsujiyuuki/Dropbox/For_Programming/12step/build/gcc-4.7.1/host-x86_64-apple-darwin14.4.0/gcc/xgcc -B/Users/tsujiyuuki/Dropbox/For_Programming/12step/build/gcc-4.7.1/host-x86_64-apple-darwin14.4.0/gcc/ -B/Users/tsujiyuuki/Dropbox/For_Programming/12step/tools/h8300-elf/bin/ -B/Users/tsujiyuuki/Dropbox/For_Programming/12step/tools/h8300-elf/lib/ -isystem /Users/tsujiyuuki/Dropbox/For_Programming/12step/tools/h8300-elf/include -isystem /Users/tsujiyuuki/Dropbox/For_Programming/12step/tools/h8300-elf/sys-include  -msx -c -g -O2  conftest.c >&5
conftest.c: In function 'main':
conftest.c:14:12: error: size of array 'test_array' is negative
configure:4010: $? = 1
configure: failed program was:
| /* confdefs.h */
| #define PACKAGE_NAME "GNU C Runtime Library"
| #define PACKAGE_TARNAME "libgcc"
| #define PACKAGE_VERSION "1.0"
| #define PACKAGE_STRING "GNU C Runtime Library 1.0"
| #define PACKAGE_BUGREPORT ""
| #define PACKAGE_URL "http://www.gnu.org/software/libgcc/"
| #define SIZEOF_DOUBLE 4
| /* end confdefs.h.  */
| /* none */
| int
| main ()
| {
| static int test_array [1 - 2 * !(((long int) (sizeof (long double))) <= 0)];
| test_array [0] = 0
| 
|   ;
|   return 0;
| }
configure:4010: /Users/tsujiyuuki/Dropbox/For_Programming/12step/build/gcc-4.7.1/host-x86_64-apple-darwin14.4.0/gcc/xgcc -B/Users/tsujiyuuki/Dropbox/For_Programming/12step/build/gcc-4.7.1/host-x86_64-apple-darwin14.4.0/gcc/ -B/Users/tsujiyuuki/Dropbox/For_Programming/12step/tools/h8300-elf/bin/ -B/Users/tsujiyuuki/Dropbox/For_Programming/12step/tools/h8300-elf/lib/ -isystem /Users/tsujiyuuki/Dropbox/For_Programming/12step/tools/h8300-elf/include -isystem /Users/tsujiyuuki/Dropbox/For_Programming/12step/tools/h8300-elf/sys-include  -msx -c -g -O2  conftest.c >&5
conftest.c: In function 'main':
conftest.c:14:12: error: size of array 'test_array' is negative
configure:4010: $? = 1
configure: failed program was:
| /* confdefs.h */
| #define PACKAGE_NAME "GNU C Runtime Library"
| #define PACKAGE_TARNAME "libgcc"
| #define PACKAGE_VERSION "1.0"
| #define PACKAGE_STRING "GNU C Runtime Library 1.0"
| #define PACKAGE_BUGREPORT ""
| #define PACKAGE_URL "http://www.gnu.org/software/libgcc/"
| #define SIZEOF_DOUBLE 4
| /* end confdefs.h.  */
| /* none */
| int
| main ()
| {
| static int test_array [1 - 2 * !(((long int) (sizeof (long double))) <= 1)];
| test_array [0] = 0
| 
|   ;
|   return 0;
| }
configure:4010: /Users/tsujiyuuki/Dropbox/For_Programming/12step/build/gcc-4.7.1/host-x86_64-apple-darwin14.4.0/gcc/xgcc -B/Users/tsujiyuuki/Dropbox/For_Programming/12step/build/gcc-4.7.1/host-x86_64-apple-darwin14.4.0/gcc/ -B/Users/tsujiyuuki/Dropbox/For_Programming/12step/tools/h8300-elf/bin/ -B/Users/tsujiyuuki/Dropbox/For_Programming/12step/tools/h8300-elf/lib/ -isystem /Users/tsujiyuuki/Dropbox/For_Programming/12step/tools/h8300-elf/include -isystem /Users/tsujiyuuki/Dropbox/For_Programming/12step/tools/h8300-elf/sys-include  -msx -c -g -O2  conftest.c >&5
conftest.c: In function 'main':
conftest.c:14:12: error: size of array 'test_array' is negative
configure:4010: $? = 1
configure: failed program was:
| /* confdefs.h */
| #define PACKAGE_NAME "GNU C Runtime Library"
| #define PACKAGE_TARNAME "libgcc"
| #define PACKAGE_VERSION "1.0"
| #define PACKAGE_STRING "GNU C Runtime Library 1.0"
| #define PACKAGE_BUGREPORT ""
| #define PACKAGE_URL "http://www.gnu.org/software/libgcc/"
| #define SIZEOF_DOUBLE 4
| /* end confdefs.h.  */
| /* none */
| int
| main ()
| {
| static int test_array [1 - 2 * !(((long int) (sizeof (long double))) <= 3)];
| test_array [0] = 0
| 
|   ;
|   return 0;
| }
configure:4010: /Users/tsujiyuuki/Dropbox/For_Programming/12step/build/gcc-4.7.1/host-x86_64-apple-darwin14.4.0/gcc/xgcc -B/Users/tsujiyuuki/Dropbox/For_Programming/12step/build/gcc-4.7.1/host-x86_64-apple-darwin14.4.0/gcc/ -B/Users/tsujiyuuki/Dropbox/For_Programming/12step/tools/h8300-elf/bin/ -B/Users/tsujiyuuki/Dropbox/For_Programming/12step/tools/h8300-elf/lib/ -isystem /Users/tsujiyuuki/Dropbox/For_Programming/12step/tools/h8300-elf/include -isystem /Users/tsujiyuuki/Dropbox/For_Programming/12step/tools/h8300-elf/sys-include  -msx -c -g -O2  conftest.c >&5
configure:4010: $? = 0
configure:4010: /Users/tsujiyuuki/Dropbox/For_Programming/12step/build/gcc-4.7.1/host-x86_64-apple-darwin14.4.0/gcc/xgcc -B/Users/tsujiyuuki/Dropbox/For_Programming/12step/build/gcc-4.7.1/host-x86_64-apple-darwin14.4.0/gcc/ -B/Users/tsujiyuuki/Dropbox/For_Programming/12step/tools/h8300-elf/bin/ -B/Users/tsujiyuuki/Dropbox/For_Programming/12step/tools/h8300-elf/lib/ -isystem /Users/tsujiyuuki/Dropbox/For_Programming/12step/tools/h8300-elf/include -isystem /Users/tsujiyuuki/Dropbox/For_Programming/12step/tools/h8300-elf/sys-include  -msx -c -g -O2  conftest.c >&5
configure:4010: $? = 0
configure:4010: /Users/tsujiyuuki/Dropbox/For_Programming/12step/build/gcc-4.7.1/host-x86_64-apple-darwin14.4.0/gcc/xgcc -B/Users/tsujiyuuki/Dropbox/For_Programming/12step/build/gcc-4.7.1/host-x86_64-apple-darwin14.4.0/gcc/ -B/Users/tsujiyuuki/Dropbox/For_Programming/12step/tools/h8300-elf/bin/ -B/Users/tsujiyuuki/Dropbox/For_Programming/12step/tools/h8300-elf/lib/ -isystem /Users/tsujiyuuki/Dropbox/For_Programming/12step/tools/h8300-elf/include -isystem /Users/tsujiyuuki/Dropbox/For_Programming/12step/tools/h8300-elf/sys-include  -msx -c -g -O2  conftest.c >&5
configure:4010: $? = 0
configure:4025: result: 4
configure:4041: checking whether decimal floating point is supported
configure:4050: /Users/tsujiyuuki/Dropbox/For_Programming/12step/build/gcc-4.7.1/host-x86_64-apple-darwin14.4.0/gcc/xgcc -B/Users/tsujiyuuki/Dropbox/For_Programming/12step/build/gcc-4.7.1/host-x86_64-apple-darwin14.4.0/gcc/ -B/Users/tsujiyuuki/Dropbox/For_Programming/12step/tools/h8300-elf/bin/ -B/Users/tsujiyuuki/Dropbox/For_Programming/12step/tools/h8300-elf/lib/ -isystem /Users/tsujiyuuki/Dropbox/For_Programming/12step/tools/h8300-elf/include -isystem /Users/tsujiyuuki/Dropbox/For_Programming/12step/tools/h8300-elf/sys-include  -msx -c -g -O2  conftest.c >&5
conftest.c:11:1: error: decimal floating point not supported for this target
configure:4050: $? = 1
configure: failed program was:
| /* confdefs.h */
| #define PACKAGE_NAME "GNU C Runtime Library"
| #define PACKAGE_TARNAME "libgcc"
| #define PACKAGE_VERSION "1.0"
| #define PACKAGE_STRING "GNU C Runtime Library 1.0"
| #define PACKAGE_BUGREPORT ""
| #define PACKAGE_URL "http://www.gnu.org/software/libgcc/"
| #define SIZEOF_DOUBLE 4
| #define SIZEOF_LONG_DOUBLE 4
| /* end confdefs.h.  */
| _Decimal32 x;
configure:4057: result: no
configure:4081: WARNING: decimal float is not supported for this target, ignored
configure:4114: checking whether fixed-point is supported
configure:4123: /Users/tsujiyuuki/Dropbox/For_Programming/12step/build/gcc-4.7.1/host-x86_64-apple-darwin14.4.0/gcc/xgcc -B/Users/tsujiyuuki/Dropbox/For_Programming/12step/build/gcc-4.7.1/host-x86_64-apple-darwin14.4.0/gcc/ -B/Users/tsujiyuuki/Dropbox/For_Programming/12step/tools/h8300-elf/bin/ -B/Users/tsujiyuuki/Dropbox/For_Programming/12step/tools/h8300-elf/lib/ -isystem /Users/tsujiyuuki/Dropbox/For_Programming/12step/tools/h8300-elf/include -isystem /Users/tsujiyuuki/Dropbox/For_Programming/12step/tools/h8300-elf/sys-include  -msx -c -g -O2  conftest.c >&5
conftest.c:11:6: error: fixed-point types not supported for this target
configure:4123: $? = 1
configure: failed program was:
| /* confdefs.h */
| #define PACKAGE_NAME "GNU C Runtime Library"
| #define PACKAGE_TARNAME "libgcc"
| #define PACKAGE_VERSION "1.0"
| #define PACKAGE_STRING "GNU C Runtime Library 1.0"
| #define PACKAGE_BUGREPORT ""
| #define PACKAGE_URL "http://www.gnu.org/software/libgcc/"
| #define SIZEOF_DOUBLE 4
| #define SIZEOF_LONG_DOUBLE 4
| /* end confdefs.h.  */
| _Sat _Fract x;
configure:4130: result: no
configure:4190: checking whether to use setjmp/longjmp exceptions
configure:: /Users/tsujiyuuki/Dropbox/For_Programming/12step/build/gcc-4.7.1/host-x86_64-apple-darwin14.4.0/gcc/xgcc -B/Users/tsujiyuuki/Dropbox/For_Programming/12step/build/gcc-4.7.1/host-x86_64-apple-darwin14.4.0/gcc/ -B/Users/tsujiyuuki/Dropbox/For_Programming/12step/tools/h8300-elf/bin/ -B/Users/tsujiyuuki/Dropbox/For_Programming/12step/tools/h8300-elf/lib/ -isystem /Users/tsujiyuuki/Dropbox/For_Programming/12step/tools/h8300-elf/include -isystem /Users/tsujiyuuki/Dropbox/For_Programming/12step/tools/h8300-elf/sys-include  -msx -c --save-temps -fexceptions  conftest.c >&5
conftest.s: Assembler messages:
conftest.s:63: Warning: operand #0xffffffffffffffff out of range.
configure:: $? = 0
configure:4221: result: yes
configure:4241: checking if the linker (/Users/tsujiyuuki/Dropbox/For_Programming/12step/build/gcc-4.7.1/host-x86_64-apple-darwin14.4.0/gcc/collect-ld) is GNU ld
GNU ld (GNU Binutils) 2.19.1
configure:4253: result: yes
configure:4258: checking for thread model used by GCC
configure:4261: result: single
configure:4265: checking whether assembler supports CFI directives
configure:4278: /Users/tsujiyuuki/Dropbox/For_Programming/12step/build/gcc-4.7.1/host-x86_64-apple-darwin14.4.0/gcc/xgcc -B/Users/tsujiyuuki/Dropbox/For_Programming/12step/build/gcc-4.7.1/host-x86_64-apple-darwin14.4.0/gcc/ -B/Users/tsujiyuuki/Dropbox/For_Programming/12step/tools/h8300-elf/bin/ -B/Users/tsujiyuuki/Dropbox/For_Programming/12step/tools/h8300-elf/lib/ -isystem /Users/tsujiyuuki/Dropbox/For_Programming/12step/tools/h8300-elf/include -isystem /Users/tsujiyuuki/Dropbox/For_Programming/12step/tools/h8300-elf/sys-include  -msx -c -g -O2  conftest.c >&5
/var/folders/f0/s_m7ctw121l2mws5vr_y_3n00000gn/T//cca1m5Ol.s: Assembler messages:
/var/folders/f0/s_m7ctw121l2mws5vr_y_3n00000gn/T//cca1m5Ol.s:8: Error: unknown pseudo-op: `.cfi_startproc'
/var/folders/f0/s_m7ctw121l2mws5vr_y_3n00000gn/T//cca1m5Ol.s:9: Error: unknown pseudo-op: `.cfi_personality'
/var/folders/f0/s_m7ctw121l2mws5vr_y_3n00000gn/T//cca1m5Ol.s:10: Error: unknown pseudo-op: `.cfi_endproc'
configure:4278: $? = 1
configure: failed program was:
| /* confdefs.h */
| #define PACKAGE_NAME "GNU C Runtime Library"
| #define PACKAGE_TARNAME "libgcc"
| #define PACKAGE_VERSION "1.0"
| #define PACKAGE_STRING "GNU C Runtime Library 1.0"
| #define PACKAGE_BUGREPORT ""
| #define PACKAGE_URL "http://www.gnu.org/software/libgcc/"
| #define SIZEOF_DOUBLE 4
| #define SIZEOF_LONG_DOUBLE 4
| #define HAVE_GETIPINFO 1
| #define LIBGCC_SJLJ_EXCEPTIONS 1
| /* end confdefs.h.  */
| asm("\n	.text\n	.cfi_startproc\n	.cfi_personality 0, symbol\n	.cfi_endproc");
configure:4285: result: no
configure:4327: checking for __attribute__((visibility("hidden")))
configure:4336: /Users/tsujiyuuki/Dropbox/For_Programming/12step/build/gcc-4.7.1/host-x86_64-apple-darwin14.4.0/gcc/xgcc -B/Users/tsujiyuuki/Dropbox/For_Programming/12step/build/gcc-4.7.1/host-x86_64-apple-darwin14.4.0/gcc/ -B/Users/tsujiyuuki/Dropbox/For_Programming/12step/tools/h8300-elf/bin/ -B/Users/tsujiyuuki/Dropbox/For_Programming/12step/tools/h8300-elf/lib/ -isystem /Users/tsujiyuuki/Dropbox/For_Programming/12step/tools/h8300-elf/include -isystem /Users/tsujiyuuki/Dropbox/For_Programming/12step/tools/h8300-elf/sys-include  -msx -Werror -S conftest.c -o conftest.s 1>&5
configure:4339: $? = 0
configure:4348: result: yes
configure:4376: checking whether the target assembler supports thread-local storage
configure:4386: /Users/tsujiyuuki/Dropbox/For_Programming/12step/build/gcc-4.7.1/host-x86_64-apple-darwin14.4.0/gcc/xgcc -B/Users/tsujiyuuki/Dropbox/For_Programming/12step/build/gcc-4.7.1/host-x86_64-apple-darwin14.4.0/gcc/ -B/Users/tsujiyuuki/Dropbox/For_Programming/12step/tools/h8300-elf/bin/ -B/Users/tsujiyuuki/Dropbox/For_Programming/12step/tools/h8300-elf/lib/ -isystem /Users/tsujiyuuki/Dropbox/For_Programming/12step/tools/h8300-elf/include -isystem /Users/tsujiyuuki/Dropbox/For_Programming/12step/tools/h8300-elf/sys-include  -msx -c -g -O2  conftest.c >&5
configure:4386: $? = 0
configure:4394: result: yes
configure:4404: checking whether the thread-local storage support is from emutls
configure:4413: /Users/tsujiyuuki/Dropbox/For_Programming/12step/build/gcc-4.7.1/host-x86_64-apple-darwin14.4.0/gcc/xgcc -B/Users/tsujiyuuki/Dropbox/For_Programming/12step/build/gcc-4.7.1/host-x86_64-apple-darwin14.4.0/gcc/ -B/Users/tsujiyuuki/Dropbox/For_Programming/12step/tools/h8300-elf/bin/ -B/Users/tsujiyuuki/Dropbox/For_Programming/12step/tools/h8300-elf/lib/ -isystem /Users/tsujiyuuki/Dropbox/For_Programming/12step/tools/h8300-elf/include -isystem /Users/tsujiyuuki/Dropbox/For_Programming/12step/tools/h8300-elf/sys-include  -msx -Werror -S -o conftest.s conftest.c 1>&5
configure:4416: $? = 0
configure:4425: result: yes
configure:4570: updating cache ./config.cache
configure:4643: creating ./config.status

## ---------------------- ##
## Running config.status. ##
## ---------------------- ##

This file was extended by GNU C Runtime Library config.status 1.0, which was
generated by GNU Autoconf 2.64.  Invocation command line was

  CONFIG_FILES    = 
  CONFIG_HEADERS  = 
  CONFIG_LINKS    = 
  CONFIG_COMMANDS = 
  $ ./config.status 

on tsujiyuuki-no-MacBook-Pro.local

config.status:805: creating Makefile
config.status:967: linking ../../.././libgcc/enable-execute-stack-empty.c to enable-execute-stack.c
config.status:967: linking ../../.././libgcc/unwind-generic.h to unwind.h
config.status:967: linking ../../.././libgcc/config/no-unwind.h to md-unwind-support.h
config.status:967: linking ../../.././libgcc/config/no-sfp-machine.h to sfp-machine.h
config.status:967: linking ../../.././libgcc/gthr-single.h to gthr-default.h
config.status:986: executing default commands

## ---------------- ##
## Cache variables. ##
## ---------------- ##

ac_cv_build=x86_64-apple-darwin14.4.0
ac_cv_c_compiler_gnu=yes
ac_cv_env_CC_set=set
ac_cv_env_CC_value='/Users/tsujiyuuki/Dropbox/For_Programming/12step/build/gcc-4.7.1/host-x86_64-apple-darwin14.4.0/gcc/xgcc -B/Users/tsujiyuuki/Dropbox/For_Programming/12step/build/gcc-4.7.1/host-x86_64-apple-darwin14.4.0/gcc/ -B/Users/tsujiyuuki/Dropbox/For_Programming/12step/tools/h8300-elf/bin/ -B/Users/tsujiyuuki/Dropbox/For_Programming/12step/tools/h8300-elf/lib/ -isystem /Users/tsujiyuuki/Dropbox/For_Programming/12step/tools/h8300-elf/include -isystem /Users/tsujiyuuki/Dropbox/For_Programming/12step/tools/h8300-elf/sys-include  -msx'
ac_cv_env_CFLAGS_set=set
ac_cv_env_CFLAGS_value='-g -O2'
ac_cv_env_CPPFLAGS_set=set
ac_cv_env_CPPFLAGS_value=
ac_cv_env_CPP_set=
ac_cv_env_CPP_value=
ac_cv_env_LDFLAGS_set=set
ac_cv_env_LDFLAGS_value=
ac_cv_env_LIBS_set=
ac_cv_env_LIBS_value=
ac_cv_env_build_alias_set=set
ac_cv_env_build_alias_value=x86_64-apple-darwin14.4.0
ac_cv_env_host_alias_set=set
ac_cv_env_host_alias_value=h8300-elf
ac_cv_env_target_alias_set=set
ac_cv_env_target_alias_value=h8300-elf
ac_cv_host=h8300-unknown-elf
ac_cv_objext=o
ac_cv_prog_AR=/Users/tsujiyuuki/Dropbox/For_Programming/12step/tools/h8300-elf/bin/ar
ac_cv_prog_AWK=awk
ac_cv_prog_CC='/Users/tsujiyuuki/Dropbox/For_Programming/12step/build/gcc-4.7.1/host-x86_64-apple-darwin14.4.0/gcc/xgcc -B/Users/tsujiyuuki/Dropbox/For_Programming/12step/build/gcc-4.7.1/host-x86_64-apple-darwin14.4.0/gcc/ -B/Users/tsujiyuuki/Dropbox/For_Programming/12step/tools/h8300-elf/bin/ -B/Users/tsujiyuuki/Dropbox/For_Programming/12step/tools/h8300-elf/lib/ -isystem /Users/tsujiyuuki/Dropbox/For_Programming/12step/tools/h8300-elf/include -isystem /Users/tsujiyuuki/Dropbox/For_Programming/12step/tools/h8300-elf/sys-include  -msx'
ac_cv_prog_CPP='/Users/tsujiyuuki/Dropbox/For_Programming/12step/build/gcc-4.7.1/host-x86_64-apple-darwin14.4.0/gcc/xgcc -B/Users/tsujiyuuki/Dropbox/For_Programming/12step/build/gcc-4.7.1/host-x86_64-apple-darwin14.4.0/gcc/ -B/Users/tsujiyuuki/Dropbox/For_Programming/12step/tools/h8300-elf/bin/ -B/Users/tsujiyuuki/Dropbox/For_Programming/12step/tools/h8300-elf/lib/ -isystem /Users/tsujiyuuki/Dropbox/For_Programming/12step/tools/h8300-elf/include -isystem /Users/tsujiyuuki/Dropbox/For_Programming/12step/tools/h8300-elf/sys-include  -msx -E'
ac_cv_prog_LIPO=h8300-elf-lipo
ac_cv_prog_NM=/Users/tsujiyuuki/Dropbox/For_Programming/12step/build/gcc-4.7.1/host-x86_64-apple-darwin14.4.0/gcc/nm
ac_cv_prog_RANLIB=/Users/tsujiyuuki/Dropbox/For_Programming/12step/tools/h8300-elf/bin/ranlib
ac_cv_prog_STRIP=/Users/tsujiyuuki/Dropbox/For_Programming/12step/tools/h8300-elf/bin/strip
ac_cv_prog_cc_c89=no
ac_cv_prog_cc_g=yes
ac_cv_sizeof_double=4
ac_cv_sizeof_long_double=4
acl_cv_prog_gnu_ld=yes
gcc_cv_have_cc_tls=yes
gcc_cv_use_emutls=yes
libgcc_cv_cfi=no
libgcc_cv_dfp=no
libgcc_cv_fixed_point=no
libgcc_cv_hidden_visibility_attribute=yes
libgcc_cv_lib_sjlj_exceptions=yes

## ----------------- ##
## Output variables. ##
## ----------------- ##

AR='/Users/tsujiyuuki/Dropbox/For_Programming/12step/tools/h8300-elf/bin/ar'
AWK='awk'
CC='/Users/tsujiyuuki/Dropbox/For_Programming/12step/build/gcc-4.7.1/host-x86_64-apple-darwin14.4.0/gcc/xgcc -B/Users/tsujiyuuki/Dropbox/For_Programming/12step/build/gcc-4.7.1/host-x86_64-apple-darwin14.4.0/gcc/ -B/Users/tsujiyuuki/Dropbox/For_Programming/12step/tools/h8300-elf/bin/ -B/Users/tsujiyuuki/Dropbox/For_Programming/12step/tools/h8300-elf/lib/ -isystem /Users/tsujiyuuki/Dropbox/For_Programming/12step/tools/h8300-elf/include -isystem /Users/tsujiyuuki/Dropbox/For_Programming/12step/tools/h8300-elf/sys-include  -msx'
CFLAGS='-g -O2'
CPP='/Users/tsujiyuuki/Dropbox/For_Programming/12step/build/gcc-4.7.1/host-x86_64-apple-darwin14.4.0/gcc/xgcc -B/Users/tsujiyuuki/Dropbox/For_Programming/12step/build/gcc-4.7.1/host-x86_64-apple-darwin14.4.0/gcc/ -B/Users/tsujiyuuki/Dropbox/For_Programming/12step/tools/h8300-elf/bin/ -B/Users/tsujiyuuki/Dropbox/For_Programming/12step/tools/h8300-elf/lib/ -isystem /Users/tsujiyuuki/Dropbox/For_Programming/12step/tools/h8300-elf/include -isystem /Users/tsujiyuuki/Dropbox/For_Programming/12step/tools/h8300-elf/sys-include  -msx -E'
CPPFLAGS=''
DEFS='-DPACKAGE_NAME=\"GNU\ C\ Runtime\ Library\" -DPACKAGE_TARNAME=\"libgcc\" -DPACKAGE_VERSION=\"1.0\" -DPACKAGE_STRING=\"GNU\ C\ Runtime\ Library\ 1.0\" -DPACKAGE_BUGREPORT=\"\" -DPACKAGE_URL=\"http://www.gnu.org/software/libgcc/\" -DSIZEOF_DOUBLE=4 -DSIZEOF_LONG_DOUBLE=4 -DHAVE_GETIPINFO=1 -DLIBGCC_SJLJ_EXCEPTIONS=1 -DUSE_EMUTLS=1'
ECHO_C='\c'
ECHO_N=''
ECHO_T=''
EXEEXT=''
INSTALL_DATA='/usr/bin/install -c -m 644'
INSTALL_PROGRAM='/usr/bin/install -c'
INSTALL_SCRIPT='/usr/bin/install -c'
LDFLAGS=''
LIBOBJS=''
LIBS=''
LIPO='h8300-elf-lipo'
LN_S='ln -s'
LTLIBOBJS=''
MAINT='#'
NM='/Users/tsujiyuuki/Dropbox/For_Programming/12step/build/gcc-4.7.1/host-x86_64-apple-darwin14.4.0/gcc/nm'
OBJEXT='o'
PACKAGE_BUGREPORT=''
PACKAGE_NAME='GNU C Runtime Library'
PACKAGE_STRING='GNU C Runtime Library 1.0'
PACKAGE_TARNAME='libgcc'
PACKAGE_URL='http://www.gnu.org/software/libgcc/'
PACKAGE_VERSION='1.0'
PATH_SEPARATOR=':'
PICFLAG='-fPIC'
RANLIB='/Users/tsujiyuuki/Dropbox/For_Programming/12step/tools/h8300-elf/bin/ranlib'
SHELL='/bin/sh'
STRIP='/Users/tsujiyuuki/Dropbox/For_Programming/12step/tools/h8300-elf/bin/strip'
ac_ct_CC=''
asm_hidden_op='.hidden'
bindir='${exec_prefix}/bin'
build='x86_64-apple-darwin14.4.0'
build_alias='x86_64-apple-darwin14.4.0'
build_cpu='x86_64'
build_libsubdir='build-x86_64-apple-darwin14.4.0'
build_os='darwin14.4.0'
build_subdir='build-x86_64-apple-darwin14.4.0'
build_vendor='apple'
cpu_type='h8300'
datadir='${datarootdir}'
datarootdir='${prefix}/share'
decimal_float='no'
docdir='${datarootdir}/doc/${PACKAGE_TARNAME}'
double_type_size='32'
dvidir='${docdir}'
enable_decimal_float='no'
enable_shared='no'
exec_prefix='${prefix}'
extra_parts='crtbegin.o crtend.o crti.o crtn.o'
fixed_point='no'
host='h8300-unknown-elf'
host_alias='h8300-elf'
host_cpu='h8300'
host_noncanonical='h8300-elf'
host_os='elf'
host_subdir='.'
host_vendor='unknown'
htmldir='${docdir}'
includedir='${prefix}/include'
infodir='${datarootdir}/info'
libdir='${exec_prefix}/lib'
libexecdir='${exec_prefix}/libexec'
libgcc_topdir='../../.././libgcc/..'
localedir='${datarootdir}/locale'
localstatedir='${prefix}/var'
long_double_type_size='32'
mandir='${datarootdir}/man'
oldincludedir='/usr/include'
pdfdir='${docdir}'
prefix='/Users/tsujiyuuki/Dropbox/For_Programming/12step/tools'
program_transform_name='s&^&h8300-elf-&'
psdir='${docdir}'
sbindir='${exec_prefix}/sbin'
set_have_cc_tls='-DHAVE_CC_TLS'
set_use_emutls='-DUSE_EMUTLS'
sfp_machine_header='no-sfp-machine.h'
sharedstatedir='${prefix}/com'
slibdir='$(exec_prefix)/$(host_noncanonical)/lib'
sysconfdir='${prefix}/etc'
target_alias='h8300-elf'
target_noncanonical='h8300-elf'
target_subdir='h8300-elf'
tm_defines=''
tm_file=' $(srcdir)/config/h8300/h8300-lib.h'
tmake_file=' $(srcdir)/config/h8300/t-h8300 $(srcdir)/config/t-fpbit'
toolexecdir='$(exec_prefix)/$(target_noncanonical)'
toolexeclibdir='$(toolexecdir)/lib/h8sx'
vis_hide='-fvisibility=hidden -DHIDE_EXPORTS'

## ----------- ##
## confdefs.h. ##
## ----------- ##

/* confdefs.h */
#define PACKAGE_NAME "GNU C Runtime Library"
#define PACKAGE_TARNAME "libgcc"
#define PACKAGE_VERSION "1.0"
#define PACKAGE_STRING "GNU C Runtime Library 1.0"
#define PACKAGE_BUGREPORT ""
#define PACKAGE_URL "http://www.gnu.org/software/libgcc/"
#define SIZEOF_DOUBLE 4
#define SIZEOF_LONG_DOUBLE 4
#define HAVE_GETIPINFO 1
#define LIBGCC_SJLJ_EXCEPTIONS 1
#define USE_EMUTLS 1

configure: exit 0
