This file contains any messages produced by compilers while
running configure, to aid debugging if configure makes a mistake.

It was created by configure, which was
generated by GNU Autoconf 2.59.  Invocation command line was

  $ /Users/tsujiyuuki/Dropbox/For_Programming/12step/build/binutils-2.19.1/bfd/configure --cache-file=./config.cache --with-gnu-as --with-gnu-ld --disable-nls --disable-werror --prefix=/Users/tsujiyuuki/Dropbox/For_Programming/12step/tools --program-transform-name=s,^,h8300-elf-, --build=i386-apple-darwin14.4.0 --host=i386-apple-darwin14.4.0 --target=h8300-elf --srcdir=.././bfd

## --------- ##
## Platform. ##
## --------- ##

hostname = tsujiyuuki-no-MacBook-Pro.local
uname -m = x86_64
uname -r = 14.4.0
uname -s = Darwin
uname -v = Darwin Kernel Version 14.4.0: Thu May 28 11:35:04 PDT 2015; root:xnu-2782.30.5~1/RELEASE_X86_64

/usr/bin/uname -p = i386
/bin/uname -X     = unknown

/bin/arch              = unknown
/usr/bin/arch -k       = unknown
/usr/convex/getsysinfo = unknown
hostinfo               = Mach kernel version:
	 Darwin Kernel Version 14.4.0: Thu May 28 11:35:04 PDT 2015; root:xnu-2782.30.5~1/RELEASE_X86_64
Kernel configured for up to 8 processors.
4 processors are physically available.
8 processors are logically available.
Processor type: x86_64h (Intel x86-64h Haswell)
Processors active: 0 1 2 3 4 5 6 7
Primary memory available: 16.00 gigabytes
Default processor set: 258 tasks, 1469 threads, 8 processors
Load average: 3.97, Mach factor: 4.02
/bin/machine           = unknown
/usr/bin/oslevel       = unknown
/bin/universe          = unknown

PATH: /Users/tsujiyuuki/.rbenv/bin
PATH: /Users/tsujiyuuki/pylearn2/pylearn2/scripts
PATH: //Users/tsujiyuuki/Dropbox/For_Programming/12step/tools/bin
PATH: /usr/local/bin
PATH: /usr/local/bin
PATH: /usr/local/bin
PATH: /usr/local/bin
PATH: /usr/local/bin
PATH: /usr/local/bin
PATH: /usr/bin
PATH: /bin
PATH: /usr/sbin
PATH: /sbin
PATH: /opt/X11/bin
PATH: /usr/texbin


## ----------- ##
## Core tests. ##
## ----------- ##

configure:1405: creating cache ./config.cache
configure:1532: checking build system type
configure:1550: result: i386-apple-darwin14.4.0
configure:1558: checking host system type
configure:1572: result: i386-apple-darwin14.4.0
configure:1580: checking target system type
configure:1594: result: h8300-unknown-elf
configure:1616: checking for i386-apple-darwin14.4.0-gcc
configure:1642: result: gcc
configure:1926: checking for C compiler version
configure:1929: gcc --version </dev/null >&5
Configured with: --prefix=/Applications/Xcode.app/Contents/Developer/usr --with-gxx-include-dir=/usr/include/c++/4.2.1
Apple LLVM version 6.1.0 (clang-602.0.49) (based on LLVM 3.6.0svn)
Target: x86_64-apple-darwin14.4.0
Thread model: posix
configure:1932: $? = 0
configure:1934: gcc -v </dev/null >&5
Configured with: --prefix=/Applications/Xcode.app/Contents/Developer/usr --with-gxx-include-dir=/usr/include/c++/4.2.1
Apple LLVM version 6.1.0 (clang-602.0.49) (based on LLVM 3.6.0svn)
Target: x86_64-apple-darwin14.4.0
Thread model: posix
configure:1937: $? = 0
configure:1939: gcc -V </dev/null >&5
clang: error: argument to '-V' is missing (expected 1 value)
clang: error: no input files
configure:1942: $? = 1
configure:1965: checking for C compiler default output file name
configure:1968: gcc -g -O2   conftest.c  >&5
configure:1971: $? = 0
configure:2019: result: a.out
configure:2024: checking whether the C compiler works
configure:2030: ./a.out
configure:2033: $? = 0
configure:2052: result: yes
configure:2059: checking whether we are cross compiling
configure:2061: result: no
configure:2064: checking for suffix of executables
configure:2066: gcc -o conftest -g -O2   conftest.c  >&5
configure:2069: $? = 0
configure:2096: result: 
configure:2102: checking for suffix of object files
configure:2123: gcc -c -g -O2  conftest.c >&5
configure:2126: $? = 0
configure:2150: result: o
configure:2154: checking whether we are using the GNU C compiler
configure:2178: gcc -c -g -O2  conftest.c >&5
configure:2184: $? = 0
configure:2188: test -z 
			 || test ! -s conftest.err
configure:2191: $? = 0
configure:2194: test -s conftest.o
configure:2197: $? = 0
configure:2210: result: yes
configure:2216: checking whether gcc accepts -g
configure:2237: gcc -c -g  conftest.c >&5
configure:2243: $? = 0
configure:2247: test -z 
			 || test ! -s conftest.err
configure:2250: $? = 0
configure:2253: test -s conftest.o
configure:2256: $? = 0
configure:2267: result: yes
configure:2284: checking for gcc option to accept ANSI C
configure:2354: gcc  -c -g -O2  conftest.c >&5
configure:2360: $? = 0
configure:2364: test -z 
			 || test ! -s conftest.err
configure:2367: $? = 0
configure:2370: test -s conftest.o
configure:2373: $? = 0
configure:2391: result: none needed
configure:2409: gcc -c -g -O2  conftest.c >&5
conftest.c:2:3: error: unknown type name 'choke'
  choke me
  ^
conftest.c:2:11: error: expected ';' after top level declarator
  choke me
          ^
          ;
2 errors generated.
configure:2415: $? = 1
configure: failed program was:
| #ifndef __cplusplus
|   choke me
| #endif
configure:2549: checking for library containing strerror
configure:2579: gcc -o conftest -g -O2   conftest.c  >&5
conftest.c:16:6: warning: incompatible redeclaration of library function 'strerror' [-Wincompatible-library-redeclaration]
char strerror ();
     ^
conftest.c:16:6: note: 'strerror' is a builtin with type 'char *(int)'
1 warning generated.
configure:2585: $? = 0
configure:2589: test -z 
			 || test ! -s conftest.err
configure:2592: $? = 0
configure:2595: test -s conftest
configure:2598: $? = 0
configure:2668: result: none required
configure:2691: checking for a BSD-compatible install
configure:2757: result: /usr/bin/install -c
configure:2768: checking whether build environment is sane
configure:2811: result: yes
configure:2876: checking for gawk
configure:2905: result: no
configure:2876: checking for mawk
configure:2905: result: no
configure:2876: checking for nawk
configure:2905: result: no
configure:2876: checking for awk
configure:2892: found /usr/bin/awk
configure:2902: result: awk
configure:2912: checking whether /Applications/Xcode.app/Contents/Developer/usr/bin/make sets $(MAKE)
configure:2932: result: yes
configure:2962: checking for style of include used by /Applications/Xcode.app/Contents/Developer/usr/bin/make
configure:2990: result: GNU
configure:3166: checking dependency style of gcc
configure:3256: result: gcc3
configure:3278: checking for i386-apple-darwin14.4.0-ar
configure:3304: result: ar
configure:3357: checking for i386-apple-darwin14.4.0-ranlib
configure:3383: result: ranlib
configure:3475: checking for i386-apple-darwin14.4.0-gcc
configure:3501: result: gcc
configure:3785: checking for C compiler version
configure:3788: gcc --version </dev/null >&5
Configured with: --prefix=/Applications/Xcode.app/Contents/Developer/usr --with-gxx-include-dir=/usr/include/c++/4.2.1
Apple LLVM version 6.1.0 (clang-602.0.49) (based on LLVM 3.6.0svn)
Target: x86_64-apple-darwin14.4.0
Thread model: posix
configure:3791: $? = 0
configure:3793: gcc -v </dev/null >&5
Configured with: --prefix=/Applications/Xcode.app/Contents/Developer/usr --with-gxx-include-dir=/usr/include/c++/4.2.1
Apple LLVM version 6.1.0 (clang-602.0.49) (based on LLVM 3.6.0svn)
Target: x86_64-apple-darwin14.4.0
Thread model: posix
configure:3796: $? = 0
configure:3798: gcc -V </dev/null >&5
clang: error: argument to '-V' is missing (expected 1 value)
clang: error: no input files
configure:3801: $? = 1
configure:3804: checking whether we are using the GNU C compiler
configure:3860: result: yes
configure:3866: checking whether gcc accepts -g
configure:3917: result: yes
configure:3934: checking for gcc option to accept ANSI C
configure:4041: result: none needed
configure:4059: gcc -c -g -O2  conftest.c >&5
conftest.c:2:3: error: unknown type name 'choke'
  choke me
  ^
conftest.c:2:11: error: expected ';' after top level declarator
  choke me
          ^
          ;
2 errors generated.
configure:4065: $? = 1
configure: failed program was:
| #ifndef __cplusplus
|   choke me
| #endif
configure:4209: checking how to run the C preprocessor
configure:4244: gcc -E  conftest.c
configure:4250: $? = 0
configure:4282: gcc -E  conftest.c
conftest.c:12:10: fatal error: 'ac_nonexistent.h' file not found
#include <ac_nonexistent.h>
         ^
1 error generated.
configure:4288: $? = 1
configure: failed program was:
| /* confdefs.h.  */
| 
| #define PACKAGE_NAME ""
| #define PACKAGE_TARNAME ""
| #define PACKAGE_VERSION ""
| #define PACKAGE_STRING ""
| #define PACKAGE_BUGREPORT ""
| #define PACKAGE "bfd"
| #define VERSION "2.19.1"
| #define _GNU_SOURCE 1
| /* end confdefs.h.  */
| #include <ac_nonexistent.h>
configure:4327: result: gcc -E
configure:4351: gcc -E  conftest.c
configure:4357: $? = 0
configure:4389: gcc -E  conftest.c
conftest.c:12:10: fatal error: 'ac_nonexistent.h' file not found
#include <ac_nonexistent.h>
         ^
1 error generated.
configure:4395: $? = 1
configure: failed program was:
| /* confdefs.h.  */
| 
| #define PACKAGE_NAME ""
| #define PACKAGE_TARNAME ""
| #define PACKAGE_VERSION ""
| #define PACKAGE_STRING ""
| #define PACKAGE_BUGREPORT ""
| #define PACKAGE "bfd"
| #define VERSION "2.19.1"
| #define _GNU_SOURCE 1
| /* end confdefs.h.  */
| #include <ac_nonexistent.h>
configure:4441: checking for egrep
configure:4451: result: grep -E
configure:4456: checking for ANSI C header files
configure:4481: gcc -c -g -O2  conftest.c >&5
configure:4487: $? = 0
configure:4491: test -z 
			 || test ! -s conftest.err
configure:4494: $? = 0
configure:4497: test -s conftest.o
configure:4500: $? = 0
configure:4589: gcc -o conftest -g -O2   conftest.c  >&5
conftest.c:29:7: warning: implicitly declaring library function 'exit' with type 'void (int) __attribute__((noreturn))'
      exit(2);
      ^
conftest.c:29:7: note: include the header <stdlib.h> or explicitly provide a declaration for 'exit'
1 warning generated.
configure:4592: $? = 0
configure:4594: ./conftest
configure:4597: $? = 0
configure:4612: result: yes
configure:4636: checking for sys/types.h
configure:4652: gcc -c -g -O2  conftest.c >&5
configure:4658: $? = 0
configure:4662: test -z 
			 || test ! -s conftest.err
configure:4665: $? = 0
configure:4668: test -s conftest.o
configure:4671: $? = 0
configure:4682: result: yes
configure:4636: checking for sys/stat.h
configure:4652: gcc -c -g -O2  conftest.c >&5
configure:4658: $? = 0
configure:4662: test -z 
			 || test ! -s conftest.err
configure:4665: $? = 0
configure:4668: test -s conftest.o
configure:4671: $? = 0
configure:4682: result: yes
configure:4636: checking for stdlib.h
configure:4652: gcc -c -g -O2  conftest.c >&5
configure:4658: $? = 0
configure:4662: test -z 
			 || test ! -s conftest.err
configure:4665: $? = 0
configure:4668: test -s conftest.o
configure:4671: $? = 0
configure:4682: result: yes
configure:4636: checking for string.h
configure:4652: gcc -c -g -O2  conftest.c >&5
configure:4658: $? = 0
configure:4662: test -z 
			 || test ! -s conftest.err
configure:4665: $? = 0
configure:4668: test -s conftest.o
configure:4671: $? = 0
configure:4682: result: yes
configure:4636: checking for memory.h
configure:4652: gcc -c -g -O2  conftest.c >&5
configure:4658: $? = 0
configure:4662: test -z 
			 || test ! -s conftest.err
configure:4665: $? = 0
configure:4668: test -s conftest.o
configure:4671: $? = 0
configure:4682: result: yes
configure:4636: checking for strings.h
configure:4652: gcc -c -g -O2  conftest.c >&5
configure:4658: $? = 0
configure:4662: test -z 
			 || test ! -s conftest.err
configure:4665: $? = 0
configure:4668: test -s conftest.o
configure:4671: $? = 0
configure:4682: result: yes
configure:4636: checking for inttypes.h
configure:4652: gcc -c -g -O2  conftest.c >&5
configure:4658: $? = 0
configure:4662: test -z 
			 || test ! -s conftest.err
configure:4665: $? = 0
configure:4668: test -s conftest.o
configure:4671: $? = 0
configure:4682: result: yes
configure:4636: checking for stdint.h
configure:4652: gcc -c -g -O2  conftest.c >&5
configure:4658: $? = 0
configure:4662: test -z 
			 || test ! -s conftest.err
configure:4665: $? = 0
configure:4668: test -s conftest.o
configure:4671: $? = 0
configure:4682: result: yes
configure:4636: checking for unistd.h
configure:4652: gcc -c -g -O2  conftest.c >&5
configure:4658: $? = 0
configure:4662: test -z 
			 || test ! -s conftest.err
configure:4665: $? = 0
configure:4668: test -s conftest.o
configure:4671: $? = 0
configure:4682: result: yes
configure:4705: checking minix/config.h usability
configure:4717: gcc -c -g -O2  conftest.c >&5
conftest.c:56:10: fatal error: 'minix/config.h' file not found
#include <minix/config.h>
         ^
1 error generated.
configure:4723: $? = 1
configure: failed program was:
| /* confdefs.h.  */
| 
| #define PACKAGE_NAME ""
| #define PACKAGE_TARNAME ""
| #define PACKAGE_VERSION ""
| #define PACKAGE_STRING ""
| #define PACKAGE_BUGREPORT ""
| #define PACKAGE "bfd"
| #define VERSION "2.19.1"
| #define _GNU_SOURCE 1
| #define STDC_HEADERS 1
| #define HAVE_SYS_TYPES_H 1
| #define HAVE_SYS_STAT_H 1
| #define HAVE_STDLIB_H 1
| #define HAVE_STRING_H 1
| #define HAVE_MEMORY_H 1
| #define HAVE_STRINGS_H 1
| #define HAVE_INTTYPES_H 1
| #define HAVE_STDINT_H 1
| #define HAVE_UNISTD_H 1
| /* end confdefs.h.  */
| #include <stdio.h>
| #if HAVE_SYS_TYPES_H
| # include <sys/types.h>
| #endif
| #if HAVE_SYS_STAT_H
| # include <sys/stat.h>
| #endif
| #if STDC_HEADERS
| # include <stdlib.h>
| # include <stddef.h>
| #else
| # if HAVE_STDLIB_H
| #  include <stdlib.h>
| # endif
| #endif
| #if HAVE_STRING_H
| # if !STDC_HEADERS && HAVE_MEMORY_H
| #  include <memory.h>
| # endif
| # include <string.h>
| #endif
| #if HAVE_STRINGS_H
| # include <strings.h>
| #endif
| #if HAVE_INTTYPES_H
| # include <inttypes.h>
| #else
| # if HAVE_STDINT_H
| #  include <stdint.h>
| # endif
| #endif
| #if HAVE_UNISTD_H
| # include <unistd.h>
| #endif
| #include <minix/config.h>
configure:4746: result: no
configure:4750: checking minix/config.h presence
configure:4760: gcc -E  conftest.c
conftest.c:22:10: fatal error: 'minix/config.h' file not found
#include <minix/config.h>
         ^
1 error generated.
configure:4766: $? = 1
configure: failed program was:
| /* confdefs.h.  */
| 
| #define PACKAGE_NAME ""
| #define PACKAGE_TARNAME ""
| #define PACKAGE_VERSION ""
| #define PACKAGE_STRING ""
| #define PACKAGE_BUGREPORT ""
| #define PACKAGE "bfd"
| #define VERSION "2.19.1"
| #define _GNU_SOURCE 1
| #define STDC_HEADERS 1
| #define HAVE_SYS_TYPES_H 1
| #define HAVE_SYS_STAT_H 1
| #define HAVE_STDLIB_H 1
| #define HAVE_STRING_H 1
| #define HAVE_MEMORY_H 1
| #define HAVE_STRINGS_H 1
| #define HAVE_INTTYPES_H 1
| #define HAVE_STDINT_H 1
| #define HAVE_UNISTD_H 1
| /* end confdefs.h.  */
| #include <minix/config.h>
configure:4786: result: no
configure:4821: checking for minix/config.h
configure:4828: result: no
configure:4859: checking whether it is safe to define __EXTENSIONS__
configure:4882: gcc -c -g -O2  conftest.c >&5
configure:4888: $? = 0
configure:4892: test -z 
			 || test ! -s conftest.err
configure:4895: $? = 0
configure:4898: test -s conftest.o
configure:4901: $? = 0
configure:4912: result: yes
configure:5043: checking for a sed that does not truncate output
configure:5099: result: /usr/bin/sed
configure:5115: checking for fgrep
configure:5125: result: grep -F
configure:5160: checking for ld used by gcc
configure:5227: result: /Applications/Xcode.app/Contents/Developer/Toolchains/XcodeDefault.xctoolchain/usr/bin/ld
configure:5236: checking if the linker (/Applications/Xcode.app/Contents/Developer/Toolchains/XcodeDefault.xctoolchain/usr/bin/ld) is GNU ld
configure:5251: result: no
configure:5264: checking for BSD- or MS-compatible name lister (nm)
configure:5313: result: nm
configure:5418: checking the name lister (nm) interface
configure:5425: gcc -c -g -O2  conftest.c >&5
configure:5428: nm "conftest.o"
configure:5431: output
0000000000000210 S _some_variable
configure:5438: result: BSD nm
configure:5441: checking whether ln -s works
configure:5445: result: yes
configure:5453: checking the maximum length of command line arguments
configure:5573: result: 196608
configure:5591: checking whether the shell understands some XSI constructs
configure:5599: result: yes
configure:5603: checking whether the shell understands "+="
configure:5609: result: yes
configure:5644: checking for /Applications/Xcode.app/Contents/Developer/Toolchains/XcodeDefault.xctoolchain/usr/bin/ld option to reload object files
configure:5651: result: -r
configure:5678: checking how to recognize dependent libraries
configure:5868: result: pass_all
configure:5888: checking for i386-apple-darwin14.4.0-ar
configure:5914: result: ar
configure:5981: checking for i386-apple-darwin14.4.0-strip
configure:6010: result: no
configure:6019: checking for strip
configure:6035: found /usr/bin/strip
configure:6046: result: strip
configure:6068: checking for i386-apple-darwin14.4.0-ranlib
configure:6094: result: ranlib
configure:6213: checking command to parse nm output from gcc object
configure:6330: gcc -c -g -O2  conftest.c >&5
configure:6333: $? = 0
configure:6337: nm conftest.o \| sed -n -e 's/^.*[	 ]\([BCDEGRST][BCDEGRST]*\)[	 ][	 ]*\([_A-Za-z][_A-Za-z0-9]*\)$/\1 \2 \2/p' \> conftest.nm
configure:6340: $? = 0
cannot find nm_test_var in conftest.nm
configure:6330: gcc -c -g -O2  conftest.c >&5
configure:6333: $? = 0
configure:6337: nm conftest.o \| sed -n -e 's/^.*[	 ]\([BCDEGRST][BCDEGRST]*\)[	 ][	 ]*_\([_A-Za-z][_A-Za-z0-9]*\)$/\1 _\2 \2/p' \> conftest.nm
configure:6340: $? = 0
configure:6394: gcc -o conftest -g -O2   conftest.c conftstm.o >&5
configure:6397: $? = 0
configure:6435: result: ok
configure:6676: checking for dlfcn.h
configure:6692: gcc -c -g -O2  conftest.c >&5
configure:6698: $? = 0
configure:6702: test -z 
			 || test ! -s conftest.err
configure:6705: $? = 0
configure:6708: test -s conftest.o
configure:6711: $? = 0
configure:6722: result: yes
configure:6784: checking for objdir
configure:6799: result: .libs
configure:7095: checking if gcc supports -fno-rtti -fno-exceptions
configure:7113: gcc -c -g -O2  -fno-rtti -fno-exceptions conftest.c >&5
configure:7117: $? = 0
configure:7130: result: yes
configure:7150: checking for gcc option to produce PIC
configure:7405: result: -fno-common -DPIC
configure:7417: checking if gcc PIC flag -fno-common -DPIC works
configure:7435: gcc -c -g -O2  -fno-common -DPIC -DPIC conftest.c >&5
configure:7439: $? = 0
configure:7452: result: yes
configure:7476: checking if gcc static flag -static works
configure:7504: result: no
configure:7519: checking if gcc supports -c -o file.o
configure:7540: gcc -c -g -O2  -o out/conftest2.o conftest.c >&5
configure:7544: $? = 0
configure:7566: result: yes
configure:7574: checking if gcc supports -c -o file.o
configure:7621: result: yes
configure:7654: checking whether the gcc linker (/Applications/Xcode.app/Contents/Developer/Toolchains/XcodeDefault.xctoolchain/usr/bin/ld) supports shared libraries
configure:8734: result: yes
configure:8973: checking dynamic linker characteristics
configure:9649: result: darwin14.4.0 dyld
configure:9744: checking how to hardcode library paths into programs
configure:9769: result: immediate
configure:10615: checking whether stripping libraries is possible
configure:10629: result: yes
configure:10655: checking if libtool supports shared libraries
configure:10657: result: yes
configure:10660: checking whether to build shared libraries
configure:10681: result: no
configure:10684: checking whether to build static libraries
configure:10688: result: yes
configure:10953: checking whether to enable maintainer-specific portions of Makefiles
configure:10962: result: no
configure:11002: checking whether to install libbfd
configure:11015: result: no
configure:11065: checking whether NLS is requested
configure:11068: result: no
configure:11138: checking whether NLS is requested
configure:11147: result: no
configure:11185: checking for msgfmt
configure:11219: result: no
configure:11225: checking for gmsgfmt
configure:11256: result: :
configure:11295: checking for xgettext
configure:11329: result: no
configure:11366: checking for msgmerge
configure:11399: result: no
configure:11450: checking for a BSD-compatible install
configure:11516: result: /usr/bin/install -c
configure:11535: checking for long long
configure:11559: gcc -c -g -O2  conftest.c >&5
configure:11565: $? = 0
configure:11569: test -z 
			 || test ! -s conftest.err
configure:11572: $? = 0
configure:11575: test -s conftest.o
configure:11578: $? = 0
configure:11589: result: yes
configure:11592: checking size of long long
configure:11915: gcc -o conftest -g -O2   conftest.c  >&5
configure:11918: $? = 0
configure:11920: ./conftest
configure:11923: $? = 0
configure:11948: result: 8
configure:11955: checking for void *
configure:11979: gcc -c -g -O2  conftest.c >&5
configure:11985: $? = 0
configure:11989: test -z 
			 || test ! -s conftest.err
configure:11992: $? = 0
configure:11995: test -s conftest.o
configure:11998: $? = 0
configure:12009: result: yes
configure:12012: checking size of void *
configure:12335: gcc -o conftest -g -O2   conftest.c  >&5
configure:12338: $? = 0
configure:12340: ./conftest
configure:12343: $? = 0
configure:12368: result: 8
configure:12375: checking for long
configure:12399: gcc -c -g -O2  conftest.c >&5
configure:12405: $? = 0
configure:12409: test -z 
			 || test ! -s conftest.err
configure:12412: $? = 0
configure:12415: test -s conftest.o
configure:12418: $? = 0
configure:12429: result: yes
configure:12432: checking size of long
configure:12755: gcc -o conftest -g -O2   conftest.c  >&5
configure:12758: $? = 0
configure:12760: ./conftest
configure:12763: $? = 0
configure:12788: result: 8
configure:12884: checking alloca.h usability
configure:12896: gcc -c -g -O2  conftest.c >&5
configure:12902: $? = 0
configure:12906: test -z 
			 || test ! -s conftest.err
configure:12909: $? = 0
configure:12912: test -s conftest.o
configure:12915: $? = 0
configure:12925: result: yes
configure:12929: checking alloca.h presence
configure:12939: gcc -E  conftest.c
configure:12945: $? = 0
configure:12965: result: yes
configure:13000: checking for alloca.h
configure:13007: result: yes
configure:12884: checking stddef.h usability
configure:12896: gcc -c -g -O2  conftest.c >&5
configure:12902: $? = 0
configure:12906: test -z 
			 || test ! -s conftest.err
configure:12909: $? = 0
configure:12912: test -s conftest.o
configure:12915: $? = 0
configure:12925: result: yes
configure:12929: checking stddef.h presence
configure:12939: gcc -E  conftest.c
configure:12945: $? = 0
configure:12965: result: yes
configure:13000: checking for stddef.h
configure:13007: result: yes
configure:12875: checking for string.h
configure:12880: result: yes
configure:12875: checking for strings.h
configure:12880: result: yes
configure:12875: checking for stdlib.h
configure:12880: result: yes
configure:12884: checking time.h usability
configure:12896: gcc -c -g -O2  conftest.c >&5
configure:12902: $? = 0
configure:12906: test -z 
			 || test ! -s conftest.err
configure:12909: $? = 0
configure:12912: test -s conftest.o
configure:12915: $? = 0
configure:12925: result: yes
configure:12929: checking time.h presence
configure:12939: gcc -E  conftest.c
configure:12945: $? = 0
configure:12965: result: yes
configure:13000: checking for time.h
configure:13007: result: yes
configure:12875: checking for unistd.h
configure:12880: result: yes
configure:13036: checking fcntl.h usability
configure:13048: gcc -c -g -O2  conftest.c >&5
configure:13054: $? = 0
configure:13058: test -z 
			 || test ! -s conftest.err
configure:13061: $? = 0
configure:13064: test -s conftest.o
configure:13067: $? = 0
configure:13077: result: yes
configure:13081: checking fcntl.h presence
configure:13091: gcc -E  conftest.c
configure:13097: $? = 0
configure:13117: result: yes
configure:13152: checking for fcntl.h
configure:13159: result: yes
configure:13036: checking sys/file.h usability
configure:13048: gcc -c -g -O2  conftest.c >&5
configure:13054: $? = 0
configure:13058: test -z 
			 || test ! -s conftest.err
configure:13061: $? = 0
configure:13064: test -s conftest.o
configure:13067: $? = 0
configure:13077: result: yes
configure:13081: checking sys/file.h presence
configure:13091: gcc -E  conftest.c
configure:13097: $? = 0
configure:13117: result: yes
configure:13152: checking for sys/file.h
configure:13159: result: yes
configure:13036: checking sys/time.h usability
configure:13048: gcc -c -g -O2  conftest.c >&5
configure:13054: $? = 0
configure:13058: test -z 
			 || test ! -s conftest.err
configure:13061: $? = 0
configure:13064: test -s conftest.o
configure:13067: $? = 0
configure:13077: result: yes
configure:13081: checking sys/time.h presence
configure:13091: gcc -E  conftest.c
configure:13097: $? = 0
configure:13117: result: yes
configure:13152: checking for sys/time.h
configure:13159: result: yes
configure:13185: checking for uintmax_t
configure:13211: gcc -c -g -O2  conftest.c >&5
configure:13217: $? = 0
configure:13221: test -z 
			 || test ! -s conftest.err
configure:13224: $? = 0
configure:13227: test -s conftest.o
configure:13230: $? = 0
configure:13241: result: yes
configure:13249: checking for uintptr_t
configure:13275: gcc -c -g -O2  conftest.c >&5
configure:13281: $? = 0
configure:13285: test -z 
			 || test ! -s conftest.err
configure:13288: $? = 0
configure:13291: test -s conftest.o
configure:13294: $? = 0
configure:13305: result: yes
configure:13313: checking for int_least32_t
configure:13339: gcc -c -g -O2  conftest.c >&5
configure:13345: $? = 0
configure:13349: test -z 
			 || test ! -s conftest.err
configure:13352: $? = 0
configure:13355: test -s conftest.o
configure:13358: $? = 0
configure:13369: result: yes
configure:13377: checking for int_fast32_t
configure:13403: gcc -c -g -O2  conftest.c >&5
configure:13409: $? = 0
configure:13413: test -z 
			 || test ! -s conftest.err
configure:13416: $? = 0
configure:13419: test -s conftest.o
configure:13422: $? = 0
configure:13433: result: yes
configure:13441: checking for uint64_t
configure:13467: gcc -c -g -O2  conftest.c >&5
configure:13473: $? = 0
configure:13477: test -z 
			 || test ! -s conftest.err
configure:13480: $? = 0
configure:13483: test -s conftest.o
configure:13486: $? = 0
configure:13497: result: yes
configure:13843: checking what to include in bfd_stdint.h
configure:13863: result: stdint.h (already complete)
configure:16049: checking whether time.h and sys/time.h may both be included
configure:16074: gcc -c -g -O2  conftest.c >&5
configure:16080: $? = 0
configure:16084: test -z 
			 || test ! -s conftest.err
configure:16087: $? = 0
configure:16090: test -s conftest.o
configure:16093: $? = 0
configure:16104: result: yes
configure:16122: checking for dirent.h that defines DIR
configure:16146: gcc -c -g -O2  conftest.c >&5
configure:16152: $? = 0
configure:16156: test -z 
			 || test ! -s conftest.err
configure:16159: $? = 0
configure:16162: test -s conftest.o
configure:16165: $? = 0
configure:16176: result: yes
configure:16189: checking for library containing opendir
configure:16219: gcc -o conftest -g -O2   conftest.c  >&5
configure:16225: $? = 0
configure:16229: test -z 
			 || test ! -s conftest.err
configure:16232: $? = 0
configure:16235: test -s conftest
configure:16238: $? = 0
configure:16308: result: none required
configure:16444: checking whether string.h and strings.h may both be included
configure:16466: gcc -c -g -O2  conftest.c >&5
configure:16472: $? = 0
configure:16476: test -z 
			 || test ! -s conftest.err
configure:16479: $? = 0
configure:16482: test -s conftest.o
configure:16485: $? = 0
configure:16496: result: yes
configure:16516: checking for fcntl
configure:16573: gcc -o conftest -g -O2   conftest.c  >&5
configure:16579: $? = 0
configure:16583: test -z 
			 || test ! -s conftest.err
configure:16586: $? = 0
configure:16589: test -s conftest
configure:16592: $? = 0
configure:16604: result: yes
configure:16516: checking for getpagesize
configure:16573: gcc -o conftest -g -O2   conftest.c  >&5
configure:16579: $? = 0
configure:16583: test -z 
			 || test ! -s conftest.err
configure:16586: $? = 0
configure:16589: test -s conftest
configure:16592: $? = 0
configure:16604: result: yes
configure:16516: checking for setitimer
configure:16573: gcc -o conftest -g -O2   conftest.c  >&5
configure:16579: $? = 0
configure:16583: test -z 
			 || test ! -s conftest.err
configure:16586: $? = 0
configure:16589: test -s conftest
configure:16592: $? = 0
configure:16604: result: yes
configure:16516: checking for sysconf
configure:16573: gcc -o conftest -g -O2   conftest.c  >&5
configure:16579: $? = 0
configure:16583: test -z 
			 || test ! -s conftest.err
configure:16586: $? = 0
configure:16589: test -s conftest
configure:16592: $? = 0
configure:16604: result: yes
configure:16516: checking for fdopen
configure:16573: gcc -o conftest -g -O2   conftest.c  >&5
configure:16579: $? = 0
configure:16583: test -z 
			 || test ! -s conftest.err
configure:16586: $? = 0
configure:16589: test -s conftest
configure:16592: $? = 0
configure:16604: result: yes
configure:16516: checking for getuid
configure:16573: gcc -o conftest -g -O2   conftest.c  >&5
configure:16579: $? = 0
configure:16583: test -z 
			 || test ! -s conftest.err
configure:16586: $? = 0
configure:16589: test -s conftest
configure:16592: $? = 0
configure:16604: result: yes
configure:16516: checking for getgid
configure:16573: gcc -o conftest -g -O2   conftest.c  >&5
configure:16579: $? = 0
configure:16583: test -z 
			 || test ! -s conftest.err
configure:16586: $? = 0
configure:16589: test -s conftest
configure:16592: $? = 0
configure:16604: result: yes
configure:16618: checking for strtoull
configure:16675: gcc -o conftest -g -O2   conftest.c  >&5
configure:16681: $? = 0
configure:16685: test -z 
			 || test ! -s conftest.err
configure:16688: $? = 0
configure:16691: test -s conftest
configure:16694: $? = 0
configure:16706: result: yes
configure:16717: checking whether basename is declared
configure:16741: gcc -c -g -O2  conftest.c >&5
conftest.c:91:22: error: use of undeclared identifier 'basename'
  char *p = (char *) basename;
                     ^
1 error generated.
configure:16747: $? = 1
configure: failed program was:
| /* confdefs.h.  */
| 
| #define PACKAGE_NAME ""
| #define PACKAGE_TARNAME ""
| #define PACKAGE_VERSION ""
| #define PACKAGE_STRING ""
| #define PACKAGE_BUGREPORT ""
| #define PACKAGE "bfd"
| #define VERSION "2.19.1"
| #define _GNU_SOURCE 1
| #define STDC_HEADERS 1
| #define HAVE_SYS_TYPES_H 1
| #define HAVE_SYS_STAT_H 1
| #define HAVE_STDLIB_H 1
| #define HAVE_STRING_H 1
| #define HAVE_MEMORY_H 1
| #define HAVE_STRINGS_H 1
| #define HAVE_INTTYPES_H 1
| #define HAVE_STDINT_H 1
| #define HAVE_UNISTD_H 1
| #define __EXTENSIONS__ 1
| #define _ALL_SOURCE 1
| #define _GNU_SOURCE 1
| #define _POSIX_PTHREAD_SEMANTICS 1
| #define _TANDEM_SOURCE 1
| #define HAVE_DLFCN_H 1
| #define LT_OBJDIR ".libs/"
| #define SIZEOF_LONG_LONG 8
| #define SIZEOF_VOID_P 8
| #define SIZEOF_LONG 8
| #define HAVE_ALLOCA_H 1
| #define HAVE_STDDEF_H 1
| #define HAVE_STRING_H 1
| #define HAVE_STRINGS_H 1
| #define HAVE_STDLIB_H 1
| #define HAVE_TIME_H 1
| #define HAVE_UNISTD_H 1
| #define HAVE_FCNTL_H 1
| #define HAVE_SYS_FILE_H 1
| #define HAVE_SYS_TIME_H 1
| #define TIME_WITH_SYS_TIME 1
| #define HAVE_DIRENT_H 1
| #define STRING_WITH_STRINGS 1
| #define HAVE_FCNTL 1
| #define HAVE_GETPAGESIZE 1
| #define HAVE_SETITIMER 1
| #define HAVE_SYSCONF 1
| #define HAVE_FDOPEN 1
| #define HAVE_GETUID 1
| #define HAVE_GETGID 1
| #define HAVE_STRTOULL 1
| /* end confdefs.h.  */
| #include <stdio.h>
| #if HAVE_SYS_TYPES_H
| # include <sys/types.h>
| #endif
| #if HAVE_SYS_STAT_H
| # include <sys/stat.h>
| #endif
| #if STDC_HEADERS
| # include <stdlib.h>
| # include <stddef.h>
| #else
| # if HAVE_STDLIB_H
| #  include <stdlib.h>
| # endif
| #endif
| #if HAVE_STRING_H
| # if !STDC_HEADERS && HAVE_MEMORY_H
| #  include <memory.h>
| # endif
| # include <string.h>
| #endif
| #if HAVE_STRINGS_H
| # include <strings.h>
| #endif
| #if HAVE_INTTYPES_H
| # include <inttypes.h>
| #else
| # if HAVE_STDINT_H
| #  include <stdint.h>
| # endif
| #endif
| #if HAVE_UNISTD_H
| # include <unistd.h>
| #endif
| int
| main ()
| {
| #ifndef basename
|   char *p = (char *) basename;
| #endif
| 
|   ;
|   return 0;
| }
configure:16771: result: no
configure:16789: checking whether ftello is declared
configure:16813: gcc -c -g -O2  conftest.c >&5
configure:16819: $? = 0
configure:16823: test -z 
			 || test ! -s conftest.err
configure:16826: $? = 0
configure:16829: test -s conftest.o
configure:16832: $? = 0
configure:16843: result: yes
configure:16861: checking whether ftello64 is declared
configure:16885: gcc -c -g -O2  conftest.c >&5
conftest.c:93:22: error: use of undeclared identifier 'ftello64'
  char *p = (char *) ftello64;
                     ^
1 error generated.
configure:16891: $? = 1
configure: failed program was:
| /* confdefs.h.  */
| 
| #define PACKAGE_NAME ""
| #define PACKAGE_TARNAME ""
| #define PACKAGE_VERSION ""
| #define PACKAGE_STRING ""
| #define PACKAGE_BUGREPORT ""
| #define PACKAGE "bfd"
| #define VERSION "2.19.1"
| #define _GNU_SOURCE 1
| #define STDC_HEADERS 1
| #define HAVE_SYS_TYPES_H 1
| #define HAVE_SYS_STAT_H 1
| #define HAVE_STDLIB_H 1
| #define HAVE_STRING_H 1
| #define HAVE_MEMORY_H 1
| #define HAVE_STRINGS_H 1
| #define HAVE_INTTYPES_H 1
| #define HAVE_STDINT_H 1
| #define HAVE_UNISTD_H 1
| #define __EXTENSIONS__ 1
| #define _ALL_SOURCE 1
| #define _GNU_SOURCE 1
| #define _POSIX_PTHREAD_SEMANTICS 1
| #define _TANDEM_SOURCE 1
| #define HAVE_DLFCN_H 1
| #define LT_OBJDIR ".libs/"
| #define SIZEOF_LONG_LONG 8
| #define SIZEOF_VOID_P 8
| #define SIZEOF_LONG 8
| #define HAVE_ALLOCA_H 1
| #define HAVE_STDDEF_H 1
| #define HAVE_STRING_H 1
| #define HAVE_STRINGS_H 1
| #define HAVE_STDLIB_H 1
| #define HAVE_TIME_H 1
| #define HAVE_UNISTD_H 1
| #define HAVE_FCNTL_H 1
| #define HAVE_SYS_FILE_H 1
| #define HAVE_SYS_TIME_H 1
| #define TIME_WITH_SYS_TIME 1
| #define HAVE_DIRENT_H 1
| #define STRING_WITH_STRINGS 1
| #define HAVE_FCNTL 1
| #define HAVE_GETPAGESIZE 1
| #define HAVE_SETITIMER 1
| #define HAVE_SYSCONF 1
| #define HAVE_FDOPEN 1
| #define HAVE_GETUID 1
| #define HAVE_GETGID 1
| #define HAVE_STRTOULL 1
| #define HAVE_DECL_BASENAME 0
| #define HAVE_DECL_FTELLO 1
| /* end confdefs.h.  */
| #include <stdio.h>
| #if HAVE_SYS_TYPES_H
| # include <sys/types.h>
| #endif
| #if HAVE_SYS_STAT_H
| # include <sys/stat.h>
| #endif
| #if STDC_HEADERS
| # include <stdlib.h>
| # include <stddef.h>
| #else
| # if HAVE_STDLIB_H
| #  include <stdlib.h>
| # endif
| #endif
| #if HAVE_STRING_H
| # if !STDC_HEADERS && HAVE_MEMORY_H
| #  include <memory.h>
| # endif
| # include <string.h>
| #endif
| #if HAVE_STRINGS_H
| # include <strings.h>
| #endif
| #if HAVE_INTTYPES_H
| # include <inttypes.h>
| #else
| # if HAVE_STDINT_H
| #  include <stdint.h>
| # endif
| #endif
| #if HAVE_UNISTD_H
| # include <unistd.h>
| #endif
| int
| main ()
| {
| #ifndef ftello64
|   char *p = (char *) ftello64;
| #endif
| 
|   ;
|   return 0;
| }
configure:16915: result: no
configure:16933: checking whether fseeko is declared
configure:16957: gcc -c -g -O2  conftest.c >&5
configure:16963: $? = 0
configure:16967: test -z 
			 || test ! -s conftest.err
configure:16970: $? = 0
configure:16973: test -s conftest.o
configure:16976: $? = 0
configure:16987: result: yes
configure:17005: checking whether fseeko64 is declared
configure:17029: gcc -c -g -O2  conftest.c >&5
conftest.c:95:22: error: use of undeclared identifier 'fseeko64'
  char *p = (char *) fseeko64;
                     ^
1 error generated.
configure:17035: $? = 1
configure: failed program was:
| /* confdefs.h.  */
| 
| #define PACKAGE_NAME ""
| #define PACKAGE_TARNAME ""
| #define PACKAGE_VERSION ""
| #define PACKAGE_STRING ""
| #define PACKAGE_BUGREPORT ""
| #define PACKAGE "bfd"
| #define VERSION "2.19.1"
| #define _GNU_SOURCE 1
| #define STDC_HEADERS 1
| #define HAVE_SYS_TYPES_H 1
| #define HAVE_SYS_STAT_H 1
| #define HAVE_STDLIB_H 1
| #define HAVE_STRING_H 1
| #define HAVE_MEMORY_H 1
| #define HAVE_STRINGS_H 1
| #define HAVE_INTTYPES_H 1
| #define HAVE_STDINT_H 1
| #define HAVE_UNISTD_H 1
| #define __EXTENSIONS__ 1
| #define _ALL_SOURCE 1
| #define _GNU_SOURCE 1
| #define _POSIX_PTHREAD_SEMANTICS 1
| #define _TANDEM_SOURCE 1
| #define HAVE_DLFCN_H 1
| #define LT_OBJDIR ".libs/"
| #define SIZEOF_LONG_LONG 8
| #define SIZEOF_VOID_P 8
| #define SIZEOF_LONG 8
| #define HAVE_ALLOCA_H 1
| #define HAVE_STDDEF_H 1
| #define HAVE_STRING_H 1
| #define HAVE_STRINGS_H 1
| #define HAVE_STDLIB_H 1
| #define HAVE_TIME_H 1
| #define HAVE_UNISTD_H 1
| #define HAVE_FCNTL_H 1
| #define HAVE_SYS_FILE_H 1
| #define HAVE_SYS_TIME_H 1
| #define TIME_WITH_SYS_TIME 1
| #define HAVE_DIRENT_H 1
| #define STRING_WITH_STRINGS 1
| #define HAVE_FCNTL 1
| #define HAVE_GETPAGESIZE 1
| #define HAVE_SETITIMER 1
| #define HAVE_SYSCONF 1
| #define HAVE_FDOPEN 1
| #define HAVE_GETUID 1
| #define HAVE_GETGID 1
| #define HAVE_STRTOULL 1
| #define HAVE_DECL_BASENAME 0
| #define HAVE_DECL_FTELLO 1
| #define HAVE_DECL_FTELLO64 0
| #define HAVE_DECL_FSEEKO 1
| /* end confdefs.h.  */
| #include <stdio.h>
| #if HAVE_SYS_TYPES_H
| # include <sys/types.h>
| #endif
| #if HAVE_SYS_STAT_H
| # include <sys/stat.h>
| #endif
| #if STDC_HEADERS
| # include <stdlib.h>
| # include <stddef.h>
| #else
| # if HAVE_STDLIB_H
| #  include <stdlib.h>
| # endif
| #endif
| #if HAVE_STRING_H
| # if !STDC_HEADERS && HAVE_MEMORY_H
| #  include <memory.h>
| # endif
| # include <string.h>
| #endif
| #if HAVE_STRINGS_H
| # include <strings.h>
| #endif
| #if HAVE_INTTYPES_H
| # include <inttypes.h>
| #else
| # if HAVE_STDINT_H
| #  include <stdint.h>
| # endif
| #endif
| #if HAVE_UNISTD_H
| # include <unistd.h>
| #endif
| int
| main ()
| {
| #ifndef fseeko64
|   char *p = (char *) fseeko64;
| #endif
| 
|   ;
|   return 0;
| }
configure:17059: result: no
configure:17088: checking whether ffs is declared
configure:17112: gcc -c -g -O2  conftest.c >&5
configure:17118: $? = 0
configure:17122: test -z 
			 || test ! -s conftest.err
configure:17125: $? = 0
configure:17128: test -s conftest.o
configure:17131: $? = 0
configure:17142: result: yes
configure:17160: checking whether free is declared
configure:17184: gcc -c -g -O2  conftest.c >&5
configure:17190: $? = 0
configure:17194: test -z 
			 || test ! -s conftest.err
configure:17197: $? = 0
configure:17200: test -s conftest.o
configure:17203: $? = 0
configure:17214: result: yes
configure:17232: checking whether getenv is declared
configure:17256: gcc -c -g -O2  conftest.c >&5
configure:17262: $? = 0
configure:17266: test -z 
			 || test ! -s conftest.err
configure:17269: $? = 0
configure:17272: test -s conftest.o
configure:17275: $? = 0
configure:17286: result: yes
configure:17304: checking whether malloc is declared
configure:17328: gcc -c -g -O2  conftest.c >&5
configure:17334: $? = 0
configure:17338: test -z 
			 || test ! -s conftest.err
configure:17341: $? = 0
configure:17344: test -s conftest.o
configure:17347: $? = 0
configure:17358: result: yes
configure:17376: checking whether realloc is declared
configure:17400: gcc -c -g -O2  conftest.c >&5
configure:17406: $? = 0
configure:17410: test -z 
			 || test ! -s conftest.err
configure:17413: $? = 0
configure:17416: test -s conftest.o
configure:17419: $? = 0
configure:17430: result: yes
configure:17448: checking whether stpcpy is declared
configure:17472: gcc -c -g -O2  conftest.c >&5
configure:17478: $? = 0
configure:17482: test -z 
			 || test ! -s conftest.err
configure:17485: $? = 0
configure:17488: test -s conftest.o
configure:17491: $? = 0
configure:17502: result: yes
configure:17520: checking whether strstr is declared
configure:17544: gcc -c -g -O2  conftest.c >&5
configure:17550: $? = 0
configure:17554: test -z 
			 || test ! -s conftest.err
configure:17557: $? = 0
configure:17560: test -s conftest.o
configure:17563: $? = 0
configure:17574: result: yes
configure:17592: checking whether snprintf is declared
configure:17616: gcc -c -g -O2  conftest.c >&5
configure:17622: $? = 0
configure:17626: test -z 
			 || test ! -s conftest.err
configure:17629: $? = 0
configure:17632: test -s conftest.o
configure:17635: $? = 0
configure:17646: result: yes
configure:17664: checking whether vsnprintf is declared
configure:17688: gcc -c -g -O2  conftest.c >&5
configure:17694: $? = 0
configure:17698: test -z 
			 || test ! -s conftest.err
configure:17701: $? = 0
configure:17704: test -s conftest.o
configure:17707: $? = 0
configure:17718: result: yes
configure:17739: checking for library containing zlibVersion
configure:17769: gcc -o conftest -g -O2   conftest.c  >&5
Undefined symbols for architecture x86_64:
  "_zlibVersion", referenced from:
      _main in conftest-49c83f.o
ld: symbol(s) not found for architecture x86_64
clang: error: linker command failed with exit code 1 (use -v to see invocation)
configure:17775: $? = 1
configure: failed program was:
| /* confdefs.h.  */
| 
| #define PACKAGE_NAME ""
| #define PACKAGE_TARNAME ""
| #define PACKAGE_VERSION ""
| #define PACKAGE_STRING ""
| #define PACKAGE_BUGREPORT ""
| #define PACKAGE "bfd"
| #define VERSION "2.19.1"
| #define _GNU_SOURCE 1
| #define STDC_HEADERS 1
| #define HAVE_SYS_TYPES_H 1
| #define HAVE_SYS_STAT_H 1
| #define HAVE_STDLIB_H 1
| #define HAVE_STRING_H 1
| #define HAVE_MEMORY_H 1
| #define HAVE_STRINGS_H 1
| #define HAVE_INTTYPES_H 1
| #define HAVE_STDINT_H 1
| #define HAVE_UNISTD_H 1
| #define __EXTENSIONS__ 1
| #define _ALL_SOURCE 1
| #define _GNU_SOURCE 1
| #define _POSIX_PTHREAD_SEMANTICS 1
| #define _TANDEM_SOURCE 1
| #define HAVE_DLFCN_H 1
| #define LT_OBJDIR ".libs/"
| #define SIZEOF_LONG_LONG 8
| #define SIZEOF_VOID_P 8
| #define SIZEOF_LONG 8
| #define HAVE_ALLOCA_H 1
| #define HAVE_STDDEF_H 1
| #define HAVE_STRING_H 1
| #define HAVE_STRINGS_H 1
| #define HAVE_STDLIB_H 1
| #define HAVE_TIME_H 1
| #define HAVE_UNISTD_H 1
| #define HAVE_FCNTL_H 1
| #define HAVE_SYS_FILE_H 1
| #define HAVE_SYS_TIME_H 1
| #define TIME_WITH_SYS_TIME 1
| #define HAVE_DIRENT_H 1
| #define STRING_WITH_STRINGS 1
| #define HAVE_FCNTL 1
| #define HAVE_GETPAGESIZE 1
| #define HAVE_SETITIMER 1
| #define HAVE_SYSCONF 1
| #define HAVE_FDOPEN 1
| #define HAVE_GETUID 1
| #define HAVE_GETGID 1
| #define HAVE_STRTOULL 1
| #define HAVE_DECL_BASENAME 0
| #define HAVE_DECL_FTELLO 1
| #define HAVE_DECL_FTELLO64 0
| #define HAVE_DECL_FSEEKO 1
| #define HAVE_DECL_FSEEKO64 0
| #define HAVE_DECL_FFS 1
| #define HAVE_DECL_FREE 1
| #define HAVE_DECL_GETENV 1
| #define HAVE_DECL_MALLOC 1
| #define HAVE_DECL_REALLOC 1
| #define HAVE_DECL_STPCPY 1
| #define HAVE_DECL_STRSTR 1
| #define HAVE_DECL_SNPRINTF 1
| #define HAVE_DECL_VSNPRINTF 1
| /* end confdefs.h.  */
| 
| /* Override any gcc2 internal prototype to avoid an error.  */
| #ifdef __cplusplus
| extern "C"
| #endif
| /* We use char because int might match the return type of a gcc2
|    builtin and then its argument prototype would still apply.  */
| char zlibVersion ();
| int
| main ()
| {
| zlibVersion ();
|   ;
|   return 0;
| }
configure:17824: gcc -o conftest -g -O2   conftest.c -lz   >&5
configure:17830: $? = 0
configure:17834: test -z 
			 || test ! -s conftest.err
configure:17837: $? = 0
configure:17840: test -s conftest
configure:17843: $? = 0
configure:17858: result: -lz
configure:17876: checking zlib.h usability
configure:17888: gcc -c -g -O2  conftest.c >&5
configure:17894: $? = 0
configure:17898: test -z 
			 || test ! -s conftest.err
configure:17901: $? = 0
configure:17904: test -s conftest.o
configure:17907: $? = 0
configure:17917: result: yes
configure:17921: checking zlib.h presence
configure:17931: gcc -E  conftest.c
configure:17937: $? = 0
configure:17957: result: yes
configure:17992: checking for zlib.h
configure:17999: result: yes
configure:19976: checking for gcc version with buggy 64-bit support
configure:19993: result: no
configure:20031: checking for ftello
configure:20088: gcc -o conftest -g -O2   conftest.c -lz  >&5
configure:20094: $? = 0
configure:20098: test -z 
			 || test ! -s conftest.err
configure:20101: $? = 0
configure:20104: test -s conftest
configure:20107: $? = 0
configure:20119: result: yes
configure:20031: checking for ftello64
configure:20088: gcc -o conftest -g -O2   conftest.c -lz  >&5
Undefined symbols for architecture x86_64:
  "_ftello64", referenced from:
      _main in conftest-7b31a1.o
      _f in conftest-7b31a1.o
ld: symbol(s) not found for architecture x86_64
clang: error: linker command failed with exit code 1 (use -v to see invocation)
configure:20094: $? = 1
configure: failed program was:
| /* confdefs.h.  */
| 
| #define PACKAGE_NAME ""
| #define PACKAGE_TARNAME ""
| #define PACKAGE_VERSION ""
| #define PACKAGE_STRING ""
| #define PACKAGE_BUGREPORT ""
| #define PACKAGE "bfd"
| #define VERSION "2.19.1"
| #define _GNU_SOURCE 1
| #define STDC_HEADERS 1
| #define HAVE_SYS_TYPES_H 1
| #define HAVE_SYS_STAT_H 1
| #define HAVE_STDLIB_H 1
| #define HAVE_STRING_H 1
| #define HAVE_MEMORY_H 1
| #define HAVE_STRINGS_H 1
| #define HAVE_INTTYPES_H 1
| #define HAVE_STDINT_H 1
| #define HAVE_UNISTD_H 1
| #define __EXTENSIONS__ 1
| #define _ALL_SOURCE 1
| #define _GNU_SOURCE 1
| #define _POSIX_PTHREAD_SEMANTICS 1
| #define _TANDEM_SOURCE 1
| #define HAVE_DLFCN_H 1
| #define LT_OBJDIR ".libs/"
| #define SIZEOF_LONG_LONG 8
| #define SIZEOF_VOID_P 8
| #define SIZEOF_LONG 8
| #define HAVE_ALLOCA_H 1
| #define HAVE_STDDEF_H 1
| #define HAVE_STRING_H 1
| #define HAVE_STRINGS_H 1
| #define HAVE_STDLIB_H 1
| #define HAVE_TIME_H 1
| #define HAVE_UNISTD_H 1
| #define HAVE_FCNTL_H 1
| #define HAVE_SYS_FILE_H 1
| #define HAVE_SYS_TIME_H 1
| #define TIME_WITH_SYS_TIME 1
| #define HAVE_DIRENT_H 1
| #define STRING_WITH_STRINGS 1
| #define HAVE_FCNTL 1
| #define HAVE_GETPAGESIZE 1
| #define HAVE_SETITIMER 1
| #define HAVE_SYSCONF 1
| #define HAVE_FDOPEN 1
| #define HAVE_GETUID 1
| #define HAVE_GETGID 1
| #define HAVE_STRTOULL 1
| #define HAVE_DECL_BASENAME 0
| #define HAVE_DECL_FTELLO 1
| #define HAVE_DECL_FTELLO64 0
| #define HAVE_DECL_FSEEKO 1
| #define HAVE_DECL_FSEEKO64 0
| #define HAVE_DECL_FFS 1
| #define HAVE_DECL_FREE 1
| #define HAVE_DECL_GETENV 1
| #define HAVE_DECL_MALLOC 1
| #define HAVE_DECL_REALLOC 1
| #define HAVE_DECL_STPCPY 1
| #define HAVE_DECL_STRSTR 1
| #define HAVE_DECL_SNPRINTF 1
| #define HAVE_DECL_VSNPRINTF 1
| #define HAVE_ZLIB_H 1
| #define HAVE_FTELLO 1
| /* end confdefs.h.  */
| /* Define ftello64 to an innocuous variant, in case <limits.h> declares ftello64.
|    For example, HP-UX 11i <limits.h> declares gettimeofday.  */
| #define ftello64 innocuous_ftello64
| 
| /* System header to define __stub macros and hopefully few prototypes,
|     which can conflict with char ftello64 (); below.
|     Prefer <limits.h> to <assert.h> if __STDC__ is defined, since
|     <limits.h> exists even on freestanding compilers.  */
| 
| #ifdef __STDC__
| # include <limits.h>
| #else
| # include <assert.h>
| #endif
| 
| #undef ftello64
| 
| /* Override any gcc2 internal prototype to avoid an error.  */
| #ifdef __cplusplus
| extern "C"
| {
| #endif
| /* We use char because int might match the return type of a gcc2
|    builtin and then its argument prototype would still apply.  */
| char ftello64 ();
| /* The GNU C library defines this for functions which it implements
|     to always fail with ENOSYS.  Some functions are actually named
|     something starting with __ and the normal name is an alias.  */
| #if defined (__stub_ftello64) || defined (__stub___ftello64)
| choke me
| #else
| char (*f) () = ftello64;
| #endif
| #ifdef __cplusplus
| }
| #endif
| 
| int
| main ()
| {
| return f != ftello64;
|   ;
|   return 0;
| }
configure:20119: result: no
configure:20031: checking for fseeko
configure:20088: gcc -o conftest -g -O2   conftest.c -lz  >&5
configure:20094: $? = 0
configure:20098: test -z 
			 || test ! -s conftest.err
configure:20101: $? = 0
configure:20104: test -s conftest
configure:20107: $? = 0
configure:20119: result: yes
configure:20031: checking for fseeko64
configure:20088: gcc -o conftest -g -O2   conftest.c -lz  >&5
Undefined symbols for architecture x86_64:
  "_fseeko64", referenced from:
      _main in conftest-6dd73c.o
      _f in conftest-6dd73c.o
ld: symbol(s) not found for architecture x86_64
clang: error: linker command failed with exit code 1 (use -v to see invocation)
configure:20094: $? = 1
configure: failed program was:
| /* confdefs.h.  */
| 
| #define PACKAGE_NAME ""
| #define PACKAGE_TARNAME ""
| #define PACKAGE_VERSION ""
| #define PACKAGE_STRING ""
| #define PACKAGE_BUGREPORT ""
| #define PACKAGE "bfd"
| #define VERSION "2.19.1"
| #define _GNU_SOURCE 1
| #define STDC_HEADERS 1
| #define HAVE_SYS_TYPES_H 1
| #define HAVE_SYS_STAT_H 1
| #define HAVE_STDLIB_H 1
| #define HAVE_STRING_H 1
| #define HAVE_MEMORY_H 1
| #define HAVE_STRINGS_H 1
| #define HAVE_INTTYPES_H 1
| #define HAVE_STDINT_H 1
| #define HAVE_UNISTD_H 1
| #define __EXTENSIONS__ 1
| #define _ALL_SOURCE 1
| #define _GNU_SOURCE 1
| #define _POSIX_PTHREAD_SEMANTICS 1
| #define _TANDEM_SOURCE 1
| #define HAVE_DLFCN_H 1
| #define LT_OBJDIR ".libs/"
| #define SIZEOF_LONG_LONG 8
| #define SIZEOF_VOID_P 8
| #define SIZEOF_LONG 8
| #define HAVE_ALLOCA_H 1
| #define HAVE_STDDEF_H 1
| #define HAVE_STRING_H 1
| #define HAVE_STRINGS_H 1
| #define HAVE_STDLIB_H 1
| #define HAVE_TIME_H 1
| #define HAVE_UNISTD_H 1
| #define HAVE_FCNTL_H 1
| #define HAVE_SYS_FILE_H 1
| #define HAVE_SYS_TIME_H 1
| #define TIME_WITH_SYS_TIME 1
| #define HAVE_DIRENT_H 1
| #define STRING_WITH_STRINGS 1
| #define HAVE_FCNTL 1
| #define HAVE_GETPAGESIZE 1
| #define HAVE_SETITIMER 1
| #define HAVE_SYSCONF 1
| #define HAVE_FDOPEN 1
| #define HAVE_GETUID 1
| #define HAVE_GETGID 1
| #define HAVE_STRTOULL 1
| #define HAVE_DECL_BASENAME 0
| #define HAVE_DECL_FTELLO 1
| #define HAVE_DECL_FTELLO64 0
| #define HAVE_DECL_FSEEKO 1
| #define HAVE_DECL_FSEEKO64 0
| #define HAVE_DECL_FFS 1
| #define HAVE_DECL_FREE 1
| #define HAVE_DECL_GETENV 1
| #define HAVE_DECL_MALLOC 1
| #define HAVE_DECL_REALLOC 1
| #define HAVE_DECL_STPCPY 1
| #define HAVE_DECL_STRSTR 1
| #define HAVE_DECL_SNPRINTF 1
| #define HAVE_DECL_VSNPRINTF 1
| #define HAVE_ZLIB_H 1
| #define HAVE_FTELLO 1
| #define HAVE_FSEEKO 1
| /* end confdefs.h.  */
| /* Define fseeko64 to an innocuous variant, in case <limits.h> declares fseeko64.
|    For example, HP-UX 11i <limits.h> declares gettimeofday.  */
| #define fseeko64 innocuous_fseeko64
| 
| /* System header to define __stub macros and hopefully few prototypes,
|     which can conflict with char fseeko64 (); below.
|     Prefer <limits.h> to <assert.h> if __STDC__ is defined, since
|     <limits.h> exists even on freestanding compilers.  */
| 
| #ifdef __STDC__
| # include <limits.h>
| #else
| # include <assert.h>
| #endif
| 
| #undef fseeko64
| 
| /* Override any gcc2 internal prototype to avoid an error.  */
| #ifdef __cplusplus
| extern "C"
| {
| #endif
| /* We use char because int might match the return type of a gcc2
|    builtin and then its argument prototype would still apply.  */
| char fseeko64 ();
| /* The GNU C library defines this for functions which it implements
|     to always fail with ENOSYS.  Some functions are actually named
|     something starting with __ and the normal name is an alias.  */
| #if defined (__stub_fseeko64) || defined (__stub___fseeko64)
| choke me
| #else
| char (*f) () = fseeko64;
| #endif
| #ifdef __cplusplus
| }
| #endif
| 
| int
| main ()
| {
| return f != fseeko64;
|   ;
|   return 0;
| }
configure:20119: result: no
configure:20031: checking for fopen64
configure:20088: gcc -o conftest -g -O2   conftest.c -lz  >&5
Undefined symbols for architecture x86_64:
  "_fopen64", referenced from:
      _main in conftest-93204d.o
      _f in conftest-93204d.o
ld: symbol(s) not found for architecture x86_64
clang: error: linker command failed with exit code 1 (use -v to see invocation)
configure:20094: $? = 1
configure: failed program was:
| /* confdefs.h.  */
| 
| #define PACKAGE_NAME ""
| #define PACKAGE_TARNAME ""
| #define PACKAGE_VERSION ""
| #define PACKAGE_STRING ""
| #define PACKAGE_BUGREPORT ""
| #define PACKAGE "bfd"
| #define VERSION "2.19.1"
| #define _GNU_SOURCE 1
| #define STDC_HEADERS 1
| #define HAVE_SYS_TYPES_H 1
| #define HAVE_SYS_STAT_H 1
| #define HAVE_STDLIB_H 1
| #define HAVE_STRING_H 1
| #define HAVE_MEMORY_H 1
| #define HAVE_STRINGS_H 1
| #define HAVE_INTTYPES_H 1
| #define HAVE_STDINT_H 1
| #define HAVE_UNISTD_H 1
| #define __EXTENSIONS__ 1
| #define _ALL_SOURCE 1
| #define _GNU_SOURCE 1
| #define _POSIX_PTHREAD_SEMANTICS 1
| #define _TANDEM_SOURCE 1
| #define HAVE_DLFCN_H 1
| #define LT_OBJDIR ".libs/"
| #define SIZEOF_LONG_LONG 8
| #define SIZEOF_VOID_P 8
| #define SIZEOF_LONG 8
| #define HAVE_ALLOCA_H 1
| #define HAVE_STDDEF_H 1
| #define HAVE_STRING_H 1
| #define HAVE_STRINGS_H 1
| #define HAVE_STDLIB_H 1
| #define HAVE_TIME_H 1
| #define HAVE_UNISTD_H 1
| #define HAVE_FCNTL_H 1
| #define HAVE_SYS_FILE_H 1
| #define HAVE_SYS_TIME_H 1
| #define TIME_WITH_SYS_TIME 1
| #define HAVE_DIRENT_H 1
| #define STRING_WITH_STRINGS 1
| #define HAVE_FCNTL 1
| #define HAVE_GETPAGESIZE 1
| #define HAVE_SETITIMER 1
| #define HAVE_SYSCONF 1
| #define HAVE_FDOPEN 1
| #define HAVE_GETUID 1
| #define HAVE_GETGID 1
| #define HAVE_STRTOULL 1
| #define HAVE_DECL_BASENAME 0
| #define HAVE_DECL_FTELLO 1
| #define HAVE_DECL_FTELLO64 0
| #define HAVE_DECL_FSEEKO 1
| #define HAVE_DECL_FSEEKO64 0
| #define HAVE_DECL_FFS 1
| #define HAVE_DECL_FREE 1
| #define HAVE_DECL_GETENV 1
| #define HAVE_DECL_MALLOC 1
| #define HAVE_DECL_REALLOC 1
| #define HAVE_DECL_STPCPY 1
| #define HAVE_DECL_STRSTR 1
| #define HAVE_DECL_SNPRINTF 1
| #define HAVE_DECL_VSNPRINTF 1
| #define HAVE_ZLIB_H 1
| #define HAVE_FTELLO 1
| #define HAVE_FSEEKO 1
| /* end confdefs.h.  */
| /* Define fopen64 to an innocuous variant, in case <limits.h> declares fopen64.
|    For example, HP-UX 11i <limits.h> declares gettimeofday.  */
| #define fopen64 innocuous_fopen64
| 
| /* System header to define __stub macros and hopefully few prototypes,
|     which can conflict with char fopen64 (); below.
|     Prefer <limits.h> to <assert.h> if __STDC__ is defined, since
|     <limits.h> exists even on freestanding compilers.  */
| 
| #ifdef __STDC__
| # include <limits.h>
| #else
| # include <assert.h>
| #endif
| 
| #undef fopen64
| 
| /* Override any gcc2 internal prototype to avoid an error.  */
| #ifdef __cplusplus
| extern "C"
| {
| #endif
| /* We use char because int might match the return type of a gcc2
|    builtin and then its argument prototype would still apply.  */
| char fopen64 ();
| /* The GNU C library defines this for functions which it implements
|     to always fail with ENOSYS.  Some functions are actually named
|     something starting with __ and the normal name is an alias.  */
| #if defined (__stub_fopen64) || defined (__stub___fopen64)
| choke me
| #else
| char (*f) () = fopen64;
| #endif
| #ifdef __cplusplus
| }
| #endif
| 
| int
| main ()
| {
| return f != fopen64;
|   ;
|   return 0;
| }
configure:20119: result: no
configure:20130: checking for off_t
configure:20154: gcc -c -g -O2  conftest.c >&5
configure:20160: $? = 0
configure:20164: test -z 
			 || test ! -s conftest.err
configure:20167: $? = 0
configure:20170: test -s conftest.o
configure:20173: $? = 0
configure:20184: result: yes
configure:20187: checking size of off_t
configure:20510: gcc -o conftest -g -O2   conftest.c -lz  >&5
configure:20513: $? = 0
configure:20515: ./conftest
configure:20518: $? = 0
configure:20543: result: 8
configure:20551: checking file_ptr type
configure:20560: result: BFD_HOST_64_BIT
configure:20580: checking for stdlib.h
configure:20585: result: yes
configure:20580: checking for unistd.h
configure:20585: result: yes
configure:20729: checking for getpagesize
configure:20817: result: yes
configure:20827: checking for working mmap
configure:20969: gcc -o conftest -g -O2   conftest.c -lz  >&5
configure:20972: $? = 0
configure:20974: ./conftest
configure:20977: $? = 0
configure:20991: result: yes
configure:21007: checking for madvise
configure:21064: gcc -o conftest -g -O2   conftest.c -lz  >&5
configure:21070: $? = 0
configure:21074: test -z 
			 || test ! -s conftest.err
configure:21077: $? = 0
configure:21080: test -s conftest
configure:21083: $? = 0
configure:21095: result: yes
configure:21007: checking for mprotect
configure:21064: gcc -o conftest -g -O2   conftest.c -lz  >&5
configure:21070: $? = 0
configure:21074: test -z 
			 || test ! -s conftest.err
configure:21077: $? = 0
configure:21080: test -s conftest
configure:21083: $? = 0
configure:21095: result: yes
configure:21254: creating ./config.status

## ---------------------- ##
## Running config.status. ##
## ---------------------- ##

This file was extended by config.status, which was
generated by GNU Autoconf 2.59.  Invocation command line was

  CONFIG_FILES    = 
  CONFIG_HEADERS  = 
  CONFIG_LINKS    = 
  CONFIG_COMMANDS = 
  $ ./config.status 

on tsujiyuuki-no-MacBook-Pro.local

config.status:980: creating Makefile
config.status:980: creating doc/Makefile
config.status:980: creating bfd-in3.h
config.status:980: creating po/Makefile.in
config.status:1077: creating config.h
config.status:1493: executing depfiles commands
config.status:1493: executing libtool commands
config.status:1493: executing default-1 commands
config.status:1493: executing bfd_stdint.h commands
config.status:1493: executing default commands

## ---------------- ##
## Cache variables. ##
## ---------------- ##

ac_cv_build=i386-apple-darwin14.4.0
ac_cv_build_alias=i386-apple-darwin14.4.0
ac_cv_c_compiler_gnu=yes
ac_cv_env_CC_set=set
ac_cv_env_CC_value=gcc
ac_cv_env_CFLAGS_set=set
ac_cv_env_CFLAGS_value='-g -O2'
ac_cv_env_CPPFLAGS_set=
ac_cv_env_CPPFLAGS_value=
ac_cv_env_CPP_set=
ac_cv_env_CPP_value=
ac_cv_env_LDFLAGS_set=set
ac_cv_env_LDFLAGS_value=
ac_cv_env_build_alias_set=set
ac_cv_env_build_alias_value=i386-apple-darwin14.4.0
ac_cv_env_host_alias_set=set
ac_cv_env_host_alias_value=i386-apple-darwin14.4.0
ac_cv_env_target_alias_set=set
ac_cv_env_target_alias_value=h8300-elf
ac_cv_exeext=
ac_cv_func_fcntl=yes
ac_cv_func_fdopen=yes
ac_cv_func_fopen64=no
ac_cv_func_fseeko=yes
ac_cv_func_fseeko64=no
ac_cv_func_ftello=yes
ac_cv_func_ftello64=no
ac_cv_func_getgid=yes
ac_cv_func_getpagesize=yes
ac_cv_func_getuid=yes
ac_cv_func_madvise=yes
ac_cv_func_mmap_fixed_mapped=yes
ac_cv_func_mprotect=yes
ac_cv_func_setitimer=yes
ac_cv_func_strtoull=yes
ac_cv_func_sysconf=yes
ac_cv_have_decl_basename=no
ac_cv_have_decl_ffs=yes
ac_cv_have_decl_free=yes
ac_cv_have_decl_fseeko=yes
ac_cv_have_decl_fseeko64=no
ac_cv_have_decl_ftello=yes
ac_cv_have_decl_ftello64=no
ac_cv_have_decl_getenv=yes
ac_cv_have_decl_malloc=yes
ac_cv_have_decl_realloc=yes
ac_cv_have_decl_snprintf=yes
ac_cv_have_decl_stpcpy=yes
ac_cv_have_decl_strstr=yes
ac_cv_have_decl_vsnprintf=yes
ac_cv_header_alloca_h=yes
ac_cv_header_dirent_dirent_h=yes
ac_cv_header_dlfcn_h=yes
ac_cv_header_fcntl_h=yes
ac_cv_header_inttypes_h=yes
ac_cv_header_memory_h=yes
ac_cv_header_minix_config_h=no
ac_cv_header_stdc=yes
ac_cv_header_stddef_h=yes
ac_cv_header_stdint_h=yes
ac_cv_header_stdlib_h=yes
ac_cv_header_string_h=yes
ac_cv_header_strings_h=yes
ac_cv_header_sys_file_h=yes
ac_cv_header_sys_stat_h=yes
ac_cv_header_sys_time_h=yes
ac_cv_header_sys_types_h=yes
ac_cv_header_time=yes
ac_cv_header_time_h=yes
ac_cv_header_unistd_h=yes
ac_cv_header_zlib_h=yes
ac_cv_host=i386-apple-darwin14.4.0
ac_cv_host_alias=i386-apple-darwin14.4.0
ac_cv_objext=o
ac_cv_path_GMSGFMT=:
ac_cv_path_MSGFMT=:
ac_cv_path_MSGMERGE=:
ac_cv_path_XGETTEXT=:
ac_cv_prog_AR=ar
ac_cv_prog_AWK=awk
ac_cv_prog_CC=gcc
ac_cv_prog_CPP='gcc -E'
ac_cv_prog_RANLIB=ranlib
ac_cv_prog_ac_ct_STRIP=strip
ac_cv_prog_cc_g=yes
ac_cv_prog_cc_stdc=
ac_cv_prog_egrep='grep -E'
ac_cv_prog_fgrep='grep -F'
ac_cv_prog_make__Applications_Xcode_app_Contents_Developer_usr_bin_make_set=yes
ac_cv_safe_to_define___extensions__=yes
ac_cv_search_opendir='none required'
ac_cv_search_strerror='none required'
ac_cv_search_zlibVersion=-lz
ac_cv_sizeof_long=8
ac_cv_sizeof_long_long=8
ac_cv_sizeof_off_t=8
ac_cv_sizeof_void_p=8
ac_cv_target=h8300-unknown-elf
ac_cv_target_alias=h8300-elf
ac_cv_type_int_fast32_t=yes
ac_cv_type_int_least32_t=yes
ac_cv_type_long=yes
ac_cv_type_long_long=yes
ac_cv_type_off_t=yes
ac_cv_type_u_int64_t=no
ac_cv_type_uint64_t=yes
ac_cv_type_uintmax_t=yes
ac_cv_type_uintptr_t=yes
ac_cv_type_void_p=yes
acx_cv_header_stdint=stdint.h
acx_cv_header_stdint_kind='(already complete)'
am_cv_CC_dependencies_compiler_type=gcc3
gcc_cv_header_string=yes
lt_cv_apple_cc_single_mod=yes
lt_cv_deplibs_check_method=pass_all
lt_cv_file_magic_cmd='$MAGIC_CMD'
lt_cv_file_magic_test_file=
lt_cv_ld_reload_flag=-r
lt_cv_nm_interface='BSD nm'
lt_cv_objdir=.libs
lt_cv_path_LD=/Applications/Xcode.app/Contents/Developer/Toolchains/XcodeDefault.xctoolchain/usr/bin/ld
lt_cv_path_NM=nm
lt_cv_path_SED=/usr/bin/sed
lt_cv_prog_compiler_c_o=yes
lt_cv_prog_compiler_rtti_exceptions=yes
lt_cv_prog_gnu_ld=no
lt_cv_sys_global_symbol_pipe='sed -n -e '\''s/^.*[	 ]\([BCDEGRST][BCDEGRST]*\)[	 ][	 ]*_\([_A-Za-z][_A-Za-z0-9]*\)$/\1 _\2 \2/p'\'''
lt_cv_sys_global_symbol_to_c_name_address='sed -n -e '\''s/^: \([^ ]*\) $/  {\"\1\", (void *) 0},/p'\'' -e '\''s/^[BCDEGRST]* \([^ ]*\) \([^ ]*\)$/  {"\2", (void *) \&\2},/p'\'''
lt_cv_sys_global_symbol_to_cdecl='sed -n -e '\''s/^T .* \(.*\)$/extern int \1();/p'\'' -e '\''s/^[BCDEGRST]* .* \(.*\)$/extern char \1;/p'\'''
lt_cv_sys_max_cmd_len=196608

## ----------------- ##
## Output variables. ##
## ----------------- ##

ACLOCAL='${SHELL} /Users/tsujiyuuki/Dropbox/For_Programming/12step/build/binutils-2.19.1/missing --run aclocal-1.9'
AMDEPBACKSLASH='\'
AMDEP_FALSE='#'
AMDEP_TRUE=''
AMTAR='${SHELL} /Users/tsujiyuuki/Dropbox/For_Programming/12step/build/binutils-2.19.1/missing --run tar'
AR='ar'
AUTOCONF='${SHELL} /Users/tsujiyuuki/Dropbox/For_Programming/12step/build/binutils-2.19.1/missing --run autoconf'
AUTOHEADER='${SHELL} /Users/tsujiyuuki/Dropbox/For_Programming/12step/build/binutils-2.19.1/missing --run autoheader'
AUTOMAKE='${SHELL} /Users/tsujiyuuki/Dropbox/For_Programming/12step/build/binutils-2.19.1/missing --run automake-1.9'
AWK='awk'
BFD_HOSTPTR_T='unsigned long'
BFD_HOST_64BIT_LONG='1'
BFD_HOST_64BIT_LONG_LONG='0'
BFD_HOST_64_BIT='long'
BFD_HOST_64_BIT_DEFINED='1'
BFD_HOST_U_64_BIT='unsigned long'
CATALOGS=''
CATOBJEXT=''
CC='gcc'
CCDEPMODE='depmode=gcc3'
CC_FOR_BUILD='gcc'
CFLAGS='-g -O2'
COREFILE=''
COREFLAG=''
CPP='gcc -E'
CPPFLAGS=''
CYGPATH_W='echo'
DATADIRNAME=''
DEBUGDIR='${exec_prefix}/lib/debug'
DEFS='-DHAVE_CONFIG_H'
DEPDIR='.deps'
DUMPBIN=''
ECHO_C='ECHO_N=''
ECHO_T=''
EGREP='grep -E'
EXEEXT=''
EXEEXT_FOR_BUILD='$(EXEEXT)'
FGREP='grep -F'
GENCAT=''
GENINSRC_NEVER_FALSE=''
GENINSRC_NEVER_TRUE='#'
GMSGFMT=':'
GREP='grep'
HDEFINES=''
INCINTL=''
INSTALL_DATA='/usr/bin/install -c -m 644'
INSTALL_LIBBFD_FALSE=''
INSTALL_LIBBFD_TRUE='#'
INSTALL_PROGRAM='/usr/bin/install -c'
INSTALL_SCRIPT='/usr/bin/install -c'
INSTALL_STRIP_PROGRAM='${SHELL} $(install_sh) -c -s'
INSTOBJEXT=''
LD='/Applications/Xcode.app/Contents/Developer/Toolchains/XcodeDefault.xctoolchain/usr/bin/ld'
LDFLAGS=''
LIBINTL=''
LIBINTL_DEP=''
LIBOBJS=''
LIBS='-lz '
LIBTOOL='$(SHELL) $(top_builddir)/libtool'
LN_S='ln -s'
LTLIBOBJS=''
MAINT='#'
MAINTAINER_MODE_FALSE=''
MAINTAINER_MODE_TRUE='#'
MAKEINFO='makeinfo --split-size=5000000'
MKINSTALLDIRS='$(top_builddir)/.././bfd/../mkinstalldirs'
MSGFMT=':'
MSGMERGE=':'
NM='nm'
NO_WERROR=''
OBJEXT='o'
PACKAGE='bfd'
PACKAGE_BUGREPORT=''
PACKAGE_NAME=''
PACKAGE_STRING=''
PACKAGE_TARNAME=''
PACKAGE_VERSION=''
PATH_SEPARATOR=':'
PKGVERSION='(GNU Binutils) '
POSUB=''
RANLIB='ranlib'
REPORT_BUGS_TEXI='@uref{http://www.sourceware.org/bugzilla/}'
REPORT_BUGS_TO='<http://www.sourceware.org/bugzilla/>'
SED='/usr/bin/sed'
SET_MAKE=''
SHELL='/bin/sh'
STRIP='strip'
TDEFINES=' '
USE_NLS='no'
VERSION='2.19.1'
WARN_CFLAGS='-W -Wall -Wstrict-prototypes -Wmissing-prototypes'
WIN32LDFLAGS=''
WIN32LIBADD=''
XGETTEXT=':'
ac_ct_AR=''
ac_ct_CC=''
ac_ct_DUMPBIN=''
ac_ct_RANLIB=''
ac_ct_STRIP='strip'
all_backends='$(BFD64_BACKENDS) $(BFD32_BACKENDS)'
am__fastdepCC_FALSE='#'
am__fastdepCC_TRUE=''
am__include='include'
am__leading_dot='.'
am__quote=''
am__tar='${AMTAR} chof - "$$tardir"'
am__untar='${AMTAR} xf -'
bfd64_libs='$(BFD64_LIBS)'
bfd_backends=' elf32-h8300.lo elf32.lo elf.lo elflink.lo elf-attrs.lo elf-strtab.lo elf-eh-frame.lo dwarf1.lo elf32-gen.lo'
bfd_default_target_size='32'
bfd_file_ptr='BFD_HOST_64_BIT'
bfd_machines=' cpu-h8300.lo'
bfd_ufile_ptr='BFD_HOST_U_64_BIT'
bfdincludedir='$(exec_prefix)/$(host_noncanonical)/$(target_noncanonical)/include'
bfdlibdir='$(exec_prefix)/$(host_noncanonical)/$(target_noncanonical)/lib'
bindir='${exec_prefix}/bin'
build='i386-apple-darwin14.4.0'
build_alias='i386-apple-darwin14.4.0'
build_cpu='i386'
build_os='darwin14.4.0'
build_vendor='apple'
datadir='${prefix}/share'
datarootdir='/Users/tsujiyuuki/Dropbox/For_Programming/12step/tools/share'
docdir='/Users/tsujiyuuki/Dropbox/For_Programming/12step/tools/share/doc'
exec_prefix='${prefix}'
host='i386-apple-darwin14.4.0'
host_alias='i386-apple-darwin14.4.0'
host_cpu='i386'
host_noncanonical='i386-apple-darwin14.4.0'
host_os='darwin14.4.0'
host_vendor='apple'
htmldir='/Users/tsujiyuuki/Dropbox/For_Programming/12step/tools/share/doc'
includedir='${prefix}/include'
infodir='${prefix}/info'
install_sh='/Users/tsujiyuuki/Dropbox/For_Programming/12step/build/binutils-2.19.1/install-sh'
libdir='${exec_prefix}/lib'
libexecdir='${exec_prefix}/libexec'
localstatedir='${prefix}/var'
lt_ECHO='/bin/echo'
mandir='${prefix}/man'
mkdir_p='$(mkinstalldirs)'
oldincludedir='/usr/include'
prefix='/Users/tsujiyuuki/Dropbox/For_Programming/12step/tools'
program_transform_name='s,^,h8300-elf-,'
sbindir='${exec_prefix}/sbin'
sharedstatedir='${prefix}/com'
sysconfdir='${prefix}/etc'
target='h8300-unknown-elf'
target_alias='h8300-elf'
target_cpu='h8300'
target_noncanonical='h8300-elf'
target_os='elf'
target_vendor='unknown'
tdefaults=' -DDEFAULT_VECTOR=bfd_elf32_h8300_vec -DSELECT_VECS='&bfd_elf32_h8300_vec,&bfd_elf32_little_generic_vec,&bfd_elf32_big_generic_vec' -DSELECT_ARCHITECTURES='&bfd_h8300_arch' -DHAVE_bfd_elf32_h8300_vec -DHAVE_bfd_elf32_little_generic_vec -DHAVE_bfd_elf32_big_generic_vec'
wordsize='64'

## ----------- ##
## confdefs.h. ##
## ----------- ##

#define HAVE_ALLOCA_H 1
#define HAVE_DECL_BASENAME 0
#define HAVE_DECL_FFS 1
#define HAVE_DECL_FREE 1
#define HAVE_DECL_FSEEKO 1
#define HAVE_DECL_FSEEKO64 0
#define HAVE_DECL_FTELLO 1
#define HAVE_DECL_FTELLO64 0
#define HAVE_DECL_GETENV 1
#define HAVE_DECL_MALLOC 1
#define HAVE_DECL_REALLOC 1
#define HAVE_DECL_SNPRINTF 1
#define HAVE_DECL_STPCPY 1
#define HAVE_DECL_STRSTR 1
#define HAVE_DECL_VSNPRINTF 1
#define HAVE_DIRENT_H 1
#define HAVE_DLFCN_H 1
#define HAVE_FCNTL 1
#define HAVE_FCNTL_H 1
#define HAVE_FDOPEN 1
#define HAVE_FSEEKO 1
#define HAVE_FTELLO 1
#define HAVE_GETGID 1
#define HAVE_GETPAGESIZE 1
#define HAVE_GETPAGESIZE 1
#define HAVE_GETUID 1
#define HAVE_INTTYPES_H 1
#define HAVE_MADVISE 1
#define HAVE_MEMORY_H 1
#define HAVE_MMAP 1
#define HAVE_MPROTECT 1
#define HAVE_SETITIMER 1
#define HAVE_STDDEF_H 1
#define HAVE_STDINT_H 1
#define HAVE_STDLIB_H 1
#define HAVE_STDLIB_H 1
#define HAVE_STDLIB_H 1
#define HAVE_STRINGS_H 1
#define HAVE_STRINGS_H 1
#define HAVE_STRING_H 1
#define HAVE_STRING_H 1
#define HAVE_STRTOULL 1
#define HAVE_SYSCONF 1
#define HAVE_SYS_FILE_H 1
#define HAVE_SYS_STAT_H 1
#define HAVE_SYS_TIME_H 1
#define HAVE_SYS_TYPES_H 1
#define HAVE_TIME_H 1
#define HAVE_UNISTD_H 1
#define HAVE_UNISTD_H 1
#define HAVE_UNISTD_H 1
#define HAVE_ZLIB_H 1
#define LT_OBJDIR ".libs/"
#define PACKAGE "bfd"
#define PACKAGE_BUGREPORT ""
#define PACKAGE_NAME ""
#define PACKAGE_STRING ""
#define PACKAGE_TARNAME ""
#define PACKAGE_VERSION ""
#define SIZEOF_LONG 8
#define SIZEOF_LONG_LONG 8
#define SIZEOF_OFF_T 8
#define SIZEOF_VOID_P 8
#define STDC_HEADERS 1
#define STRING_WITH_STRINGS 1
#define TIME_WITH_SYS_TIME 1
#define VERSION "2.19.1"
#define _ALL_SOURCE 1
#define _GNU_SOURCE 1
#define _GNU_SOURCE 1
#define _POSIX_PTHREAD_SEMANTICS 1
#define _TANDEM_SOURCE 1
#define __EXTENSIONS__ 1

configure: exit 0

## ---------------------- ##
## Running config.status. ##
## ---------------------- ##

This file was extended by config.status, which was
generated by GNU Autoconf 2.59.  Invocation command line was

  CONFIG_FILES    = po/Makefile.in:po/Make-in
  CONFIG_HEADERS  = 
  CONFIG_LINKS    = 
  CONFIG_COMMANDS = 
  $ ./config.status 

on tsujiyuuki-no-MacBook-Pro.local

config.status:980: creating po/Makefile.in
config.status:1493: executing depfiles commands
config.status:1493: executing libtool commands
config.status:1493: executing default-1 commands
config.status:1493: executing bfd_stdint.h commands
config.status:1493: executing default commands
