This file contains any messages produced by compilers while
running configure, to aid debugging if configure makes a mistake.

It was created by LTO plugin for ld configure 0.1, which was
generated by GNU Autoconf 2.64.  Invocation command line was

  $ /Users/tsujiyuuki/Dropbox/For_Programming/12step/build/gcc-4.7.1/lto-plugin/configure --cache-file=./config.cache -disable-nls --disable-threads --disable-shared --disable-werror --prefix=/Users/tsujiyuuki/Dropbox/For_Programming/12step/tools --with-gmp=/Users/tsujiyuuki/Dropbox/For_Programming/12step/tools/gmp --with-mpfr=/Users/tsujiyuuki/Dropbox/For_Programming/12step/tools/mpfr --with-mpc=/usr/local/mpc --enable-languages=c,lto --program-transform-name=s&^&h8300-elf-& --disable-option-checking --build=x86_64-apple-darwin14.4.0 --host=x86_64-apple-darwin14.4.0 --target=h8300-elf --srcdir=../.././lto-plugin --enable-shared

## --------- ##
## Platform. ##
## --------- ##

hostname = tsujiyuuki-no-MacBook-Pro.local
uname -m = x86_64
uname -r = 14.4.0
uname -s = Darwin
uname -v = Darwin Kernel Version 14.4.0: Thu May 28 11:35:04 PDT 2015; root:xnu-2782.30.5~1/RELEASE_X86_64

/usr/bin/uname -p = i386
/bin/uname -X     = unknown

/bin/arch              = unknown
/usr/bin/arch -k       = unknown
/usr/convex/getsysinfo = unknown
/usr/bin/hostinfo      = Mach kernel version:
	 Darwin Kernel Version 14.4.0: Thu May 28 11:35:04 PDT 2015; root:xnu-2782.30.5~1/RELEASE_X86_64
Kernel configured for up to 8 processors.
4 processors are physically available.
8 processors are logically available.
Processor type: x86_64h (Intel x86-64h Haswell)
Processors active: 0 1 2 3 4 5 6 7
Primary memory available: 16.00 gigabytes
Default processor set: 257 tasks, 1500 threads, 8 processors
Load average: 3.45, Mach factor: 4.59
/bin/machine           = unknown
/usr/bin/oslevel       = unknown
/bin/universe          = unknown

PATH: /Users/tsujiyuuki/.rbenv/bin
PATH: /Users/tsujiyuuki/pylearn2/pylearn2/scripts
PATH: //Users/tsujiyuuki/Dropbox/For_Programming/12step/tools/bin
PATH: /usr/local/bin
PATH: /usr/local/bin
PATH: /usr/local/bin
PATH: /usr/local/bin
PATH: /usr/local/bin
PATH: /usr/local/bin
PATH: /usr/bin
PATH: /bin
PATH: /usr/sbin
PATH: /sbin
PATH: /opt/X11/bin
PATH: /usr/texbin


## ----------- ##
## Core tests. ##
## ----------- ##

configure:2135: creating cache ./config.cache
configure:2238: checking build system type
configure:2252: result: x86_64-apple-darwin14.4.0
configure:2272: checking host system type
configure:2285: result: x86_64-apple-darwin14.4.0
configure:2305: checking target system type
configure:2318: result: h8300-unknown-elf
configure:2406: checking for a BSD-compatible install
configure:2474: result: /usr/bin/install -c
configure:2485: checking whether build environment is sane
configure:2535: result: yes
configure:2676: checking for a thread-safe mkdir -p
configure:2715: result: ../.././lto-plugin/../install-sh -c -d
configure:2728: checking for gawk
configure:2755: result: awk
configure:2766: checking whether /Applications/Xcode.app/Contents/Developer/usr/bin/make sets $(MAKE)
configure:2788: result: yes
configure:2869: checking whether to enable maintainer-specific portions of Makefiles
configure:2878: result: no
configure:2899: checking for x86_64-apple-darwin14.4.0-gcc
configure:2926: result: gcc
configure:3195: checking for C compiler version
configure:3204: gcc --version >&5
Apple LLVM version 6.1.0 (clang-602.0.49) (based on LLVM 3.6.0svn)
Target: x86_64-apple-darwin14.4.0
Thread model: posix
Configured with: --prefix=/Applications/Xcode.app/Contents/Developer/usr --with-gxx-include-dir=/usr/include/c++/4.2.1
configure:3215: $? = 0
configure:3204: gcc -v >&5
Configured with: --prefix=/Applications/Xcode.app/Contents/Developer/usr --with-gxx-include-dir=/usr/include/c++/4.2.1
Apple LLVM version 6.1.0 (clang-602.0.49) (based on LLVM 3.6.0svn)
Target: x86_64-apple-darwin14.4.0
Thread model: posix
configure:3215: $? = 0
configure:3204: gcc -V >&5
clang: error: argument to '-V' is missing (expected 1 value)
clang: error: no input files
configure:3215: $? = 1
configure:3204: gcc -qversion >&5
clang: error: unknown argument: '-qversion'
clang: error: no input files
configure:3215: $? = 1
configure:3235: checking for C compiler default output file name
configure:3257: gcc -g -O2    conftest.c  >&5
configure:3261: $? = 0
configure:3298: result: a.out
configure:3314: checking whether the C compiler works
configure:3323: ./a.out
configure:3327: $? = 0
configure:3342: result: yes
configure:3349: checking whether we are cross compiling
configure:3351: result: no
configure:3354: checking for suffix of executables
configure:3361: gcc -o conftest -g -O2    conftest.c  >&5
configure:3365: $? = 0
configure:3387: result: 
configure:3393: checking for suffix of object files
configure:3415: gcc -c -g -O2  conftest.c >&5
configure:3419: $? = 0
configure:3440: result: o
configure:3444: checking whether we are using the GNU C compiler
configure:3463: gcc -c -g -O2  conftest.c >&5
configure:3463: $? = 0
configure:3472: result: yes
configure:3481: checking whether gcc accepts -g
configure:3501: gcc -c -g  conftest.c >&5
configure:3501: $? = 0
configure:3542: result: yes
configure:3559: checking for gcc option to accept ISO C89
configure:3623: gcc  -c -g -O2  conftest.c >&5
configure:3623: $? = 0
configure:3636: result: none needed
configure:3667: checking for style of include used by /Applications/Xcode.app/Contents/Developer/usr/bin/make
configure:3695: result: GNU
configure:3720: checking dependency style of gcc
configure:3830: result: gcc3
configure:3853: checking for special C compiler options needed for large files
configure:3898: result: no
configure:3904: checking for _FILE_OFFSET_BITS value needed for large files
configure:3929: gcc -c -g -O2  conftest.c >&5
configure:3929: $? = 0
configure:3961: result: no
configure:4055: checking whether gcc supports -Wall
configure:4072: gcc -c -Wall  conftest.c >&5
configure:4072: $? = 0
configure:4081: result: yes
configure:4135: checking how to print strings
configure:4162: result: printf
configure:4183: checking for a sed that does not truncate output
configure:4247: result: /usr/bin/sed
configure:4265: checking for grep that handles long lines and -e
configure:4323: result: /usr/bin/grep
configure:4328: checking for egrep
configure:4390: result: /usr/bin/grep -E
configure:4395: checking for fgrep
configure:4457: result: /usr/bin/grep -F
configure:4492: checking for ld used by gcc
configure:4559: result: /Applications/Xcode.app/Contents/Developer/Toolchains/XcodeDefault.xctoolchain/usr/bin/ld
configure:4566: checking if the linker (/Applications/Xcode.app/Contents/Developer/Toolchains/XcodeDefault.xctoolchain/usr/bin/ld) is GNU ld
configure:4581: result: no
configure:4593: checking for BSD- or MS-compatible name lister (nm)
configure:4642: result: nm
configure:4772: checking the name lister (nm) interface
configure:4779: gcc -c -g -O2  conftest.c >&5
configure:4782: nm "conftest.o"
configure:4785: output
0000000000000230 S _some_variable
configure:4792: result: BSD nm
configure:4795: checking whether ln -s works
configure:4799: result: yes
configure:4807: checking the maximum length of command line arguments
configure:4932: result: 196608
configure:4949: checking whether the shell understands some XSI constructs
configure:4959: result: yes
configure:4963: checking whether the shell understands "+="
configure:4969: result: yes
configure:5004: checking for /Applications/Xcode.app/Contents/Developer/Toolchains/XcodeDefault.xctoolchain/usr/bin/ld option to reload object files
configure:5011: result: -r
configure:5040: checking for x86_64-apple-darwin14.4.0-objdump
configure:5067: result: objdump
configure:5139: checking how to recognize dependent libraries
configure:5340: result: pass_all
configure:5360: checking for x86_64-apple-darwin14.4.0-ar
configure:5387: result: ar
configure:5465: checking for x86_64-apple-darwin14.4.0-strip
configure:5495: result: no
configure:5505: checking for strip
configure:5521: found /usr/bin/strip
configure:5532: result: strip
configure:5564: checking for x86_64-apple-darwin14.4.0-ranlib
configure:5591: result: ranlib
configure:5733: checking command to parse nm output from gcc object
configure:5851: gcc -c -g -O2  conftest.c >&5
configure:5854: $? = 0
configure:5858: nm conftest.o \| sed -n -e 's/^.*[ ]\([BCDEGRST][BCDEGRST]*\)[ ][ ]*\([_A-Za-z][_A-Za-z0-9]*\)$/\1 \2 \2/p' \> conftest.nm
configure:5861: $? = 0
cannot find nm_test_var in conftest.nm
configure:5851: gcc -c -g -O2  conftest.c >&5
configure:5854: $? = 0
configure:5858: nm conftest.o \| sed -n -e 's/^.*[ ]\([BCDEGRST][BCDEGRST]*\)[ ][ ]*_\([_A-Za-z][_A-Za-z0-9]*\)$/\1 _\2 \2/p' \> conftest.nm
configure:5861: $? = 0
configure:5915: gcc -o conftest -g -O2    conftest.c conftstm.o >&5
configure:5918: $? = 0
configure:5956: result: ok
configure:6180: checking for x86_64-apple-darwin14.4.0-dsymutil
configure:6210: result: no
configure:6220: checking for dsymutil
configure:6236: found /usr/bin/dsymutil
configure:6247: result: dsymutil
configure:6272: checking for x86_64-apple-darwin14.4.0-nmedit
configure:6302: result: no
configure:6312: checking for nmedit
configure:6328: found /usr/bin/nmedit
configure:6339: result: nmedit
configure:6364: checking for x86_64-apple-darwin14.4.0-lipo
configure:6394: result: no
configure:6404: checking for lipo
configure:6420: found /usr/bin/lipo
configure:6431: result: lipo
configure:6456: checking for x86_64-apple-darwin14.4.0-otool
configure:6486: result: no
configure:6496: checking for otool
configure:6512: found /usr/bin/otool
configure:6523: result: otool
configure:6548: checking for x86_64-apple-darwin14.4.0-otool64
configure:6578: result: no
configure:6588: checking for otool64
configure:6618: result: no
configure:6663: checking for -single_module linker flag
gcc -g -O2   -o libconftest.dylib -dynamiclib -Wl,-single_module conftest.c
configure:6690: result: yes
configure:6692: checking for -exported_symbols_list linker flag
configure:6712: gcc -o conftest -g -O2    -Wl,-exported_symbols_list,conftest.sym conftest.c  >&5
configure:6712: $? = 0
configure:6722: result: yes
configure:6724: checking for -force_load linker flag
gcc -g -O2 -c -o conftest.o conftest.c
ar cru libconftest.a conftest.o
gcc -g -O2   -o conftest conftest.c -Wl,-force_load,./libconftest.a
configure:6752: result: yes
configure:6794: checking how to run the C preprocessor
configure:6825: gcc -E  conftest.c
configure:6825: $? = 0
configure:6839: gcc -E  conftest.c
conftest.c:11:10: fatal error: 'ac_nonexistent.h' file not found
#include <ac_nonexistent.h>
         ^
1 error generated.
configure:6839: $? = 1
configure: failed program was:
| /* confdefs.h */
| #define PACKAGE_NAME "LTO plugin for ld"
| #define PACKAGE_TARNAME "lto-plugin"
| #define PACKAGE_VERSION "0.1"
| #define PACKAGE_STRING "LTO plugin for ld 0.1"
| #define PACKAGE_BUGREPORT ""
| #define PACKAGE_URL ""
| #define PACKAGE "lto-plugin"
| #define VERSION "0.1"
| /* end confdefs.h.  */
| #include <ac_nonexistent.h>
configure:6864: result: gcc -E
configure:6884: gcc -E  conftest.c
configure:6884: $? = 0
configure:6898: gcc -E  conftest.c
conftest.c:11:10: fatal error: 'ac_nonexistent.h' file not found
#include <ac_nonexistent.h>
         ^
1 error generated.
configure:6898: $? = 1
configure: failed program was:
| /* confdefs.h */
| #define PACKAGE_NAME "LTO plugin for ld"
| #define PACKAGE_TARNAME "lto-plugin"
| #define PACKAGE_VERSION "0.1"
| #define PACKAGE_STRING "LTO plugin for ld 0.1"
| #define PACKAGE_BUGREPORT ""
| #define PACKAGE_URL ""
| #define PACKAGE "lto-plugin"
| #define VERSION "0.1"
| /* end confdefs.h.  */
| #include <ac_nonexistent.h>
configure:6927: checking for ANSI C header files
configure:6947: gcc -c -g -O2  conftest.c >&5
configure:6947: $? = 0
configure:7020: gcc -o conftest -g -O2    conftest.c  >&5
configure:7020: $? = 0
configure:7020: ./conftest
configure:7020: $? = 0
configure:7031: result: yes
configure:7044: checking for sys/types.h
configure:7044: gcc -c -g -O2  conftest.c >&5
configure:7044: $? = 0
configure:7044: result: yes
configure:7044: checking for sys/stat.h
configure:7044: gcc -c -g -O2  conftest.c >&5
configure:7044: $? = 0
configure:7044: result: yes
configure:7044: checking for stdlib.h
configure:7044: gcc -c -g -O2  conftest.c >&5
configure:7044: $? = 0
configure:7044: result: yes
configure:7044: checking for string.h
configure:7044: gcc -c -g -O2  conftest.c >&5
configure:7044: $? = 0
configure:7044: result: yes
configure:7044: checking for memory.h
configure:7044: gcc -c -g -O2  conftest.c >&5
configure:7044: $? = 0
configure:7044: result: yes
configure:7044: checking for strings.h
configure:7044: gcc -c -g -O2  conftest.c >&5
configure:7044: $? = 0
configure:7044: result: yes
configure:7044: checking for inttypes.h
configure:7044: gcc -c -g -O2  conftest.c >&5
configure:7044: $? = 0
configure:7044: result: yes
configure:7044: checking for stdint.h
configure:7044: gcc -c -g -O2  conftest.c >&5
configure:7044: $? = 0
configure:7044: result: yes
configure:7044: checking for unistd.h
configure:7044: gcc -c -g -O2  conftest.c >&5
configure:7044: $? = 0
configure:7044: result: yes
configure:7059: checking for dlfcn.h
configure:7059: gcc -c -g -O2  conftest.c >&5
configure:7059: $? = 0
configure:7059: result: yes
configure:7246: checking for objdir
configure:7261: result: .libs
configure:7532: checking if gcc supports -fno-rtti -fno-exceptions
configure:7550: gcc -c -g -O2  -fno-rtti -fno-exceptions conftest.c >&5
configure:7554: $? = 0
configure:7567: result: yes
configure:7587: checking for gcc option to produce PIC
configure:7872: result: -fno-common -DPIC
configure:7884: checking if gcc PIC flag -fno-common -DPIC works
configure:7902: gcc -c -g -O2  -fno-common -DPIC -DPIC conftest.c >&5
configure:7906: $? = 0
configure:7919: result: yes
configure:7943: checking if gcc static flag -static works
configure:7971: result: no
configure:7986: checking if gcc supports -c -o file.o
configure:8007: gcc -c -g -O2  -o out/conftest2.o conftest.c >&5
configure:8011: $? = 0
configure:8033: result: yes
configure:8041: checking if gcc supports -c -o file.o
configure:8088: result: yes
configure:8121: checking whether the gcc linker (/Applications/Xcode.app/Contents/Developer/Toolchains/XcodeDefault.xctoolchain/usr/bin/ld) supports shared libraries
configure:9192: result: yes
configure:9437: checking dynamic linker characteristics
configure:10110: result: darwin14.4.0 dyld
configure:10217: checking how to hardcode library paths into programs
configure:10242: result: immediate
configure:10782: checking whether stripping libraries is possible
configure:10796: result: yes
configure:10822: checking if libtool supports shared libraries
configure:10824: result: yes
configure:10827: checking whether to build shared libraries
configure:10848: result: yes
configure:10851: checking whether to build static libraries
configure:10855: result: yes
configure:10913: checking for int64_t
configure:10913: gcc -c -g -O2  conftest.c >&5
configure:10913: $? = 0
configure:10913: gcc -c -g -O2  conftest.c >&5
conftest.c:59:24: error: 'test_array' declared as an array with a negative size
static int test_array [1 - 2 * !((int64_t) ((((int64_t) 1 << (64 - 2)) - 1) * 2 + 1)
                       ^~~~~~~~~~~~~~~~~~~~~~~~~~~~~~~~~~~~~~~~~~~~~~~~~~~~~~~~~~~~~
1 error generated.
configure:10913: $? = 1
configure: failed program was:
| /* confdefs.h */
| #define PACKAGE_NAME "LTO plugin for ld"
| #define PACKAGE_TARNAME "lto-plugin"
| #define PACKAGE_VERSION "0.1"
| #define PACKAGE_STRING "LTO plugin for ld 0.1"
| #define PACKAGE_BUGREPORT ""
| #define PACKAGE_URL ""
| #define PACKAGE "lto-plugin"
| #define VERSION "0.1"
| #define STDC_HEADERS 1
| #define HAVE_SYS_TYPES_H 1
| #define HAVE_SYS_STAT_H 1
| #define HAVE_STDLIB_H 1
| #define HAVE_STRING_H 1
| #define HAVE_MEMORY_H 1
| #define HAVE_STRINGS_H 1
| #define HAVE_INTTYPES_H 1
| #define HAVE_STDINT_H 1
| #define HAVE_UNISTD_H 1
| #define HAVE_DLFCN_H 1
| #define LT_OBJDIR ".libs/"
| /* end confdefs.h.  */
| #include <stdio.h>
| #ifdef HAVE_SYS_TYPES_H
| # include <sys/types.h>
| #endif
| #ifdef HAVE_SYS_STAT_H
| # include <sys/stat.h>
| #endif
| #ifdef STDC_HEADERS
| # include <stdlib.h>
| # include <stddef.h>
| #else
| # ifdef HAVE_STDLIB_H
| #  include <stdlib.h>
| # endif
| #endif
| #ifdef HAVE_STRING_H
| # if !defined STDC_HEADERS && defined HAVE_MEMORY_H
| #  include <memory.h>
| # endif
| # include <string.h>
| #endif
| #ifdef HAVE_STRINGS_H
| # include <strings.h>
| #endif
| #ifdef HAVE_INTTYPES_H
| # include <inttypes.h>
| #endif
| #ifdef HAVE_STDINT_H
| # include <stdint.h>
| #endif
| #ifdef HAVE_UNISTD_H
| # include <unistd.h>
| #endif
| int
| main ()
| {
| static int test_array [1 - 2 * !((int64_t) ((((int64_t) 1 << (64 - 2)) - 1) * 2 + 1)
| 		 < (int64_t) ((((int64_t) 1 << (64 - 2)) - 1) * 2 + 2))];
| test_array [0] = 0
| 
|   ;
|   return 0;
| }
configure:10913: result: yes
configure:10924: checking for uint64_t
configure:10924: gcc -c -g -O2  conftest.c >&5
configure:10924: $? = 0
configure:10924: result: yes
configure:10938: checking for sys/wait.h that is POSIX.1 compatible
configure:10964: gcc -c -g -O2  conftest.c >&5
configure:10964: $? = 0
configure:10971: result: yes
configure:11048: updating cache ./config.cache
configure:11105: creating ./config.status

## ---------------------- ##
## Running config.status. ##
## ---------------------- ##

This file was extended by LTO plugin for ld config.status 0.1, which was
generated by GNU Autoconf 2.64.  Invocation command line was

  CONFIG_FILES    = 
  CONFIG_HEADERS  = 
  CONFIG_LINKS    = 
  CONFIG_COMMANDS = 
  $ ./config.status 

on tsujiyuuki-no-MacBook-Pro.local

config.status:1073: creating Makefile
config.status:1073: creating config.h
config.status:1286: executing depfiles commands
config.status:1286: executing libtool commands

## ---------------- ##
## Cache variables. ##
## ---------------- ##

ac_cv_build=x86_64-apple-darwin14.4.0
ac_cv_c_compiler_gnu=yes
ac_cv_c_int64_t=yes
ac_cv_c_uint64_t=yes
ac_cv_env_CC_set=set
ac_cv_env_CC_value=gcc
ac_cv_env_CFLAGS_set=set
ac_cv_env_CFLAGS_value='-g -O2'
ac_cv_env_CPPFLAGS_set=
ac_cv_env_CPPFLAGS_value=
ac_cv_env_CPP_set=
ac_cv_env_CPP_value=
ac_cv_env_LDFLAGS_set=set
ac_cv_env_LDFLAGS_value=' '
ac_cv_env_LIBS_set=
ac_cv_env_LIBS_value=
ac_cv_env_build_alias_set=set
ac_cv_env_build_alias_value=x86_64-apple-darwin14.4.0
ac_cv_env_host_alias_set=set
ac_cv_env_host_alias_value=x86_64-apple-darwin14.4.0
ac_cv_env_target_alias_set=set
ac_cv_env_target_alias_value=h8300-elf
ac_cv_header_dlfcn_h=yes
ac_cv_header_inttypes_h=yes
ac_cv_header_memory_h=yes
ac_cv_header_stdc=yes
ac_cv_header_stdint_h=yes
ac_cv_header_stdlib_h=yes
ac_cv_header_string_h=yes
ac_cv_header_strings_h=yes
ac_cv_header_sys_stat_h=yes
ac_cv_header_sys_types_h=yes
ac_cv_header_sys_wait_h=yes
ac_cv_header_unistd_h=yes
ac_cv_host=x86_64-apple-darwin14.4.0
ac_cv_objext=o
ac_cv_path_EGREP='/usr/bin/grep -E'
ac_cv_path_FGREP='/usr/bin/grep -F'
ac_cv_path_GREP=/usr/bin/grep
ac_cv_path_SED=/usr/bin/sed
ac_cv_prog_AR=ar
ac_cv_prog_AWK=awk
ac_cv_prog_CC=gcc
ac_cv_prog_CPP='gcc -E'
ac_cv_prog_OBJDUMP=objdump
ac_cv_prog_RANLIB=ranlib
ac_cv_prog_ac_ct_DSYMUTIL=dsymutil
ac_cv_prog_ac_ct_LIPO=lipo
ac_cv_prog_ac_ct_NMEDIT=nmedit
ac_cv_prog_ac_ct_OTOOL=otool
ac_cv_prog_ac_ct_STRIP=strip
ac_cv_prog_cc_c89=
ac_cv_prog_cc_g=yes
ac_cv_prog_make__Applications_Xcode_app_Contents_Developer_usr_bin_make_set=yes
ac_cv_sys_file_offset_bits=no
ac_cv_sys_largefile_CC=no
ac_cv_target=h8300-unknown-elf
acx_cv_prog_cc_warning__Wall=yes
am_cv_CC_dependencies_compiler_type=gcc3
lt_cv_apple_cc_single_mod=yes
lt_cv_deplibs_check_method=pass_all
lt_cv_file_magic_cmd='$MAGIC_CMD'
lt_cv_file_magic_test_file=
lt_cv_ld_exported_symbols_list=yes
lt_cv_ld_force_load=yes
lt_cv_ld_reload_flag=-r
lt_cv_nm_interface='BSD nm'
lt_cv_objdir=.libs
lt_cv_path_LD=/Applications/Xcode.app/Contents/Developer/Toolchains/XcodeDefault.xctoolchain/usr/bin/ld
lt_cv_path_NM=nm
lt_cv_prog_compiler_c_o=yes
lt_cv_prog_compiler_pic_works=yes
lt_cv_prog_compiler_rtti_exceptions=yes
lt_cv_prog_compiler_static_works=no
lt_cv_prog_gnu_ld=no
lt_cv_sys_global_symbol_pipe='sed -n -e '\''s/^.*[	 ]\([BCDEGRST][BCDEGRST]*\)[	 ][	 ]*_\([_A-Za-z][_A-Za-z0-9]*\)$/\1 _\2 \2/p'\'''
lt_cv_sys_global_symbol_to_c_name_address='sed -n -e '\''s/^: \([^ ]*\) $/  {\"\1\", (void *) 0},/p'\'' -e '\''s/^[BCDEGRST]* \([^ ]*\) \([^ ]*\)$/  {"\2", (void *) \&\2},/p'\'''
lt_cv_sys_global_symbol_to_c_name_address_lib_prefix='sed -n -e '\''s/^: \([^ ]*\) $/  {\"\1\", (void *) 0},/p'\'' -e '\''s/^[BCDEGRST]* \([^ ]*\) \(lib[^ ]*\)$/  {"\2", (void *) \&\2},/p'\'' -e '\''s/^[BCDEGRST]* \([^ ]*\) \([^ ]*\)$/  {"lib\2", (void *) \&\2},/p'\'''
lt_cv_sys_global_symbol_to_cdecl='sed -n -e '\''s/^T .* \(.*\)$/extern int \1();/p'\'' -e '\''s/^[BCDEGRST]* .* \(.*\)$/extern char \1;/p'\'''
lt_cv_sys_max_cmd_len=196608

## ----------------- ##
## Output variables. ##
## ----------------- ##

ACLOCAL='${SHELL} /Users/tsujiyuuki/Dropbox/For_Programming/12step/build/gcc-4.7.1/missing --run aclocal-1.11'
AMDEPBACKSLASH='\'
AMDEP_FALSE='#'
AMDEP_TRUE=''
AMTAR='${SHELL} /Users/tsujiyuuki/Dropbox/For_Programming/12step/build/gcc-4.7.1/missing --run tar'
AR='ar'
AUTOCONF='${SHELL} /Users/tsujiyuuki/Dropbox/For_Programming/12step/build/gcc-4.7.1/missing --run autoconf'
AUTOHEADER='${SHELL} /Users/tsujiyuuki/Dropbox/For_Programming/12step/build/gcc-4.7.1/missing --run autoheader'
AUTOMAKE='${SHELL} /Users/tsujiyuuki/Dropbox/For_Programming/12step/build/gcc-4.7.1/missing --run automake-1.11'
AWK='awk'
CC='gcc'
CCDEPMODE='depmode=gcc3'
CFLAGS='-g -O2'
CPP='gcc -E'
CPPFLAGS=''
CYGPATH_W='echo'
DEFS='-DHAVE_CONFIG_H'
DEPDIR='.deps'
DSYMUTIL='dsymutil'
DUMPBIN=''
ECHO_C='\c'
ECHO_N=''
ECHO_T=''
EGREP='/usr/bin/grep -E'
EXEEXT=''
FGREP='/usr/bin/grep -F'
GREP='/usr/bin/grep'
INSTALL_DATA='/usr/bin/install -c -m 644'
INSTALL_PROGRAM='/usr/bin/install -c'
INSTALL_SCRIPT='/usr/bin/install -c'
INSTALL_STRIP_PROGRAM='$(install_sh) -c -s'
LD='/Applications/Xcode.app/Contents/Developer/Toolchains/XcodeDefault.xctoolchain/usr/bin/ld'
LDFLAGS=' '
LIBOBJS=''
LIBS=''
LIBTOOL='$(SHELL) $(top_builddir)/libtool'
LIPO='lipo'
LN_S='ln -s'
LTLIBOBJS=''
MAINT='#'
MAINTAINER_MODE_FALSE=''
MAINTAINER_MODE_TRUE='#'
MAKEINFO='makeinfo --split-size=5000000'
MKDIR_P='../.././lto-plugin/../install-sh -c -d'
NM='nm'
NMEDIT='nmedit'
OBJDUMP='objdump'
OBJEXT='o'
OTOOL64=':'
OTOOL='otool'
PACKAGE='lto-plugin'
PACKAGE_BUGREPORT=''
PACKAGE_NAME='LTO plugin for ld'
PACKAGE_STRING='LTO plugin for ld 0.1'
PACKAGE_TARNAME='lto-plugin'
PACKAGE_URL=''
PACKAGE_VERSION='0.1'
PATH_SEPARATOR=':'
RANLIB='ranlib'
SED='/usr/bin/sed'
SET_MAKE=''
SHELL='/bin/sh'
STRIP='strip'
VERSION='0.1'
ac_ct_CC=''
ac_ct_DUMPBIN=''
ac_lto_plugin_warn_cflags='-Wall'
am__EXEEXT_FALSE=''
am__EXEEXT_TRUE='#'
am__fastdepCC_FALSE='#'
am__fastdepCC_TRUE=''
am__include='include'
am__isrc=' -I$(srcdir)'
am__leading_dot='.'
am__quote=''
am__tar='${AMTAR} chof - "$$tardir"'
am__untar='${AMTAR} xf -'
bindir='${exec_prefix}/bin'
build='x86_64-apple-darwin14.4.0'
build_alias='x86_64-apple-darwin14.4.0'
build_cpu='x86_64'
build_libsubdir='build-x86_64-apple-darwin14.4.0'
build_os='darwin14.4.0'
build_subdir='build-x86_64-apple-darwin14.4.0'
build_vendor='apple'
datadir='${datarootdir}'
datarootdir='${prefix}/share'
docdir='${datarootdir}/doc/${PACKAGE_TARNAME}'
dvidir='${docdir}'
exec_prefix='${prefix}'
host='x86_64-apple-darwin14.4.0'
host_alias='x86_64-apple-darwin14.4.0'
host_cpu='x86_64'
host_os='darwin14.4.0'
host_subdir='host-x86_64-apple-darwin14.4.0'
host_vendor='apple'
htmldir='${docdir}'
includedir='${prefix}/include'
infodir='${datarootdir}/info'
install_sh='${SHELL} /Users/tsujiyuuki/Dropbox/For_Programming/12step/build/gcc-4.7.1/install-sh'
libdir='${exec_prefix}/lib'
libexecdir='${exec_prefix}/libexec'
localedir='${datarootdir}/locale'
localstatedir='${prefix}/var'
lt_host_flags=''
mandir='${datarootdir}/man'
mkdir_p='$(top_builddir)/../.././lto-plugin/../install-sh -c -d'
oldincludedir='/usr/include'
pdfdir='${docdir}'
prefix='/Users/tsujiyuuki/Dropbox/For_Programming/12step/tools'
program_transform_name='s&^&h8300-elf-&'
psdir='${docdir}'
sbindir='${exec_prefix}/sbin'
sharedstatedir='${prefix}/com'
sysconfdir='${prefix}/etc'
target='h8300-unknown-elf'
target_alias='h8300-elf'
target_cpu='h8300'
target_noncanonical='h8300-elf'
target_os='elf'
target_subdir='h8300-elf'
target_vendor='unknown'

## ----------- ##
## confdefs.h. ##
## ----------- ##

/* confdefs.h */
#define PACKAGE_NAME "LTO plugin for ld"
#define PACKAGE_TARNAME "lto-plugin"
#define PACKAGE_VERSION "0.1"
#define PACKAGE_STRING "LTO plugin for ld 0.1"
#define PACKAGE_BUGREPORT ""
#define PACKAGE_URL ""
#define PACKAGE "lto-plugin"
#define VERSION "0.1"
#define STDC_HEADERS 1
#define HAVE_SYS_TYPES_H 1
#define HAVE_SYS_STAT_H 1
#define HAVE_STDLIB_H 1
#define HAVE_STRING_H 1
#define HAVE_MEMORY_H 1
#define HAVE_STRINGS_H 1
#define HAVE_INTTYPES_H 1
#define HAVE_STDINT_H 1
#define HAVE_UNISTD_H 1
#define HAVE_DLFCN_H 1
#define LT_OBJDIR ".libs/"
#define HAVE_SYS_WAIT_H 1

configure: exit 0
